popup.js:1 Start
popup.js:258 Click
popup.js:293 this is https://steamcommunity.com/market/listings/730/London%202018%20Mirage%20Souvenir%20Package
popup.js:300 start
popup.js:316 NoDecodeP250 | Костяная маска
popup.js:316 NoDecodeFive-SeveN | Наемник
popup.js:316 NoDecodeAUG | Колония
popup.js:316 NoDecodeG3SG1 | Африканская сетка
popup.js:316 NoDecodeP90 | Сажа
popup.js:316 NoDecodeGalil AR | Охотничья будка
popup.js:316 NoDecodeGlock-18 | Грунтовая вода
popup.js:316 NoDecodeMP7 | Апельсиновая корка
popup.js:316 NoDecodeSSG 08 | Тропическая гроза
popup.js:316 NoDecodeNegev | Калифорнийский камуфляж
popup.js:316 NoDecodeSG 553 | Крокодиловая сетка
popup.js:316 NoDecodeMP9 | Хот-род
popup.js:316 NoDecodeUMP-45 | Пламя
popup.js:316 NoDecodeMAC-10 | Янтарный градиент
popup.js:316 NoDecodeMAG-7 | Бульдозер
popup.js:321 15
popup.js:322 (15) ["P250 | Костяная маска", "Five-SeveN | Наемник", "AUG | Колония", "G3SG1 | Африканская сетка", "P90 | Сажа", "Galil AR | Охотничья будка", "Glock-18 | Грунтовая вода", "MP7 | Апельсиновая корка", "SSG 08 | Тропическая гроза", "Negev | Калифорнийский камуфляж", "SG 553 | Крокодиловая сетка", "MP9 | Хот-род", "UMP-45 | Пламя", "MAC-10 | Янтарный градиент", "MAG-7 | Бульдозер"]
popup.js:338 DecodeP250 | Костяная маска
popup.js:339 NoDecodeP250 | Костяная маска
popup.js:348 Box price is -----------------------170,90 pуб.---------------------------------
popup.js:349 URLDECODE=https://steamcommunity.com/market/search?q=P250%20%7C%20%D0%9A%D0%BE%D1%81%D1%82%D1%8F%D0%BD%D0%B0%D1%8F%20%D0%BC%D0%B0%D1%81%D0%BA%D0%B0
popup.js:353 price is --------16,23 pуб.--------  || and Name is P250 | Костяная маска
popup.js:354 -------------------------------------------------------
popup.js:338 DecodeFive-SeveN | Наемник
popup.js:339 NoDecodeFive-SeveN | Наемник
popup.js:348 Box price is -----------------------170,90 pуб.---------------------------------
popup.js:349 URLDECODE=https://steamcommunity.com/market/search?q=Five-SeveN%20%7C%20%D0%9D%D0%B0%D0%B5%D0%BC%D0%BD%D0%B8%D0%BA
popup.js:353 price is --------19,59 pуб.--------  || and Name is Five-SeveN | Наемник
popup.js:354 -------------------------------------------------------
popup.js:338 DecodeAUG | Колония
popup.js:339 NoDecodeAUG | Колония
popup.js:348 Box price is -----------------------170,90 pуб.---------------------------------
popup.js:349 URLDECODE=https://steamcommunity.com/market/search?q=AUG%20%7C%20%D0%9A%D0%BE%D0%BB%D0%BE%D0%BD%D0%B8%D1%8F
popup.js:353 price is --------16,30 pуб.--------  || and Name is AUG | Колония
popup.js:354 -------------------------------------------------------
popup.js:338 DecodeG3SG1 | Африканская сетка
popup.js:339 NoDecodeG3SG1 | Африканская сетка
popup.js:348 Box price is -----------------------170,90 pуб.---------------------------------
popup.js:349 URLDECODE=https://steamcommunity.com/market/search?q=G3SG1%20%7C%20%D0%90%D1%84%D1%80%D0%B8%D0%BA%D0%B0%D0%BD%D1%81%D0%BA%D0%B0%D1%8F%20%D1%81%D0%B5%D1%82%D0%BA%D0%B0
popup.js:353 price is --------84,63 pуб.--------  || and Name is G3SG1 | Африканская сетка
popup.js:354 -------------------------------------------------------
popup.js:338 DecodeP90 | Сажа
popup.js:339 NoDecodeP90 | Сажа
popup.js:348 Box price is -----------------------170,90 pуб.---------------------------------
popup.js:349 URLDECODE=https://steamcommunity.com/market/search?q=P90%20%7C%20%D0%A1%D0%B0%D0%B6%D0%B0
popup.js:353 price is --------12,76 pуб.--------  || and Name is P90 | Сажа
popup.js:354 -------------------------------------------------------
popup.js:338 DecodeGalil AR | Охотничья будка
popup.js:339 NoDecodeGalil AR | Охотничья будка
popup.js:348 Box price is -----------------------170,90 pуб.---------------------------------
popup.js:349 URLDECODE=https://steamcommunity.com/market/search?q=Galil%20AR%20%7C%20%D0%9E%D1%85%D0%BE%D1%82%D0%BD%D0%B8%D1%87%D1%8C%D1%8F%20%D0%B1%D1%83%D0%B4%D0%BA%D0%B0
popup.js:353 price is --------33,55 pуб.--------  || and Name is Galil AR | Охотничья будка
popup.js:354 -------------------------------------------------------
popup.js:338 DecodeGlock-18 | Грунтовая вода
popup.js:339 NoDecodeGlock-18 | Грунтовая вода
popup.js:348 Box price is -----------------------170,90 pуб.---------------------------------
popup.js:349 URLDECODE=https://steamcommunity.com/market/search?q=Glock-18%20%7C%20%D0%93%D1%80%D1%83%D0%BD%D1%82%D0%BE%D0%B2%D0%B0%D1%8F%20%D0%B2%D0%BE%D0%B4%D0%B0
popup.js:353 price is --------123,25 pуб.--------  || and Name is Glock-18 | Грунтовая вода
popup.js:354 -------------------------------------------------------
popup.js:338 DecodeMP7 | Апельсиновая корка
popup.js:339 NoDecodeMP7 | Апельсиновая корка
popup.js:348 Box price is -----------------------170,90 pуб.---------------------------------
popup.js:349 URLDECODE=https://steamcommunity.com/market/search?q=MP7%20%7C%20%D0%90%D0%BF%D0%B5%D0%BB%D1%8C%D1%81%D0%B8%D0%BD%D0%BE%D0%B2%D0%B0%D1%8F%20%D0%BA%D0%BE%D1%80%D0%BA%D0%B0
popup.js:353 price is --------108,25 pуб.--------  || and Name is MP7 | Апельсиновая корка
popup.js:354 -------------------------------------------------------
popup.js:338 DecodeSSG 08 | Тропическая гроза
popup.js:339 NoDecodeSSG 08 | Тропическая гроза
popup.js:348 Box price is -----------------------170,90 pуб.---------------------------------
popup.js:349 URLDECODE=https://steamcommunity.com/market/search?q=SSG%2008%20%7C%20%D0%A2%D1%80%D0%BE%D0%BF%D0%B8%D1%87%D0%B5%D1%81%D0%BA%D0%B0%D1%8F%20%D0%B3%D1%80%D0%BE%D0%B7%D0%B0
popup.js:353 price is --------106,38 pуб.--------  || and Name is SSG 08 | Тропическая гроза
popup.js:354 -------------------------------------------------------
popup.js:338 DecodeNegev | Калифорнийский камуфляж
popup.js:339 NoDecodeNegev | Калифорнийский камуфляж
popup.js:348 Box price is -----------------------170,90 pуб.---------------------------------
popup.js:349 URLDECODE=https://steamcommunity.com/market/search?q=Negev%20%7C%20%D0%9A%D0%B0%D0%BB%D0%B8%D1%84%D0%BE%D1%80%D0%BD%D0%B8%D0%B9%D1%81%D0%BA%D0%B8%D0%B9%20%D0%BA%D0%B0%D0%BC%D1%83%D1%84%D0%BB%D1%8F%D0%B6
popup.js:353 price is --------157,33 pуб.--------  || and Name is Negev | Калифорнийский камуфляж
popup.js:354 -------------------------------------------------------
popup.js:338 DecodeSG 553 | Крокодиловая сетка
popup.js:339 NoDecodeSG 553 | Крокодиловая сетка
popup.js:348 Box price is -----------------------170,90 pуб.---------------------------------
popup.js:349 URLDECODE=https://steamcommunity.com/market/search?q=SG%20553%20%7C%20%D0%9A%D1%80%D0%BE%D0%BA%D0%BE%D0%B4%D0%B8%D0%BB%D0%BE%D0%B2%D0%B0%D1%8F%20%D1%81%D0%B5%D1%82%D0%BA%D0%B0
popup.js:353 price is --------124,59 pуб.--------  || and Name is SG 553 | Крокодиловая сетка
popup.js:354 -------------------------------------------------------
popup.js:338 DecodeMP9 | Хот-род
popup.js:339 NoDecodeMP9 | Хот-род
popup.js:348 Box price is -----------------------170,90 pуб.---------------------------------
popup.js:349 URLDECODE=https://steamcommunity.com/market/search?q=MP9%20%7C%20%D0%A5%D0%BE%D1%82-%D1%80%D0%BE%D0%B4
popup.js:353 price is --------988,16 pуб.--------  || and Name is MP9 | Хот-род
popup.js:354 -------------------------------------------------------
popup.js:338 DecodeUMP-45 | Пламя
popup.js:339 NoDecodeUMP-45 | Пламя
popup.js:348 Box price is -----------------------170,90 pуб.---------------------------------
popup.js:349 URLDECODE=https://steamcommunity.com/market/search?q=UMP-45%20%7C%20%D0%9F%D0%BB%D0%B0%D0%BC%D1%8F
popup.js:353 price is --------2658,07 pуб.--------  || and Name is UMP-45 | Пламя
popup.js:354 -------------------------------------------------------
popup.js:338 DecodeMAC-10 | Янтарный градиент
popup.js:339 NoDecodeMAC-10 | Янтарный градиент
popup.js:348 Box price is -----------------------170,90 pуб.---------------------------------
popup.js:349 URLDECODE=https://steamcommunity.com/market/search?q=MAC-10%20%7C%20%D0%AF%D0%BD%D1%82%D0%B0%D1%80%D0%BD%D1%8B%D0%B9%20%D0%B3%D1%80%D0%B0%D0%B4%D0%B8%D0%B5%D0%BD%D1%82
popup.js:353 price is --------762,41 pуб.--------  || and Name is MAC-10 | Янтарный градиент
popup.js:354 -------------------------------------------------------
popup.js:338 DecodeMAG-7 | Бульдозер
popup.js:339 NoDecodeMAG-7 | Бульдозер
popup.js:348 Box price is -----------------------170,90 pуб.---------------------------------
popup.js:349 URLDECODE=https://steamcommunity.com/market/search?q=MAG-7%20%7C%20%D0%91%D1%83%D0%BB%D1%8C%D0%B4%D0%BE%D0%B7%D0%B5%D1%80
popup.js:353 price is --------92,79 pуб.--------  || and Name is MAG-7 | Бульдозер
popup.js:354 -------------------------------------------------------
popup.js:293 this is https://steamcommunity.com/market/listings/730/Krakow%202017%20Train%20Souvenir%20Package
popup.js:300 start
popup.js:316 NoDecodeUMP-45 | Пиксельный камуфляж «Город»
popup.js:316 NoDecodeDual Berettas | Колония
popup.js:316 NoDecodeG3SG1 | Полярный камуфляж
popup.js:316 NoDecodeFive-SeveN | Лесная ночь
popup.js:316 NoDecodeNova | Полярная сетка
popup.js:316 NoDecodeПП-19 Бизон | Городская штриховка
popup.js:316 NoDecodeMAC-10 | Карамельное яблоко
popup.js:316 NoDecodeM4A4 | Пиксельный камуфляж «Город»
popup.js:316 NoDecodeMAG-7 | Пиксельный камуфляж «Металлический»
popup.js:316 NoDecodeP250 | Пиксельный камуфляж «Металлический»
popup.js:316 NoDecodeSCAR-20 | Углепластик
popup.js:316 NoDecodeP90 | Ясень
popup.js:316 NoDecodeDesert Eagle | Городской щебень
popup.js:316 NoDecodeSawed-Off | Янтарный градиент
popup.js:316 NoDecodeTec-9 | Красный кварц
popup.js:321 15
popup.js:322 (15) ["UMP-45 | Пиксельный камуфляж «Город»", "Dual Berettas | Колония", "G3SG1 | Полярный камуфляж", "Five-SeveN | Лесная ночь", "Nova | Полярная сетка", "ПП-19 Бизон | Городская штриховка", "MAC-10 | Карамельное яблоко", "M4A4 | Пиксельный камуфляж «Город»", "MAG-7 | Пиксельный камуфляж «Металлический»", "P250 | Пиксельный камуфляж «Металлический»", "SCAR-20 | Углепластик", "P90 | Ясень", "Desert Eagle | Городской щебень", "Sawed-Off | Янтарный градиент", "Tec-9 | Красный кварц"]
popup.js:338 DecodeUMP-45 | Пиксельный камуфляж «Город»
popup.js:339 NoDecodeUMP-45 | Пиксельный камуфляж «Город»
popup.js:348 Box price is -----------------------232,98 pуб.---------------------------------
popup.js:349 URLDECODE=https://steamcommunity.com/market/search?q=UMP-45%20%7C%20%D0%9F%D0%B8%D0%BA%D1%81%D0%B5%D0%BB%D1%8C%D0%BD%D1%8B%D0%B9%20%D0%BA%D0%B0%D0%BC%D1%83%D1%84%D0%BB%D1%8F%D0%B6%20%C2%AB%D0%93%D0%BE%D1%80%D0%BE%D0%B4%C2%BB
popup.js:353 price is --------0,75 pуб.--------  || and Name is UMP-45 | Пиксельный камуфляж «Город»
popup.js:354 -------------------------------------------------------
popup.js:338 DecodeDual Berettas | Колония
popup.js:339 NoDecodeDual Berettas | Колония
popup.js:348 Box price is -----------------------232,98 pуб.---------------------------------
popup.js:349 URLDECODE=https://steamcommunity.com/market/search?q=Dual%20Berettas%20%7C%20%D0%9A%D0%BE%D0%BB%D0%BE%D0%BD%D0%B8%D1%8F
popup.js:353 price is --------0,71 pуб.--------  || and Name is Dual Berettas | Колония
popup.js:354 -------------------------------------------------------
popup.js:338 DecodeG3SG1 | Полярный камуфляж
popup.js:339 NoDecodeG3SG1 | Полярный камуфляж
popup.js:348 Box price is -----------------------232,98 pуб.---------------------------------
popup.js:349 URLDECODE=https://steamcommunity.com/market/search?q=G3SG1%20%7C%20%D0%9F%D0%BE%D0%BB%D1%8F%D1%80%D0%BD%D1%8B%D0%B9%20%D0%BA%D0%B0%D0%BC%D1%83%D1%84%D0%BB%D1%8F%D0%B6
popup.js:353 price is --------0,71 pуб.--------  || and Name is G3SG1 | Полярный камуфляж
popup.js:354 -------------------------------------------------------
popup.js:338 DecodeFive-SeveN | Лесная ночь
popup.js:339 NoDecodeFive-SeveN | Лесная ночь
popup.js:348 Box price is -----------------------232,98 pуб.---------------------------------
popup.js:349 URLDECODE=https://steamcommunity.com/market/search?q=Five-SeveN%20%7C%20%D0%9B%D0%B5%D1%81%D0%BD%D0%B0%D1%8F%20%D0%BD%D0%BE%D1%87%D1%8C
popup.js:353 price is --------0,88 pуб.--------  || and Name is Five-SeveN | Лесная ночь
popup.js:354 -------------------------------------------------------
popup.js:338 DecodeNova | Полярная сетка
popup.js:339 NoDecodeNova | Полярная сетка
popup.js:348 Box price is -----------------------232,98 pуб.---------------------------------
popup.js:349 URLDECODE=https://steamcommunity.com/market/search?q=Nova%20%7C%20%D0%9F%D0%BE%D0%BB%D1%8F%D1%80%D0%BD%D0%B0%D1%8F%20%D1%81%D0%B5%D1%82%D0%BA%D0%B0
popup.js:353 price is --------0,71 pуб.--------  || and Name is Nova | Полярная сетка
popup.js:354 -------------------------------------------------------
popup.js:338 DecodeПП-19 Бизон | Городская штриховка
popup.js:339 NoDecodeПП-19 Бизон | Городская штриховка
popup.js:348 Box price is -----------------------232,98 pуб.---------------------------------
popup.js:349 URLDECODE=https://steamcommunity.com/market/search?q=%D0%9F%D0%9F-19%20%D0%91%D0%B8%D0%B7%D0%BE%D0%BD%20%7C%20%D0%93%D0%BE%D1%80%D0%BE%D0%B4%D1%81%D0%BA%D0%B0%D1%8F%20%D1%88%D1%82%D1%80%D0%B8%D1%85%D0%BE%D0%B2%D0%BA%D0%B0
popup.js:353 price is --------0,79 pуб.--------  || and Name is ПП-19 Бизон | Городская штриховка
popup.js:354 -------------------------------------------------------
popup.js:338 DecodeMAC-10 | Карамельное яблоко
popup.js:339 NoDecodeMAC-10 | Карамельное яблоко
popup.js:348 Box price is -----------------------232,98 pуб.---------------------------------
popup.js:349 URLDECODE=https://steamcommunity.com/market/search?q=MAC-10%20%7C%20%D0%9A%D0%B0%D1%80%D0%B0%D0%BC%D0%B5%D0%BB%D1%8C%D0%BD%D0%BE%D0%B5%20%D1%8F%D0%B1%D0%BB%D0%BE%D0%BA%D0%BE
popup.js:353 price is --------4,36 pуб.--------  || and Name is MAC-10 | Карамельное яблоко
popup.js:354 -------------------------------------------------------
popup.js:338 DecodeM4A4 | Пиксельный камуфляж «Город»
popup.js:339 NoDecodeM4A4 | Пиксельный камуфляж «Город»
popup.js:348 Box price is -----------------------232,98 pуб.---------------------------------
popup.js:349 URLDECODE=https://steamcommunity.com/market/search?q=M4A4%20%7C%20%D0%9F%D0%B8%D0%BA%D1%81%D0%B5%D0%BB%D1%8C%D0%BD%D1%8B%D0%B9%20%D0%BA%D0%B0%D0%BC%D1%83%D1%84%D0%BB%D1%8F%D0%B6%20%C2%AB%D0%93%D0%BE%D1%80%D0%BE%D0%B4%C2%BB
popup.js:353 price is --------7,08 pуб.--------  || and Name is M4A4 | Пиксельный камуфляж «Город»
popup.js:354 -------------------------------------------------------
popup.js:338 DecodeMAG-7 | Пиксельный камуфляж «Металлический»
popup.js:339 NoDecodeMAG-7 | Пиксельный камуфляж «Металлический»
popup.js:348 Box price is -----------------------232,98 pуб.---------------------------------
popup.js:349 URLDECODE=https://steamcommunity.com/market/search?q=MAG-7%20%7C%20%D0%9F%D0%B8%D0%BA%D1%81%D0%B5%D0%BB%D1%8C%D0%BD%D1%8B%D0%B9%20%D0%BA%D0%B0%D0%BC%D1%83%D1%84%D0%BB%D1%8F%D0%B6%20%C2%AB%D0%9C%D0%B5%D1%82%D0%B0%D0%BB%D0%BB%D0%B8%D1%87%D0%B5%D1%81%D0%BA%D0%B8%D0%B9%C2%BB
popup.js:353 price is --------5,63 pуб.--------  || and Name is MAG-7 | Пиксельный камуфляж «Металлический»
popup.js:354 -------------------------------------------------------
popup.js:338 DecodeP250 | Пиксельный камуфляж «Металлический»
popup.js:339 NoDecodeP250 | Пиксельный камуфляж «Металлический»
popup.js:348 Box price is -----------------------232,98 pуб.---------------------------------
popup.js:349 URLDECODE=https://steamcommunity.com/market/search?q=P250%20%7C%20%D0%9F%D0%B8%D0%BA%D1%81%D0%B5%D0%BB%D1%8C%D0%BD%D1%8B%D0%B9%20%D0%BA%D0%B0%D0%BC%D1%83%D1%84%D0%BB%D1%8F%D0%B6%20%C2%AB%D0%9C%D0%B5%D1%82%D0%B0%D0%BB%D0%BB%D0%B8%D1%87%D0%B5%D1%81%D0%BA%D0%B8%D0%B9%C2%BB
popup.js:353 price is --------6,24 pуб.--------  || and Name is P250 | Пиксельный камуфляж «Металлический»
popup.js:354 -------------------------------------------------------
popup.js:338 DecodeSCAR-20 | Углепластик
popup.js:339 NoDecodeSCAR-20 | Углепластик
popup.js:348 Box price is -----------------------232,98 pуб.---------------------------------
popup.js:349 URLDECODE=https://steamcommunity.com/market/search?q=SCAR-20%20%7C%20%D0%A3%D0%B3%D0%BB%D0%B5%D0%BF%D0%BB%D0%B0%D1%81%D1%82%D0%B8%D0%BA
popup.js:353 price is --------3,99 pуб.--------  || and Name is SCAR-20 | Углепластик
popup.js:354 -------------------------------------------------------
popup.js:338 DecodeP90 | Ясень
popup.js:339 NoDecodeP90 | Ясень
popup.js:348 Box price is -----------------------232,98 pуб.---------------------------------
popup.js:349 URLDECODE=https://steamcommunity.com/market/search?q=P90%20%7C%20%D0%AF%D1%81%D0%B5%D0%BD%D1%8C
popup.js:353 price is --------2,84 pуб.--------  || and Name is P90 | Ясень
popup.js:354 -------------------------------------------------------
popup.js:338 DecodeDesert Eagle | Городской щебень
popup.js:339 NoDecodeDesert Eagle | Городской щебень
popup.js:348 Box price is -----------------------232,98 pуб.---------------------------------
popup.js:349 URLDECODE=https://steamcommunity.com/market/search?q=Desert%20Eagle%20%7C%20%D0%93%D0%BE%D1%80%D0%BE%D0%B4%D1%81%D0%BA%D0%BE%D0%B9%20%D1%89%D0%B5%D0%B1%D0%B5%D0%BD%D1%8C
popup.js:353 price is --------15,08 pуб.--------  || and Name is Desert Eagle | Городской щебень
popup.js:354 -------------------------------------------------------
popup.js:338 DecodeSawed-Off | Янтарный градиент
popup.js:339 NoDecodeSawed-Off | Янтарный градиент
popup.js:348 Box price is -----------------------232,98 pуб.---------------------------------
popup.js:349 URLDECODE=https://steamcommunity.com/market/search?q=Sawed-Off%20%7C%20%D0%AF%D0%BD%D1%82%D0%B0%D1%80%D0%BD%D1%8B%D0%B9%20%D0%B3%D1%80%D0%B0%D0%B4%D0%B8%D0%B5%D0%BD%D1%82
popup.js:353 price is --------10,48 pуб.--------  || and Name is Sawed-Off | Янтарный градиент
popup.js:354 -------------------------------------------------------
popup.js:338 DecodeTec-9 | Красный кварц
popup.js:339 NoDecodeTec-9 | Красный кварц
popup.js:348 Box price is -----------------------232,98 pуб.---------------------------------
popup.js:349 URLDECODE=https://steamcommunity.com/market/search?q=Tec-9%20%7C%20%D0%9A%D1%80%D0%B0%D1%81%D0%BD%D1%8B%D0%B9%20%D0%BA%D0%B2%D0%B0%D1%80%D1%86
popup.js:353 price is --------32,92 pуб.--------  || and Name is Tec-9 | Красный кварц
popup.js:354 -------------------------------------------------------
popup.js:293 this is https://steamcommunity.com/market/listings/730/Atlanta%202017%20Train%20Souvenir%20Package
popup.js:300 start
popup.js:316 NoDecodeUMP-45 | Пиксельный камуфляж «Город»
popup.js:316 NoDecodeDual Berettas | Колония
popup.js:316 NoDecodeG3SG1 | Полярный камуфляж
popup.js:316 NoDecodeFive-SeveN | Лесная ночь
popup.js:316 NoDecodeNova | Полярная сетка
popup.js:316 NoDecodeПП-19 Бизон | Городская штриховка
popup.js:316 NoDecodeMAC-10 | Карамельное яблоко
popup.js:316 NoDecodeM4A4 | Пиксельный камуфляж «Город»
popup.js:316 NoDecodeMAG-7 | Пиксельный камуфляж «Металлический»
popup.js:316 NoDecodeP250 | Пиксельный камуфляж «Металлический»
popup.js:316 NoDecodeSCAR-20 | Углепластик
popup.js:316 NoDecodeP90 | Ясень
popup.js:316 NoDecodeDesert Eagle | Городской щебень
popup.js:316 NoDecodeSawed-Off | Янтарный градиент
popup.js:316 NoDecodeTec-9 | Красный кварц
popup.js:321 15
popup.js:322 (15) ["UMP-45 | Пиксельный камуфляж «Город»", "Dual Berettas | Колония", "G3SG1 | Полярный камуфляж", "Five-SeveN | Лесная ночь", "Nova | Полярная сетка", "ПП-19 Бизон | Городская штриховка", "MAC-10 | Карамельное яблоко", "M4A4 | Пиксельный камуфляж «Город»", "MAG-7 | Пиксельный камуфляж «Металлический»", "P250 | Пиксельный камуфляж «Металлический»", "SCAR-20 | Углепластик", "P90 | Ясень", "Desert Eagle | Городской щебень", "Sawed-Off | Янтарный градиент", "Tec-9 | Красный кварц"]
popup.js:338 DecodeUMP-45 | Пиксельный камуфляж «Город»
popup.js:339 NoDecodeUMP-45 | Пиксельный камуфляж «Город»
popup.js:348 Box price is -----------------------219,41 pуб.---------------------------------
popup.js:349 URLDECODE=https://steamcommunity.com/market/search?q=UMP-45%20%7C%20%D0%9F%D0%B8%D0%BA%D1%81%D0%B5%D0%BB%D1%8C%D0%BD%D1%8B%D0%B9%20%D0%BA%D0%B0%D0%BC%D1%83%D1%84%D0%BB%D1%8F%D0%B6%20%C2%AB%D0%93%D0%BE%D1%80%D0%BE%D0%B4%C2%BB
popup.js:353 price is --------0,75 pуб.--------  || and Name is UMP-45 | Пиксельный камуфляж «Город»
popup.js:354 -------------------------------------------------------
popup.js:338 DecodeDual Berettas | Колония
popup.js:339 NoDecodeDual Berettas | Колония
popup.js:348 Box price is -----------------------219,41 pуб.---------------------------------
popup.js:349 URLDECODE=https://steamcommunity.com/market/search?q=Dual%20Berettas%20%7C%20%D0%9A%D0%BE%D0%BB%D0%BE%D0%BD%D0%B8%D1%8F
popup.js:353 price is --------0,71 pуб.--------  || and Name is Dual Berettas | Колония
popup.js:354 -------------------------------------------------------
popup.js:338 DecodeG3SG1 | Полярный камуфляж
popup.js:339 NoDecodeG3SG1 | Полярный камуфляж
popup.js:348 Box price is -----------------------219,41 pуб.---------------------------------
popup.js:349 URLDECODE=https://steamcommunity.com/market/search?q=G3SG1%20%7C%20%D0%9F%D0%BE%D0%BB%D1%8F%D1%80%D0%BD%D1%8B%D0%B9%20%D0%BA%D0%B0%D0%BC%D1%83%D1%84%D0%BB%D1%8F%D0%B6
popup.js:353 price is --------0,71 pуб.--------  || and Name is G3SG1 | Полярный камуфляж
popup.js:354 -------------------------------------------------------
popup.js:338 DecodeFive-SeveN | Лесная ночь
popup.js:339 NoDecodeFive-SeveN | Лесная ночь
popup.js:348 Box price is -----------------------219,41 pуб.---------------------------------
popup.js:349 URLDECODE=https://steamcommunity.com/market/search?q=Five-SeveN%20%7C%20%D0%9B%D0%B5%D1%81%D0%BD%D0%B0%D1%8F%20%D0%BD%D0%BE%D1%87%D1%8C
popup.js:353 price is --------0,88 pуб.--------  || and Name is Five-SeveN | Лесная ночь
popup.js:354 -------------------------------------------------------
popup.js:338 DecodeNova | Полярная сетка
popup.js:339 NoDecodeNova | Полярная сетка
popup.js:348 Box price is -----------------------219,41 pуб.---------------------------------
popup.js:349 URLDECODE=https://steamcommunity.com/market/search?q=Nova%20%7C%20%D0%9F%D0%BE%D0%BB%D1%8F%D1%80%D0%BD%D0%B0%D1%8F%20%D1%81%D0%B5%D1%82%D0%BA%D0%B0
popup.js:353 price is --------0,71 pуб.--------  || and Name is Nova | Полярная сетка
popup.js:354 -------------------------------------------------------
popup.js:338 DecodeПП-19 Бизон | Городская штриховка
popup.js:339 NoDecodeПП-19 Бизон | Городская штриховка
popup.js:348 Box price is -----------------------219,41 pуб.---------------------------------
popup.js:349 URLDECODE=https://steamcommunity.com/market/search?q=%D0%9F%D0%9F-19%20%D0%91%D0%B8%D0%B7%D0%BE%D0%BD%20%7C%20%D0%93%D0%BE%D1%80%D0%BE%D0%B4%D1%81%D0%BA%D0%B0%D1%8F%20%D1%88%D1%82%D1%80%D0%B8%D1%85%D0%BE%D0%B2%D0%BA%D0%B0
popup.js:353 price is --------0,79 pуб.--------  || and Name is ПП-19 Бизон | Городская штриховка
popup.js:354 -------------------------------------------------------
popup.js:338 DecodeMAC-10 | Карамельное яблоко
popup.js:339 NoDecodeMAC-10 | Карамельное яблоко
popup.js:348 Box price is -----------------------219,41 pуб.---------------------------------
popup.js:349 URLDECODE=https://steamcommunity.com/market/search?q=MAC-10%20%7C%20%D0%9A%D0%B0%D1%80%D0%B0%D0%BC%D0%B5%D0%BB%D1%8C%D0%BD%D0%BE%D0%B5%20%D1%8F%D0%B1%D0%BB%D0%BE%D0%BA%D0%BE
popup.js:353 price is --------4,36 pуб.--------  || and Name is MAC-10 | Карамельное яблоко
popup.js:354 -------------------------------------------------------
popup.js:338 DecodeM4A4 | Пиксельный камуфляж «Город»
popup.js:339 NoDecodeM4A4 | Пиксельный камуфляж «Город»
popup.js:348 Box price is -----------------------219,41 pуб.---------------------------------
popup.js:349 URLDECODE=https://steamcommunity.com/market/search?q=M4A4%20%7C%20%D0%9F%D0%B8%D0%BA%D1%81%D0%B5%D0%BB%D1%8C%D0%BD%D1%8B%D0%B9%20%D0%BA%D0%B0%D0%BC%D1%83%D1%84%D0%BB%D1%8F%D0%B6%20%C2%AB%D0%93%D0%BE%D1%80%D0%BE%D0%B4%C2%BB
popup.js:353 price is --------7,08 pуб.--------  || and Name is M4A4 | Пиксельный камуфляж «Город»
popup.js:354 -------------------------------------------------------
popup.js:338 DecodeMAG-7 | Пиксельный камуфляж «Металлический»
popup.js:339 NoDecodeMAG-7 | Пиксельный камуфляж «Металлический»
popup.js:348 Box price is -----------------------219,41 pуб.---------------------------------
popup.js:349 URLDECODE=https://steamcommunity.com/market/search?q=MAG-7%20%7C%20%D0%9F%D0%B8%D0%BA%D1%81%D0%B5%D0%BB%D1%8C%D0%BD%D1%8B%D0%B9%20%D0%BA%D0%B0%D0%BC%D1%83%D1%84%D0%BB%D1%8F%D0%B6%20%C2%AB%D0%9C%D0%B5%D1%82%D0%B0%D0%BB%D0%BB%D0%B8%D1%87%D0%B5%D1%81%D0%BA%D0%B8%D0%B9%C2%BB
popup.js:353 price is --------5,63 pуб.--------  || and Name is MAG-7 | Пиксельный камуфляж «Металлический»
popup.js:354 -------------------------------------------------------
popup.js:338 DecodeP250 | Пиксельный камуфляж «Металлический»
popup.js:339 NoDecodeP250 | Пиксельный камуфляж «Металлический»
popup.js:348 Box price is -----------------------219,41 pуб.---------------------------------
popup.js:349 URLDECODE=https://steamcommunity.com/market/search?q=P250%20%7C%20%D0%9F%D0%B8%D0%BA%D1%81%D0%B5%D0%BB%D1%8C%D0%BD%D1%8B%D0%B9%20%D0%BA%D0%B0%D0%BC%D1%83%D1%84%D0%BB%D1%8F%D0%B6%20%C2%AB%D0%9C%D0%B5%D1%82%D0%B0%D0%BB%D0%BB%D0%B8%D1%87%D0%B5%D1%81%D0%BA%D0%B8%D0%B9%C2%BB
popup.js:353 price is --------6,24 pуб.--------  || and Name is P250 | Пиксельный камуфляж «Металлический»
popup.js:354 -------------------------------------------------------
popup.js:338 DecodeSCAR-20 | Углепластик
popup.js:339 NoDecodeSCAR-20 | Углепластик
popup.js:348 Box price is -----------------------219,41 pуб.---------------------------------
popup.js:349 URLDECODE=https://steamcommunity.com/market/search?q=SCAR-20%20%7C%20%D0%A3%D0%B3%D0%BB%D0%B5%D0%BF%D0%BB%D0%B0%D1%81%D1%82%D0%B8%D0%BA
popup.js:353 price is --------3,99 pуб.--------  || and Name is SCAR-20 | Углепластик
popup.js:354 -------------------------------------------------------
popup.js:338 DecodeP90 | Ясень
popup.js:339 NoDecodeP90 | Ясень
popup.js:348 Box price is -----------------------219,41 pуб.---------------------------------
popup.js:349 URLDECODE=https://steamcommunity.com/market/search?q=P90%20%7C%20%D0%AF%D1%81%D0%B5%D0%BD%D1%8C
popup.js:353 price is --------2,84 pуб.--------  || and Name is P90 | Ясень
popup.js:354 -------------------------------------------------------
popup.js:338 DecodeDesert Eagle | Городской щебень
popup.js:339 NoDecodeDesert Eagle | Городской щебень
popup.js:348 Box price is -----------------------219,41 pуб.---------------------------------
popup.js:349 URLDECODE=https://steamcommunity.com/market/search?q=Desert%20Eagle%20%7C%20%D0%93%D0%BE%D1%80%D0%BE%D0%B4%D1%81%D0%BA%D0%BE%D0%B9%20%D1%89%D0%B5%D0%B1%D0%B5%D0%BD%D1%8C
popup.js:353 price is --------15,08 pуб.--------  || and Name is Desert Eagle | Городской щебень
popup.js:354 -------------------------------------------------------
popup.js:338 DecodeSawed-Off | Янтарный градиент
popup.js:339 NoDecodeSawed-Off | Янтарный градиент
popup.js:348 Box price is -----------------------219,41 pуб.---------------------------------
popup.js:349 URLDECODE=https://steamcommunity.com/market/search?q=Sawed-Off%20%7C%20%D0%AF%D0%BD%D1%82%D0%B0%D1%80%D0%BD%D1%8B%D0%B9%20%D0%B3%D1%80%D0%B0%D0%B4%D0%B8%D0%B5%D0%BD%D1%82
popup.js:353 price is --------10,48 pуб.--------  || and Name is Sawed-Off | Янтарный градиент
popup.js:354 -------------------------------------------------------
popup.js:338 DecodeTec-9 | Красный кварц
popup.js:339 NoDecodeTec-9 | Красный кварц
popup.js:348 Box price is -----------------------219,41 pуб.---------------------------------
popup.js:349 URLDECODE=https://steamcommunity.com/market/search?q=Tec-9%20%7C%20%D0%9A%D1%80%D0%B0%D1%81%D0%BD%D1%8B%D0%B9%20%D0%BA%D0%B2%D0%B0%D1%80%D1%86
popup.js:353 price is --------32,92 pуб.--------  || and Name is Tec-9 | Красный кварц
popup.js:354 -------------------------------------------------------
popup.js:293 this is https://steamcommunity.com/market/listings/730/ESL%20One%20Cologne%202014%20Overpass%20Souvenir%20Package
popup.js:300 start
popup.js:316 NoDecodeM249 | Контрастные цвета
popup.js:316 NoDecodeMAG-7 | Гроза
popup.js:316 NoDecodeMP9 | Гроза
popup.js:316 NoDecodeSawed-Off | Белое напыление
popup.js:316 NoDecodeUMP-45 | Сажа
popup.js:316 NoDecodeMP7 | Пороховой дым
popup.js:316 NoDecodeDesert Eagle | Пиксельный камуфляж «Город»
popup.js:316 NoDecodeGlock-18 | Ночь
popup.js:316 NoDecodeP2000 | Цвет луга
popup.js:316 NoDecodeXM1014 | Смешанный синий камуфляж
popup.js:316 NoDecodeSSG 08 | Объезд
popup.js:316 NoDecodeCZ75-Auto | Нитро
popup.js:316 NoDecodeAWP | Пиксельный камуфляж «Розовый»
popup.js:316 NoDecodeUSP-S | Следы асфальта
popup.js:316 NoDecodeM4A1-S | Шедевр
popup.js:321 15
popup.js:322 (15) ["M249 | Контрастные цвета", "MAG-7 | Гроза", "MP9 | Гроза", "Sawed-Off | Белое напыление", "UMP-45 | Сажа", "MP7 | Пороховой дым", "Desert Eagle | Пиксельный камуфляж «Город»", "Glock-18 | Ночь", "P2000 | Цвет луга", "XM1014 | Смешанный синий камуфляж", "SSG 08 | Объезд", "CZ75-Auto | Нитро", "AWP | Пиксельный камуфляж «Розовый»", "USP-S | Следы асфальта", "M4A1-S | Шедевр"]
popup.js:338 DecodeM249 | Контрастные цвета
popup.js:339 NoDecodeM249 | Контрастные цвета
popup.js:348 Box price is -----------------------3049,39 pуб.---------------------------------
popup.js:349 URLDECODE=https://steamcommunity.com/market/search?q=M249%20%7C%20%D0%9A%D0%BE%D0%BD%D1%82%D1%80%D0%B0%D1%81%D1%82%D0%BD%D1%8B%D0%B5%20%D1%86%D0%B2%D0%B5%D1%82%D0%B0
popup.js:353 price is --------3,99 pуб.--------  || and Name is M249 | Контрастные цвета
popup.js:354 -------------------------------------------------------
popup.js:338 DecodeMAG-7 | Гроза
popup.js:339 NoDecodeMAG-7 | Гроза
popup.js:348 Box price is -----------------------3049,39 pуб.---------------------------------
popup.js:349 URLDECODE=https://steamcommunity.com/market/search?q=MAG-7%20%7C%20%D0%93%D1%80%D0%BE%D0%B7%D0%B0
popup.js:353 price is --------2,65 pуб.--------  || and Name is MAG-7 | Гроза
popup.js:354 -------------------------------------------------------
popup.js:338 DecodeMP9 | Гроза
popup.js:339 NoDecodeMP9 | Гроза
popup.js:348 Box price is -----------------------3049,39 pуб.---------------------------------
popup.js:349 URLDECODE=https://steamcommunity.com/market/search?q=MP9%20%7C%20%D0%93%D1%80%D0%BE%D0%B7%D0%B0
popup.js:353 price is --------3,93 pуб.--------  || and Name is MP9 | Гроза
popup.js:354 -------------------------------------------------------
popup.js:338 DecodeSawed-Off | Белое напыление
popup.js:339 NoDecodeSawed-Off | Белое напыление
popup.js:348 Box price is -----------------------3049,39 pуб.---------------------------------
popup.js:349 URLDECODE=https://steamcommunity.com/market/search?q=Sawed-Off%20%7C%20%D0%91%D0%B5%D0%BB%D0%BE%D0%B5%20%D0%BD%D0%B0%D0%BF%D1%8B%D0%BB%D0%B5%D0%BD%D0%B8%D0%B5
popup.js:353 price is --------2,73 pуб.--------  || and Name is Sawed-Off | Белое напыление
popup.js:354 -------------------------------------------------------
popup.js:338 DecodeUMP-45 | Сажа
popup.js:339 NoDecodeUMP-45 | Сажа
popup.js:348 Box price is -----------------------3049,39 pуб.---------------------------------
popup.js:349 URLDECODE=https://steamcommunity.com/market/search?q=UMP-45%20%7C%20%D0%A1%D0%B0%D0%B6%D0%B0
popup.js:353 price is --------3,08 pуб.--------  || and Name is UMP-45 | Сажа
popup.js:354 -------------------------------------------------------
popup.js:338 DecodeMP7 | Пороховой дым
popup.js:339 NoDecodeMP7 | Пороховой дым
popup.js:348 Box price is -----------------------3049,39 pуб.---------------------------------
popup.js:349 URLDECODE=https://steamcommunity.com/market/search?q=MP7%20%7C%20%D0%9F%D0%BE%D1%80%D0%BE%D1%85%D0%BE%D0%B2%D0%BE%D0%B9%20%D0%B4%D1%8B%D0%BC
popup.js:353 price is --------14,89 pуб.--------  || and Name is MP7 | Пороховой дым
popup.js:354 -------------------------------------------------------
popup.js:338 DecodeDesert Eagle | Пиксельный камуфляж «Город»
popup.js:339 NoDecodeDesert Eagle | Пиксельный камуфляж «Город»
popup.js:348 Box price is -----------------------3049,39 pуб.---------------------------------
popup.js:349 URLDECODE=https://steamcommunity.com/market/search?q=Desert%20Eagle%20%7C%20%D0%9F%D0%B8%D0%BA%D1%81%D0%B5%D0%BB%D1%8C%D0%BD%D1%8B%D0%B9%20%D0%BA%D0%B0%D0%BC%D1%83%D1%84%D0%BB%D1%8F%D0%B6%20%C2%AB%D0%93%D0%BE%D1%80%D0%BE%D0%B4%C2%BB
popup.js:353 price is --------41,12 pуб.--------  || and Name is Desert Eagle | Пиксельный камуфляж «Город»
popup.js:354 -------------------------------------------------------
popup.js:338 DecodeGlock-18 | Ночь
popup.js:339 NoDecodeGlock-18 | Ночь
popup.js:348 Box price is -----------------------3049,39 pуб.---------------------------------
popup.js:349 URLDECODE=https://steamcommunity.com/market/search?q=Glock-18%20%7C%20%D0%9D%D0%BE%D1%87%D1%8C
popup.js:353 price is --------19,59 pуб.--------  || and Name is Glock-18 | Ночь
popup.js:354 -------------------------------------------------------
popup.js:338 DecodeP2000 | Цвет луга
popup.js:339 NoDecodeP2000 | Цвет луга
popup.js:348 Box price is -----------------------3049,39 pуб.---------------------------------
popup.js:349 URLDECODE=https://steamcommunity.com/market/search?q=P2000%20%7C%20%D0%A6%D0%B2%D0%B5%D1%82%20%D0%BB%D1%83%D0%B3%D0%B0
popup.js:353 price is --------14,16 pуб.--------  || and Name is P2000 | Цвет луга
popup.js:354 -------------------------------------------------------
popup.js:338 DecodeXM1014 | Смешанный синий камуфляж
popup.js:339 NoDecodeXM1014 | Смешанный синий камуфляж
popup.js:348 Box price is -----------------------3049,39 pуб.---------------------------------
popup.js:349 URLDECODE=https://steamcommunity.com/market/search?q=XM1014%20%7C%20%D0%A1%D0%BC%D0%B5%D1%88%D0%B0%D0%BD%D0%BD%D1%8B%D0%B9%20%D1%81%D0%B8%D0%BD%D0%B8%D0%B9%20%D0%BA%D0%B0%D0%BC%D1%83%D1%84%D0%BB%D1%8F%D0%B6
popup.js:353 price is --------153,94 pуб.--------  || and Name is XM1014 | Смешанный синий камуфляж
popup.js:354 -------------------------------------------------------
popup.js:338 DecodeSSG 08 | Объезд
popup.js:339 NoDecodeSSG 08 | Объезд
popup.js:348 Box price is -----------------------3049,39 pуб.---------------------------------
popup.js:349 URLDECODE=https://steamcommunity.com/market/search?q=SSG%2008%20%7C%20%D0%9E%D0%B1%D1%8A%D0%B5%D0%B7%D0%B4
popup.js:353 price is --------204,53 pуб.--------  || and Name is SSG 08 | Объезд
popup.js:354 -------------------------------------------------------
popup.js:338 DecodeCZ75-Auto | Нитро
popup.js:339 NoDecodeCZ75-Auto | Нитро
popup.js:348 Box price is -----------------------3049,39 pуб.---------------------------------
popup.js:349 URLDECODE=https://steamcommunity.com/market/search?q=CZ75-Auto%20%7C%20%D0%9D%D0%B8%D1%82%D1%80%D0%BE
popup.js:353 price is --------172,84 pуб.--------  || and Name is CZ75-Auto | Нитро
popup.js:354 -------------------------------------------------------
popup.js:338 DecodeAWP | Пиксельный камуфляж «Розовый»
popup.js:339 NoDecodeAWP | Пиксельный камуфляж «Розовый»
popup.js:348 Box price is -----------------------3049,39 pуб.---------------------------------
popup.js:349 URLDECODE=https://steamcommunity.com/market/search?q=AWP%20%7C%20%D0%9F%D0%B8%D0%BA%D1%81%D0%B5%D0%BB%D1%8C%D0%BD%D1%8B%D0%B9%20%D0%BA%D0%B0%D0%BC%D1%83%D1%84%D0%BB%D1%8F%D0%B6%20%C2%AB%D0%A0%D0%BE%D0%B7%D0%BE%D0%B2%D1%8B%D0%B9%C2%BB
popup.js:353 price is --------681,75 pуб.--------  || and Name is AWP | Пиксельный камуфляж «Розовый»
popup.js:354 -------------------------------------------------------
popup.js:338 DecodeUSP-S | Следы асфальта
popup.js:339 NoDecodeUSP-S | Следы асфальта
popup.js:348 Box price is -----------------------3049,39 pуб.---------------------------------
popup.js:349 URLDECODE=https://steamcommunity.com/market/search?q=USP-S%20%7C%20%D0%A1%D0%BB%D0%B5%D0%B4%D1%8B%20%D0%B0%D1%81%D1%84%D0%B0%D0%BB%D1%8C%D1%82%D0%B0
popup.js:353 price is --------861,99 pуб.--------  || and Name is USP-S | Следы асфальта
popup.js:354 -------------------------------------------------------
popup.js:338 DecodeM4A1-S | Шедевр
popup.js:339 NoDecodeM4A1-S | Шедевр
popup.js:348 Box price is -----------------------3049,39 pуб.---------------------------------
popup.js:349 URLDECODE=https://steamcommunity.com/market/search?q=M4A1-S%20%7C%20%D0%A8%D0%B5%D0%B4%D0%B5%D0%B2%D1%80
popup.js:353 price is --------1175,44 pуб.--------  || and Name is M4A1-S | Шедевр
popup.js:354 -------------------------------------------------------
popup.js:293 this is https://steamcommunity.com/market/listings/730/Boston%202018%20Cache%20Souvenir%20Package
popup.js:300 start
popup.js:316 NoDecodeNegev | Радиоактивные отходы
popup.js:316 NoDecodeP250 | Заражение
popup.js:316 NoDecodeAUG | Радиационная опасность
popup.js:316 NoDecodeПП-19 Бизон | Химический зелёный
popup.js:316 NoDecodeFive-SeveN | Лихач
popup.js:316 NoDecodeSG 553 | Радиоактивные осадки
popup.js:316 NoDecodeGlock-18 | Реактор
popup.js:316 NoDecodeMP9 | Закат
popup.js:316 NoDecodeXM1014 | Костемолка
popup.js:316 NoDecodeMAC-10 | Ядерный сад
popup.js:316 NoDecodeTec-9 | Токсичность
popup.js:316 NoDecodeFAMAS | Стикс
popup.js:316 NoDecodeGalil AR | Цербер
popup.js:321 13
popup.js:322 (13) ["Negev | Радиоактивные отходы", "P250 | Заражение", "AUG | Радиационная опасность", "ПП-19 Бизон | Химический зелёный", "Five-SeveN | Лихач", "SG 553 | Радиоактивные осадки", "Glock-18 | Реактор", "MP9 | Закат", "XM1014 | Костемолка", "MAC-10 | Ядерный сад", "Tec-9 | Токсичность", "FAMAS | Стикс", "Galil AR | Цербер"]
popup.js:338 DecodeNegev | Радиоактивные отходы
popup.js:339 NoDecodeNegev | Радиоактивные отходы
popup.js:348 Box price is -----------------------321,98 pуб.---------------------------------
popup.js:349 URLDECODE=https://steamcommunity.com/market/search?q=Negev%20%7C%20%D0%A0%D0%B0%D0%B4%D0%B8%D0%BE%D0%B0%D0%BA%D1%82%D0%B8%D0%B2%D0%BD%D1%8B%D0%B5%20%D0%BE%D1%82%D1%85%D0%BE%D0%B4%D1%8B
popup.js:353 price is --------89,10 pуб.--------  || and Name is Negev | Радиоактивные отходы
popup.js:354 -------------------------------------------------------
popup.js:338 DecodeP250 | Заражение
popup.js:339 NoDecodeP250 | Заражение
popup.js:348 Box price is -----------------------321,98 pуб.---------------------------------
popup.js:349 URLDECODE=https://steamcommunity.com/market/search?q=P250%20%7C%20%D0%97%D0%B0%D1%80%D0%B0%D0%B6%D0%B5%D0%BD%D0%B8%D0%B5
popup.js:353 price is --------25,30 pуб.--------  || and Name is P250 | Заражение
popup.js:354 -------------------------------------------------------
popup.js:338 DecodeAUG | Радиационная опасность
popup.js:339 NoDecodeAUG | Радиационная опасность
popup.js:348 Box price is -----------------------321,98 pуб.---------------------------------
popup.js:349 URLDECODE=https://steamcommunity.com/market/search?q=AUG%20%7C%20%D0%A0%D0%B0%D0%B4%D0%B8%D0%B0%D1%86%D0%B8%D0%BE%D0%BD%D0%BD%D0%B0%D1%8F%20%D0%BE%D0%BF%D0%B0%D1%81%D0%BD%D0%BE%D1%81%D1%82%D1%8C
popup.js:353 price is --------55 pуб.--------  || and Name is AUG | Радиационная опасность
popup.js:354 -------------------------------------------------------
popup.js:338 DecodeПП-19 Бизон | Химический зелёный
popup.js:339 NoDecodeПП-19 Бизон | Химический зелёный
popup.js:348 Box price is -----------------------321,98 pуб.---------------------------------
popup.js:349 URLDECODE=https://steamcommunity.com/market/search?q=%D0%9F%D0%9F-19%20%D0%91%D0%B8%D0%B7%D0%BE%D0%BD%20%7C%20%D0%A5%D0%B8%D0%BC%D0%B8%D1%87%D0%B5%D1%81%D0%BA%D0%B8%D0%B9%20%D0%B7%D0%B5%D0%BB%D1%91%D0%BD%D1%8B%D0%B9
popup.js:353 price is --------12,44 pуб.--------  || and Name is ПП-19 Бизон | Химический зелёный
popup.js:354 -------------------------------------------------------
popup.js:338 DecodeFive-SeveN | Лихач
popup.js:339 NoDecodeFive-SeveN | Лихач
popup.js:348 Box price is -----------------------321,98 pуб.---------------------------------
popup.js:349 URLDECODE=https://steamcommunity.com/market/search?q=Five-SeveN%20%7C%20%D0%9B%D0%B8%D1%85%D0%B0%D1%87
popup.js:353 price is --------11,48 pуб.--------  || and Name is Five-SeveN | Лихач
popup.js:354 -------------------------------------------------------
popup.js:338 DecodeSG 553 | Радиоактивные осадки
popup.js:339 NoDecodeSG 553 | Радиоактивные осадки
popup.js:348 Box price is -----------------------321,98 pуб.---------------------------------
popup.js:349 URLDECODE=https://steamcommunity.com/market/search?q=SG%20553%20%7C%20%D0%A0%D0%B0%D0%B4%D0%B8%D0%BE%D0%B0%D0%BA%D1%82%D0%B8%D0%B2%D0%BD%D1%8B%D0%B5%20%D0%BE%D1%81%D0%B0%D0%B4%D0%BA%D0%B8
popup.js:353 price is --------52,61 pуб.--------  || and Name is SG 553 | Радиоактивные осадки
popup.js:354 -------------------------------------------------------
popup.js:338 DecodeGlock-18 | Реактор
popup.js:339 NoDecodeGlock-18 | Реактор
popup.js:348 Box price is -----------------------321,98 pуб.---------------------------------
popup.js:349 URLDECODE=https://steamcommunity.com/market/search?q=Glock-18%20%7C%20%D0%A0%D0%B5%D0%B0%D0%BA%D1%82%D0%BE%D1%80
popup.js:353 price is --------148,66 pуб.--------  || and Name is Glock-18 | Реактор
popup.js:354 -------------------------------------------------------
popup.js:338 DecodeMP9 | Закат
popup.js:339 NoDecodeMP9 | Закат
popup.js:348 Box price is -----------------------321,98 pуб.---------------------------------
popup.js:349 URLDECODE=https://steamcommunity.com/market/search?q=MP9%20%7C%20%D0%97%D0%B0%D0%BA%D0%B0%D1%82
popup.js:353 price is --------59,51 pуб.--------  || and Name is MP9 | Закат
popup.js:354 -------------------------------------------------------
popup.js:338 DecodeXM1014 | Костемолка
popup.js:339 NoDecodeXM1014 | Костемолка
popup.js:348 Box price is -----------------------321,98 pуб.---------------------------------
popup.js:349 URLDECODE=https://steamcommunity.com/market/search?q=XM1014%20%7C%20%D0%9A%D0%BE%D1%81%D1%82%D0%B5%D0%BC%D0%BE%D0%BB%D0%BA%D0%B0
popup.js:353 price is --------82,70 pуб.--------  || and Name is XM1014 | Костемолка
popup.js:354 -------------------------------------------------------
popup.js:338 DecodeMAC-10 | Ядерный сад
popup.js:339 NoDecodeMAC-10 | Ядерный сад
popup.js:348 Box price is -----------------------321,98 pуб.---------------------------------
popup.js:349 URLDECODE=https://steamcommunity.com/market/search?q=MAC-10%20%7C%20%D0%AF%D0%B4%D0%B5%D1%80%D0%BD%D1%8B%D0%B9%20%D1%81%D0%B0%D0%B4
popup.js:353 price is --------83,68 pуб.--------  || and Name is MAC-10 | Ядерный сад
popup.js:354 -------------------------------------------------------
popup.js:338 DecodeTec-9 | Токсичность
popup.js:339 NoDecodeTec-9 | Токсичность
popup.js:348 Box price is -----------------------321,98 pуб.---------------------------------
popup.js:349 URLDECODE=https://steamcommunity.com/market/search?q=Tec-9%20%7C%20%D0%A2%D0%BE%D0%BA%D1%81%D0%B8%D1%87%D0%BD%D0%BE%D1%81%D1%82%D1%8C
popup.js:353 price is --------130,08 pуб.--------  || and Name is Tec-9 | Токсичность
popup.js:354 -------------------------------------------------------
popup.js:338 DecodeFAMAS | Стикс
popup.js:339 NoDecodeFAMAS | Стикс
popup.js:348 Box price is -----------------------321,98 pуб.---------------------------------
popup.js:349 URLDECODE=https://steamcommunity.com/market/search?q=FAMAS%20%7C%20%D0%A1%D1%82%D0%B8%D0%BA%D1%81
popup.js:353 price is --------171,42 pуб.--------  || and Name is FAMAS | Стикс
popup.js:354 -------------------------------------------------------
popup.js:338 DecodeGalil AR | Цербер
popup.js:339 NoDecodeGalil AR | Цербер
popup.js:348 Box price is -----------------------321,98 pуб.---------------------------------
popup.js:349 URLDECODE=https://steamcommunity.com/market/search?q=Galil%20AR%20%7C%20%D0%A6%D0%B5%D1%80%D0%B1%D0%B5%D1%80
popup.js:353 price is --------286,81 pуб.--------  || and Name is Galil AR | Цербер
popup.js:354 -------------------------------------------------------
popup.js:293 this is https://steamcommunity.com/market/listings/730/DreamHack%20Cluj-Napoca%202015%20Cobblestone%20Souvenir%20Package
popup.js:300 start
popup.js:316 NoDecodeP90 | Гроза
popup.js:316 NoDecodeSCAR-20 | Гроза
popup.js:316 NoDecodeDual Berettas | Терн
popup.js:316 NoDecodeMAC-10 | Индиго
popup.js:316 NoDecodeUMP-45 | Индиго
popup.js:316 NoDecodeMAG-7 | Серебро
popup.js:316 NoDecodeNova | Зеленое яблоко
popup.js:316 NoDecodeSawed-Off | Пыльник
popup.js:316 NoDecodeUSP-S | Королевский синий
popup.js:316 NoDecodeP2000 | Кольчуга
popup.js:316 NoDecodeMP9 | Тёмный век
popup.js:316 NoDecodeCZ75-Auto | Чаша
popup.js:316 NoDecodeDesert Eagle | Пищаль
popup.js:316 NoDecodeM4A1-S | Рыцарь
popup.js:316 NoDecodeAWP | История о драконе
popup.js:321 15
popup.js:322 (15) ["P90 | Гроза", "SCAR-20 | Гроза", "Dual Berettas | Терн", "MAC-10 | Индиго", "UMP-45 | Индиго", "MAG-7 | Серебро", "Nova | Зеленое яблоко", "Sawed-Off | Пыльник", "USP-S | Королевский синий", "P2000 | Кольчуга", "MP9 | Тёмный век", "CZ75-Auto | Чаша", "Desert Eagle | Пищаль", "M4A1-S | Рыцарь", "AWP | История о драконе"]
popup.js:338 DecodeP90 | Гроза
popup.js:339 NoDecodeP90 | Гроза
popup.js:348 Box price is -----------------------10494,37 pуб.---------------------------------
popup.js:349 URLDECODE=https://steamcommunity.com/market/search?q=P90%20%7C%20%D0%93%D1%80%D0%BE%D0%B7%D0%B0
popup.js:353 price is --------11,96 pуб.--------  || and Name is P90 | Гроза
popup.js:354 -------------------------------------------------------
popup.js:338 DecodeSCAR-20 | Гроза
popup.js:339 NoDecodeSCAR-20 | Гроза
popup.js:348 Box price is -----------------------10494,37 pуб.---------------------------------
popup.js:349 URLDECODE=https://steamcommunity.com/market/search?q=SCAR-20%20%7C%20%D0%93%D1%80%D0%BE%D0%B7%D0%B0
popup.js:353 price is --------12,29 pуб.--------  || and Name is SCAR-20 | Гроза
popup.js:354 -------------------------------------------------------
popup.js:338 DecodeDual Berettas | Терн
popup.js:339 NoDecodeDual Berettas | Терн
popup.js:348 Box price is -----------------------10494,37 pуб.---------------------------------
popup.js:349 URLDECODE=https://steamcommunity.com/market/search?q=Dual%20Berettas%20%7C%20%D0%A2%D0%B5%D1%80%D0%BD
popup.js:353 price is --------15,97 pуб.--------  || and Name is Dual Berettas | Терн
popup.js:354 -------------------------------------------------------
popup.js:338 DecodeMAC-10 | Индиго
popup.js:339 NoDecodeMAC-10 | Индиго
popup.js:348 Box price is -----------------------10494,37 pуб.---------------------------------
popup.js:349 URLDECODE=https://steamcommunity.com/market/search?q=MAC-10%20%7C%20%D0%98%D0%BD%D0%B4%D0%B8%D0%B3%D0%BE
popup.js:353 price is --------12,76 pуб.--------  || and Name is MAC-10 | Индиго
popup.js:354 -------------------------------------------------------
popup.js:338 DecodeUMP-45 | Индиго
popup.js:339 NoDecodeUMP-45 | Индиго
popup.js:348 Box price is -----------------------10494,37 pуб.---------------------------------
popup.js:349 URLDECODE=https://steamcommunity.com/market/search?q=UMP-45%20%7C%20%D0%98%D0%BD%D0%B4%D0%B8%D0%B3%D0%BE
popup.js:353 price is --------12,71 pуб.--------  || and Name is UMP-45 | Индиго
popup.js:354 -------------------------------------------------------
popup.js:338 DecodeMAG-7 | Серебро
popup.js:339 NoDecodeMAG-7 | Серебро
popup.js:348 Box price is -----------------------10494,37 pуб.---------------------------------
popup.js:349 URLDECODE=https://steamcommunity.com/market/search?q=MAG-7%20%7C%20%D0%A1%D0%B5%D1%80%D0%B5%D0%B1%D1%80%D0%BE
popup.js:353 price is --------132 pуб.--------  || and Name is MAG-7 | Серебро
popup.js:354 -------------------------------------------------------
popup.js:338 DecodeNova | Зеленое яблоко
popup.js:339 NoDecodeNova | Зеленое яблоко
popup.js:348 Box price is -----------------------10494,37 pуб.---------------------------------
popup.js:349 URLDECODE=https://steamcommunity.com/market/search?q=Nova%20%7C%20%D0%97%D0%B5%D0%BB%D0%B5%D0%BD%D0%BE%D0%B5%20%D1%8F%D0%B1%D0%BB%D0%BE%D0%BA%D0%BE
popup.js:353 price is --------106,94 pуб.--------  || and Name is Nova | Зеленое яблоко
popup.js:354 -------------------------------------------------------
popup.js:338 DecodeSawed-Off | Пыльник
popup.js:339 NoDecodeSawed-Off | Пыльник
popup.js:348 Box price is -----------------------10494,37 pуб.---------------------------------
popup.js:349 URLDECODE=https://steamcommunity.com/market/search?q=Sawed-Off%20%7C%20%D0%9F%D1%8B%D0%BB%D1%8C%D0%BD%D0%B8%D0%BA
popup.js:353 price is --------122,44 pуб.--------  || and Name is Sawed-Off | Пыльник
popup.js:354 -------------------------------------------------------
popup.js:338 DecodeUSP-S | Королевский синий
popup.js:339 NoDecodeUSP-S | Королевский синий
popup.js:348 Box price is -----------------------10494,37 pуб.---------------------------------
popup.js:349 URLDECODE=https://steamcommunity.com/market/search?q=USP-S%20%7C%20%D0%9A%D0%BE%D1%80%D0%BE%D0%BB%D0%B5%D0%B2%D1%81%D0%BA%D0%B8%D0%B9%20%D1%81%D0%B8%D0%BD%D0%B8%D0%B9
popup.js:353 price is --------108,93 pуб.--------  || and Name is USP-S | Королевский синий
popup.js:354 -------------------------------------------------------
popup.js:338 DecodeP2000 | Кольчуга
popup.js:339 NoDecodeP2000 | Кольчуга
popup.js:348 Box price is -----------------------10494,37 pуб.---------------------------------
popup.js:349 URLDECODE=https://steamcommunity.com/market/search?q=P2000%20%7C%20%D0%9A%D0%BE%D0%BB%D1%8C%D1%87%D1%83%D0%B3%D0%B0
popup.js:353 price is --------1045 pуб.--------  || and Name is P2000 | Кольчуга
popup.js:354 -------------------------------------------------------
popup.js:338 DecodeMP9 | Тёмный век
popup.js:339 NoDecodeMP9 | Тёмный век
popup.js:348 Box price is -----------------------10494,37 pуб.---------------------------------
popup.js:349 URLDECODE=https://steamcommunity.com/market/search?q=MP9%20%7C%20%D0%A2%D1%91%D0%BC%D0%BD%D1%8B%D0%B9%20%D0%B2%D0%B5%D0%BA
popup.js:353 price is --------1067 pуб.--------  || and Name is MP9 | Тёмный век
popup.js:354 -------------------------------------------------------
popup.js:338 DecodeCZ75-Auto | Чаша
popup.js:339 NoDecodeCZ75-Auto | Чаша
popup.js:348 Box price is -----------------------10494,37 pуб.---------------------------------
popup.js:349 URLDECODE=https://steamcommunity.com/market/search?q=CZ75-Auto%20%7C%20%D0%A7%D0%B0%D1%88%D0%B0
popup.js:353 price is --------6815,22 pуб.--------  || and Name is CZ75-Auto | Чаша
popup.js:354 -------------------------------------------------------
popup.js:338 DecodeDesert Eagle | Пищаль
popup.js:339 NoDecodeDesert Eagle | Пищаль
popup.js:348 Box price is -----------------------10494,37 pуб.---------------------------------
popup.js:349 URLDECODE=https://steamcommunity.com/market/search?q=Desert%20Eagle%20%7C%20%D0%9F%D0%B8%D1%89%D0%B0%D0%BB%D1%8C
popup.js:353 price is --------6133,46 pуб.--------  || and Name is Desert Eagle | Пищаль
popup.js:354 -------------------------------------------------------
popup.js:338 DecodeM4A1-S | Рыцарь
popup.js:339 NoDecodeM4A1-S | Рыцарь
popup.js:348 Box price is -----------------------10494,37 pуб.---------------------------------
popup.js:349 URLDECODE=https://steamcommunity.com/market/search?q=M4A1-S%20%7C%20%D0%A0%D1%8B%D1%86%D0%B0%D1%80%D1%8C
popup.js:353 price is --------41893,80 pуб.--------  || and Name is M4A1-S | Рыцарь
popup.js:354 -------------------------------------------------------
popup.js:338 DecodeAWP | История о драконе
popup.js:339 NoDecodeAWP | История о драконе
popup.js:348 Box price is -----------------------10494,37 pуб.---------------------------------
popup.js:349 URLDECODE=https://steamcommunity.com/market/search?q=AWP%20%7C%20%D0%98%D1%81%D1%82%D0%BE%D1%80%D0%B8%D1%8F%20%D0%BE%20%D0%B4%D1%80%D0%B0%D0%BA%D0%BE%D0%BD%D0%B5
popup.js:353 price is --------71412,93 pуб.--------  || and Name is AWP | История о драконе
popup.js:354 -------------------------------------------------------
popup.js:293 this is https://steamcommunity.com/market/listings/730/MLG%20Columbus%202016%20Nuke%20Souvenir%20Package
popup.js:300 start
popup.js:316 NoDecodeПП-19 Бизон | Радиоактивная опасность
popup.js:316 NoDecodeMAG-7 | Радиоактивная опасность
popup.js:316 NoDecodeSawed-Off | Радиоактивная опасность
popup.js:316 NoDecodeP90 | Радиоактивные осадки
popup.js:316 NoDecodeUMP-45 | Радиоактивные осадки
popup.js:316 NoDecodeXM1014 | Радиоактивные осадки
popup.js:316 NoDecodeM4A4 | Радиационная опасность
popup.js:316 NoDecodeP250 | Ядерная угроза
popup.js:316 NoDecodeTec-9 | Ядерная угроза
popup.js:321 9
popup.js:322 (9) ["ПП-19 Бизон | Радиоактивная опасность", "MAG-7 | Радиоактивная опасность", "Sawed-Off | Радиоактивная опасность", "P90 | Радиоактивные осадки", "UMP-45 | Радиоактивные осадки", "XM1014 | Радиоактивные осадки", "M4A4 | Радиационная опасность", "P250 | Ядерная угроза", "Tec-9 | Ядерная угроза"]
popup.js:338 DecodeПП-19 Бизон | Радиоактивная опасность
popup.js:339 NoDecodeПП-19 Бизон | Радиоактивная опасность
popup.js:348 Box price is -----------------------1577,45 pуб.---------------------------------
popup.js:349 URLDECODE=https://steamcommunity.com/market/search?q=%D0%9F%D0%9F-19%20%D0%91%D0%B8%D0%B7%D0%BE%D0%BD%20%7C%20%D0%A0%D0%B0%D0%B4%D0%B8%D0%BE%D0%B0%D0%BA%D1%82%D0%B8%D0%B2%D0%BD%D0%B0%D1%8F%20%D0%BE%D0%BF%D0%B0%D1%81%D0%BD%D0%BE%D1%81%D1%82%D1%8C
popup.js:353 price is --------27,26 pуб.--------  || and Name is ПП-19 Бизон | Радиоактивная опасность
popup.js:354 -------------------------------------------------------
popup.js:338 DecodeMAG-7 | Радиоактивная опасность
popup.js:339 NoDecodeMAG-7 | Радиоактивная опасность
popup.js:348 Box price is -----------------------1577,45 pуб.---------------------------------
popup.js:349 URLDECODE=https://steamcommunity.com/market/search?q=MAG-7%20%7C%20%D0%A0%D0%B0%D0%B4%D0%B8%D0%BE%D0%B0%D0%BA%D1%82%D0%B8%D0%B2%D0%BD%D0%B0%D1%8F%20%D0%BE%D0%BF%D0%B0%D1%81%D0%BD%D0%BE%D1%81%D1%82%D1%8C
popup.js:353 price is --------29,75 pуб.--------  || and Name is MAG-7 | Радиоактивная опасность
popup.js:354 -------------------------------------------------------
popup.js:338 DecodeSawed-Off | Радиоактивная опасность
popup.js:339 NoDecodeSawed-Off | Радиоактивная опасность
popup.js:348 Box price is -----------------------1577,45 pуб.---------------------------------
popup.js:349 URLDECODE=https://steamcommunity.com/market/search?q=Sawed-Off%20%7C%20%D0%A0%D0%B0%D0%B4%D0%B8%D0%BE%D0%B0%D0%BA%D1%82%D0%B8%D0%B2%D0%BD%D0%B0%D1%8F%20%D0%BE%D0%BF%D0%B0%D1%81%D0%BD%D0%BE%D1%81%D1%82%D1%8C
popup.js:353 price is --------21,16 pуб.--------  || and Name is Sawed-Off | Радиоактивная опасность
popup.js:354 -------------------------------------------------------
popup.js:338 DecodeP90 | Радиоактивные осадки
popup.js:339 NoDecodeP90 | Радиоактивные осадки
popup.js:348 Box price is -----------------------1577,45 pуб.---------------------------------
popup.js:349 URLDECODE=https://steamcommunity.com/market/search?q=P90%20%7C%20%D0%A0%D0%B0%D0%B4%D0%B8%D0%BE%D0%B0%D0%BA%D1%82%D0%B8%D0%B2%D0%BD%D1%8B%D0%B5%20%D0%BE%D1%81%D0%B0%D0%B4%D0%BA%D0%B8
popup.js:353 price is --------137,13 pуб.--------  || and Name is P90 | Радиоактивные осадки
popup.js:354 -------------------------------------------------------
popup.js:338 DecodeUMP-45 | Радиоактивные осадки
popup.js:339 NoDecodeUMP-45 | Радиоактивные осадки
popup.js:348 Box price is -----------------------1577,45 pуб.---------------------------------
popup.js:349 URLDECODE=https://steamcommunity.com/market/search?q=UMP-45%20%7C%20%D0%A0%D0%B0%D0%B4%D0%B8%D0%BE%D0%B0%D0%BA%D1%82%D0%B8%D0%B2%D0%BD%D1%8B%D0%B5%20%D0%BE%D1%81%D0%B0%D0%B4%D0%BA%D0%B8
popup.js:353 price is --------142,38 pуб.--------  || and Name is UMP-45 | Радиоактивные осадки
popup.js:354 -------------------------------------------------------
popup.js:338 DecodeXM1014 | Радиоактивные осадки
popup.js:339 NoDecodeXM1014 | Радиоактивные осадки
popup.js:348 Box price is -----------------------1577,45 pуб.---------------------------------
popup.js:349 URLDECODE=https://steamcommunity.com/market/search?q=XM1014%20%7C%20%D0%A0%D0%B0%D0%B4%D0%B8%D0%BE%D0%B0%D0%BA%D1%82%D0%B8%D0%B2%D0%BD%D1%8B%D0%B5%20%D0%BE%D1%81%D0%B0%D0%B4%D0%BA%D0%B8
popup.js:353 price is --------155,16 pуб.--------  || and Name is XM1014 | Радиоактивные осадки
popup.js:354 -------------------------------------------------------
popup.js:338 DecodeM4A4 | Радиационная опасность
popup.js:339 NoDecodeM4A4 | Радиационная опасность
popup.js:348 Box price is -----------------------1577,45 pуб.---------------------------------
popup.js:349 URLDECODE=https://steamcommunity.com/market/search?q=M4A4%20%7C%20%D0%A0%D0%B0%D0%B4%D0%B8%D0%B0%D1%86%D0%B8%D0%BE%D0%BD%D0%BD%D0%B0%D1%8F%20%D0%BE%D0%BF%D0%B0%D1%81%D0%BD%D0%BE%D1%81%D1%82%D1%8C
popup.js:353 price is --------548,26 pуб.--------  || and Name is M4A4 | Радиационная опасность
popup.js:354 -------------------------------------------------------
popup.js:338 DecodeP250 | Ядерная угроза
popup.js:339 NoDecodeP250 | Ядерная угроза
popup.js:348 Box price is -----------------------1577,45 pуб.---------------------------------
popup.js:349 URLDECODE=https://steamcommunity.com/market/search?q=P250%20%7C%20%D0%AF%D0%B4%D0%B5%D1%80%D0%BD%D0%B0%D1%8F%20%D1%83%D0%B3%D1%80%D0%BE%D0%B7%D0%B0
popup.js:353 price is --------440 pуб.--------  || and Name is P250 | Ядерная угроза
popup.js:354 -------------------------------------------------------
popup.js:338 DecodeTec-9 | Ядерная угроза
popup.js:339 NoDecodeTec-9 | Ядерная угроза
popup.js:348 Box price is -----------------------1577,45 pуб.---------------------------------
popup.js:349 URLDECODE=https://steamcommunity.com/market/search?q=Tec-9%20%7C%20%D0%AF%D0%B4%D0%B5%D1%80%D0%BD%D0%B0%D1%8F%20%D1%83%D0%B3%D1%80%D0%BE%D0%B7%D0%B0
popup.js:353 price is --------726,75 pуб.--------  || and Name is Tec-9 | Ядерная угроза
popup.js:354 -------------------------------------------------------
popup.js:293 this is https://steamcommunity.com/market/listings/730/ESL%20One%20Katowice%202015%20Mirage%20Souvenir%20Package
popup.js:300 start
popup.js:316 NoDecodeP250 | Костяная маска
popup.js:316 NoDecodeFive-SeveN | Наемник
popup.js:316 NoDecodeAUG | Колония
popup.js:316 NoDecodeG3SG1 | Африканская сетка
popup.js:316 NoDecodeP90 | Сажа
popup.js:316 NoDecodeGalil AR | Охотничья будка
popup.js:316 NoDecodeGlock-18 | Грунтовая вода
popup.js:316 NoDecodeMP7 | Апельсиновая корка
popup.js:316 NoDecodeSSG 08 | Тропическая гроза
popup.js:316 NoDecodeNegev | Калифорнийский камуфляж
popup.js:316 NoDecodeSG 553 | Крокодиловая сетка
popup.js:316 NoDecodeMP9 | Хот-род
popup.js:316 NoDecodeUMP-45 | Пламя
popup.js:316 NoDecodeMAC-10 | Янтарный градиент
popup.js:316 NoDecodeMAG-7 | Бульдозер
popup.js:321 15
popup.js:322 (15) ["P250 | Костяная маска", "Five-SeveN | Наемник", "AUG | Колония", "G3SG1 | Африканская сетка", "P90 | Сажа", "Galil AR | Охотничья будка", "Glock-18 | Грунтовая вода", "MP7 | Апельсиновая корка", "SSG 08 | Тропическая гроза", "Negev | Калифорнийский камуфляж", "SG 553 | Крокодиловая сетка", "MP9 | Хот-род", "UMP-45 | Пламя", "MAC-10 | Янтарный градиент", "MAG-7 | Бульдозер"]
popup.js:338 DecodeP250 | Костяная маска
popup.js:339 NoDecodeP250 | Костяная маска
popup.js:348 Box price is -----------------------510,71 pуб.---------------------------------
popup.js:349 URLDECODE=https://steamcommunity.com/market/search?q=P250%20%7C%20%D0%9A%D0%BE%D1%81%D1%82%D1%8F%D0%BD%D0%B0%D1%8F%20%D0%BC%D0%B0%D1%81%D0%BA%D0%B0
popup.js:353 price is --------16,23 pуб.--------  || and Name is P250 | Костяная маска
popup.js:354 -------------------------------------------------------
popup.js:338 DecodeFive-SeveN | Наемник
popup.js:339 NoDecodeFive-SeveN | Наемник
popup.js:348 Box price is -----------------------510,71 pуб.---------------------------------
popup.js:349 URLDECODE=https://steamcommunity.com/market/search?q=Five-SeveN%20%7C%20%D0%9D%D0%B0%D0%B5%D0%BC%D0%BD%D0%B8%D0%BA
popup.js:353 price is --------19,59 pуб.--------  || and Name is Five-SeveN | Наемник
popup.js:354 -------------------------------------------------------
popup.js:338 DecodeAUG | Колония
popup.js:339 NoDecodeAUG | Колония
popup.js:348 Box price is -----------------------510,71 pуб.---------------------------------
popup.js:349 URLDECODE=https://steamcommunity.com/market/search?q=AUG%20%7C%20%D0%9A%D0%BE%D0%BB%D0%BE%D0%BD%D0%B8%D1%8F
popup.js:353 price is --------16,30 pуб.--------  || and Name is AUG | Колония
popup.js:354 -------------------------------------------------------
popup.js:338 DecodeG3SG1 | Африканская сетка
popup.js:339 NoDecodeG3SG1 | Африканская сетка
popup.js:348 Box price is -----------------------510,71 pуб.---------------------------------
popup.js:349 URLDECODE=https://steamcommunity.com/market/search?q=G3SG1%20%7C%20%D0%90%D1%84%D1%80%D0%B8%D0%BA%D0%B0%D0%BD%D1%81%D0%BA%D0%B0%D1%8F%20%D1%81%D0%B5%D1%82%D0%BA%D0%B0
popup.js:353 price is --------84,63 pуб.--------  || and Name is G3SG1 | Африканская сетка
popup.js:354 -------------------------------------------------------
popup.js:338 DecodeP90 | Сажа
popup.js:339 NoDecodeP90 | Сажа
popup.js:348 Box price is -----------------------510,71 pуб.---------------------------------
popup.js:349 URLDECODE=https://steamcommunity.com/market/search?q=P90%20%7C%20%D0%A1%D0%B0%D0%B6%D0%B0
popup.js:353 price is --------12,76 pуб.--------  || and Name is P90 | Сажа
popup.js:354 -------------------------------------------------------
popup.js:338 DecodeGalil AR | Охотничья будка
popup.js:339 NoDecodeGalil AR | Охотничья будка
popup.js:348 Box price is -----------------------510,71 pуб.---------------------------------
popup.js:349 URLDECODE=https://steamcommunity.com/market/search?q=Galil%20AR%20%7C%20%D0%9E%D1%85%D0%BE%D1%82%D0%BD%D0%B8%D1%87%D1%8C%D1%8F%20%D0%B1%D1%83%D0%B4%D0%BA%D0%B0
popup.js:353 price is --------33,55 pуб.--------  || and Name is Galil AR | Охотничья будка
popup.js:354 -------------------------------------------------------
popup.js:338 DecodeGlock-18 | Грунтовая вода
popup.js:339 NoDecodeGlock-18 | Грунтовая вода
popup.js:348 Box price is -----------------------510,71 pуб.---------------------------------
popup.js:349 URLDECODE=https://steamcommunity.com/market/search?q=Glock-18%20%7C%20%D0%93%D1%80%D1%83%D0%BD%D1%82%D0%BE%D0%B2%D0%B0%D1%8F%20%D0%B2%D0%BE%D0%B4%D0%B0
popup.js:353 price is --------123,25 pуб.--------  || and Name is Glock-18 | Грунтовая вода
popup.js:354 -------------------------------------------------------
popup.js:338 DecodeMP7 | Апельсиновая корка
popup.js:339 NoDecodeMP7 | Апельсиновая корка
popup.js:348 Box price is -----------------------510,71 pуб.---------------------------------
popup.js:349 URLDECODE=https://steamcommunity.com/market/search?q=MP7%20%7C%20%D0%90%D0%BF%D0%B5%D0%BB%D1%8C%D1%81%D0%B8%D0%BD%D0%BE%D0%B2%D0%B0%D1%8F%20%D0%BA%D0%BE%D1%80%D0%BA%D0%B0
popup.js:353 price is --------108,25 pуб.--------  || and Name is MP7 | Апельсиновая корка
popup.js:354 -------------------------------------------------------
popup.js:338 DecodeSSG 08 | Тропическая гроза
popup.js:339 NoDecodeSSG 08 | Тропическая гроза
popup.js:348 Box price is -----------------------510,71 pуб.---------------------------------
popup.js:349 URLDECODE=https://steamcommunity.com/market/search?q=SSG%2008%20%7C%20%D0%A2%D1%80%D0%BE%D0%BF%D0%B8%D1%87%D0%B5%D1%81%D0%BA%D0%B0%D1%8F%20%D0%B3%D1%80%D0%BE%D0%B7%D0%B0
popup.js:353 price is --------106,38 pуб.--------  || and Name is SSG 08 | Тропическая гроза
popup.js:354 -------------------------------------------------------
popup.js:338 DecodeNegev | Калифорнийский камуфляж
popup.js:339 NoDecodeNegev | Калифорнийский камуфляж
popup.js:348 Box price is -----------------------510,71 pуб.---------------------------------
popup.js:349 URLDECODE=https://steamcommunity.com/market/search?q=Negev%20%7C%20%D0%9A%D0%B0%D0%BB%D0%B8%D1%84%D0%BE%D1%80%D0%BD%D0%B8%D0%B9%D1%81%D0%BA%D0%B8%D0%B9%20%D0%BA%D0%B0%D0%BC%D1%83%D1%84%D0%BB%D1%8F%D0%B6
popup.js:353 price is --------157,33 pуб.--------  || and Name is Negev | Калифорнийский камуфляж
popup.js:354 -------------------------------------------------------
popup.js:338 DecodeSG 553 | Крокодиловая сетка
popup.js:339 NoDecodeSG 553 | Крокодиловая сетка
popup.js:348 Box price is -----------------------510,71 pуб.---------------------------------
popup.js:349 URLDECODE=https://steamcommunity.com/market/search?q=SG%20553%20%7C%20%D0%9A%D1%80%D0%BE%D0%BA%D0%BE%D0%B4%D0%B8%D0%BB%D0%BE%D0%B2%D0%B0%D1%8F%20%D1%81%D0%B5%D1%82%D0%BA%D0%B0
popup.js:353 price is --------124,59 pуб.--------  || and Name is SG 553 | Крокодиловая сетка
popup.js:354 -------------------------------------------------------
popup.js:338 DecodeMP9 | Хот-род
popup.js:339 NoDecodeMP9 | Хот-род
popup.js:348 Box price is -----------------------510,71 pуб.---------------------------------
popup.js:349 URLDECODE=https://steamcommunity.com/market/search?q=MP9%20%7C%20%D0%A5%D0%BE%D1%82-%D1%80%D0%BE%D0%B4
popup.js:353 price is --------988,16 pуб.--------  || and Name is MP9 | Хот-род
popup.js:354 -------------------------------------------------------
popup.js:338 DecodeUMP-45 | Пламя
popup.js:339 NoDecodeUMP-45 | Пламя
popup.js:348 Box price is -----------------------510,71 pуб.---------------------------------
popup.js:349 URLDECODE=https://steamcommunity.com/market/search?q=UMP-45%20%7C%20%D0%9F%D0%BB%D0%B0%D0%BC%D1%8F
popup.js:353 price is --------2658,07 pуб.--------  || and Name is UMP-45 | Пламя
popup.js:354 -------------------------------------------------------
popup.js:338 DecodeMAC-10 | Янтарный градиент
popup.js:339 NoDecodeMAC-10 | Янтарный градиент
popup.js:348 Box price is -----------------------510,71 pуб.---------------------------------
popup.js:349 URLDECODE=https://steamcommunity.com/market/search?q=MAC-10%20%7C%20%D0%AF%D0%BD%D1%82%D0%B0%D1%80%D0%BD%D1%8B%D0%B9%20%D0%B3%D1%80%D0%B0%D0%B4%D0%B8%D0%B5%D0%BD%D1%82
popup.js:353 price is --------762,41 pуб.--------  || and Name is MAC-10 | Янтарный градиент
popup.js:354 -------------------------------------------------------
popup.js:338 DecodeMAG-7 | Бульдозер
popup.js:339 NoDecodeMAG-7 | Бульдозер
popup.js:348 Box price is -----------------------510,71 pуб.---------------------------------
popup.js:349 URLDECODE=https://steamcommunity.com/market/search?q=MAG-7%20%7C%20%D0%91%D1%83%D0%BB%D1%8C%D0%B4%D0%BE%D0%B7%D0%B5%D1%80
popup.js:353 price is --------92,79 pуб.--------  || and Name is MAG-7 | Бульдозер
popup.js:354 -------------------------------------------------------
popup.js:293 this is https://steamcommunity.com/market/listings/730/Katowice%202019%20Overpass%20Souvenir%20Package
popup.js:300 start
popup.js:316 NoDecodeM249 | Контрастные цвета
popup.js:316 NoDecodeMAG-7 | Гроза
popup.js:316 NoDecodeMP9 | Гроза
popup.js:316 NoDecodeSawed-Off | Белое напыление
popup.js:316 NoDecodeUMP-45 | Сажа
popup.js:316 NoDecodeMP7 | Пороховой дым
popup.js:316 NoDecodeDesert Eagle | Пиксельный камуфляж «Город»
popup.js:316 NoDecodeGlock-18 | Ночь
popup.js:316 NoDecodeP2000 | Цвет луга
popup.js:316 NoDecodeXM1014 | Смешанный синий камуфляж
popup.js:316 NoDecodeSSG 08 | Объезд
popup.js:316 NoDecodeCZ75-Auto | Нитро
popup.js:316 NoDecodeAWP | Пиксельный камуфляж «Розовый»
popup.js:316 NoDecodeUSP-S | Следы асфальта
popup.js:316 NoDecodeM4A1-S | Шедевр
popup.js:321 15
popup.js:322 (15) ["M249 | Контрастные цвета", "MAG-7 | Гроза", "MP9 | Гроза", "Sawed-Off | Белое напыление", "UMP-45 | Сажа", "MP7 | Пороховой дым", "Desert Eagle | Пиксельный камуфляж «Город»", "Glock-18 | Ночь", "P2000 | Цвет луга", "XM1014 | Смешанный синий камуфляж", "SSG 08 | Объезд", "CZ75-Auto | Нитро", "AWP | Пиксельный камуфляж «Розовый»", "USP-S | Следы асфальта", "M4A1-S | Шедевр"]
popup.js:338 DecodeM249 | Контрастные цвета
popup.js:339 NoDecodeM249 | Контрастные цвета
popup.js:348 Box price is -----------------------257,32 pуб.---------------------------------
popup.js:349 URLDECODE=https://steamcommunity.com/market/search?q=M249%20%7C%20%D0%9A%D0%BE%D0%BD%D1%82%D1%80%D0%B0%D1%81%D1%82%D0%BD%D1%8B%D0%B5%20%D1%86%D0%B2%D0%B5%D1%82%D0%B0
popup.js:353 price is --------3,99 pуб.--------  || and Name is M249 | Контрастные цвета
popup.js:354 -------------------------------------------------------
popup.js:338 DecodeMAG-7 | Гроза
popup.js:339 NoDecodeMAG-7 | Гроза
popup.js:348 Box price is -----------------------257,32 pуб.---------------------------------
popup.js:349 URLDECODE=https://steamcommunity.com/market/search?q=MAG-7%20%7C%20%D0%93%D1%80%D0%BE%D0%B7%D0%B0
popup.js:353 price is --------2,65 pуб.--------  || and Name is MAG-7 | Гроза
popup.js:354 -------------------------------------------------------
popup.js:338 DecodeMP9 | Гроза
popup.js:339 NoDecodeMP9 | Гроза
popup.js:348 Box price is -----------------------257,32 pуб.---------------------------------
popup.js:349 URLDECODE=https://steamcommunity.com/market/search?q=MP9%20%7C%20%D0%93%D1%80%D0%BE%D0%B7%D0%B0
popup.js:353 price is --------3,93 pуб.--------  || and Name is MP9 | Гроза
popup.js:354 -------------------------------------------------------
popup.js:338 DecodeSawed-Off | Белое напыление
popup.js:339 NoDecodeSawed-Off | Белое напыление
popup.js:348 Box price is -----------------------257,32 pуб.---------------------------------
popup.js:349 URLDECODE=https://steamcommunity.com/market/search?q=Sawed-Off%20%7C%20%D0%91%D0%B5%D0%BB%D0%BE%D0%B5%20%D0%BD%D0%B0%D0%BF%D1%8B%D0%BB%D0%B5%D0%BD%D0%B8%D0%B5
popup.js:353 price is --------2,73 pуб.--------  || and Name is Sawed-Off | Белое напыление
popup.js:354 -------------------------------------------------------
popup.js:338 DecodeUMP-45 | Сажа
popup.js:339 NoDecodeUMP-45 | Сажа
popup.js:348 Box price is -----------------------257,32 pуб.---------------------------------
popup.js:349 URLDECODE=https://steamcommunity.com/market/search?q=UMP-45%20%7C%20%D0%A1%D0%B0%D0%B6%D0%B0
popup.js:353 price is --------3,08 pуб.--------  || and Name is UMP-45 | Сажа
popup.js:354 -------------------------------------------------------
popup.js:338 DecodeMP7 | Пороховой дым
popup.js:339 NoDecodeMP7 | Пороховой дым
popup.js:348 Box price is -----------------------257,32 pуб.---------------------------------
popup.js:349 URLDECODE=https://steamcommunity.com/market/search?q=MP7%20%7C%20%D0%9F%D0%BE%D1%80%D0%BE%D1%85%D0%BE%D0%B2%D0%BE%D0%B9%20%D0%B4%D1%8B%D0%BC
popup.js:353 price is --------14,89 pуб.--------  || and Name is MP7 | Пороховой дым
popup.js:354 -------------------------------------------------------
popup.js:338 DecodeDesert Eagle | Пиксельный камуфляж «Город»
popup.js:339 NoDecodeDesert Eagle | Пиксельный камуфляж «Город»
popup.js:348 Box price is -----------------------257,32 pуб.---------------------------------
popup.js:349 URLDECODE=https://steamcommunity.com/market/search?q=Desert%20Eagle%20%7C%20%D0%9F%D0%B8%D0%BA%D1%81%D0%B5%D0%BB%D1%8C%D0%BD%D1%8B%D0%B9%20%D0%BA%D0%B0%D0%BC%D1%83%D1%84%D0%BB%D1%8F%D0%B6%20%C2%AB%D0%93%D0%BE%D1%80%D0%BE%D0%B4%C2%BB
popup.js:353 price is --------41,12 pуб.--------  || and Name is Desert Eagle | Пиксельный камуфляж «Город»
popup.js:354 -------------------------------------------------------
popup.js:338 DecodeGlock-18 | Ночь
popup.js:339 NoDecodeGlock-18 | Ночь
popup.js:348 Box price is -----------------------257,32 pуб.---------------------------------
popup.js:349 URLDECODE=https://steamcommunity.com/market/search?q=Glock-18%20%7C%20%D0%9D%D0%BE%D1%87%D1%8C
popup.js:353 price is --------19,59 pуб.--------  || and Name is Glock-18 | Ночь
popup.js:354 -------------------------------------------------------
popup.js:338 DecodeP2000 | Цвет луга
popup.js:339 NoDecodeP2000 | Цвет луга
popup.js:348 Box price is -----------------------257,32 pуб.---------------------------------
popup.js:349 URLDECODE=https://steamcommunity.com/market/search?q=P2000%20%7C%20%D0%A6%D0%B2%D0%B5%D1%82%20%D0%BB%D1%83%D0%B3%D0%B0
popup.js:353 price is --------14,16 pуб.--------  || and Name is P2000 | Цвет луга
popup.js:354 -------------------------------------------------------
popup.js:338 DecodeXM1014 | Смешанный синий камуфляж
popup.js:339 NoDecodeXM1014 | Смешанный синий камуфляж
popup.js:348 Box price is -----------------------257,32 pуб.---------------------------------
popup.js:349 URLDECODE=https://steamcommunity.com/market/search?q=XM1014%20%7C%20%D0%A1%D0%BC%D0%B5%D1%88%D0%B0%D0%BD%D0%BD%D1%8B%D0%B9%20%D1%81%D0%B8%D0%BD%D0%B8%D0%B9%20%D0%BA%D0%B0%D0%BC%D1%83%D1%84%D0%BB%D1%8F%D0%B6
popup.js:353 price is --------153,94 pуб.--------  || and Name is XM1014 | Смешанный синий камуфляж
popup.js:354 -------------------------------------------------------
popup.js:338 DecodeSSG 08 | Объезд
popup.js:339 NoDecodeSSG 08 | Объезд
popup.js:348 Box price is -----------------------257,32 pуб.---------------------------------
popup.js:349 URLDECODE=https://steamcommunity.com/market/search?q=SSG%2008%20%7C%20%D0%9E%D0%B1%D1%8A%D0%B5%D0%B7%D0%B4
popup.js:353 price is --------204,53 pуб.--------  || and Name is SSG 08 | Объезд
popup.js:354 -------------------------------------------------------
popup.js:338 DecodeCZ75-Auto | Нитро
popup.js:339 NoDecodeCZ75-Auto | Нитро
popup.js:348 Box price is -----------------------257,32 pуб.---------------------------------
popup.js:349 URLDECODE=https://steamcommunity.com/market/search?q=CZ75-Auto%20%7C%20%D0%9D%D0%B8%D1%82%D1%80%D0%BE
popup.js:353 price is --------173,29 pуб.--------  || and Name is CZ75-Auto | Нитро
popup.js:354 -------------------------------------------------------
popup.js:338 DecodeAWP | Пиксельный камуфляж «Розовый»
popup.js:339 NoDecodeAWP | Пиксельный камуфляж «Розовый»
popup.js:338 DecodeUSP-S | Следы асфальта
popup.js:339 NoDecodeUSP-S | Следы асфальта
popup.js:348 Box price is -----------------------257,32 pуб.---------------------------------
popup.js:349 URLDECODE=https://steamcommunity.com/market/search?q=AWP%20%7C%20%D0%9F%D0%B8%D0%BA%D1%81%D0%B5%D0%BB%D1%8C%D0%BD%D1%8B%D0%B9%20%D0%BA%D0%B0%D0%BC%D1%83%D1%84%D0%BB%D1%8F%D0%B6%20%C2%AB%D0%A0%D0%BE%D0%B7%D0%BE%D0%B2%D1%8B%D0%B9%C2%BB
popup.js:353 price is --------681,75 pуб.--------  || and Name is AWP | Пиксельный камуфляж «Розовый»
popup.js:354 -------------------------------------------------------
popup.js:348 Box price is -----------------------257,32 pуб.---------------------------------
popup.js:349 URLDECODE=https://steamcommunity.com/market/search?q=USP-S%20%7C%20%D0%A1%D0%BB%D0%B5%D0%B4%D1%8B%20%D0%B0%D1%81%D1%84%D0%B0%D0%BB%D1%8C%D1%82%D0%B0
popup.js:353 price is --------861,99 pуб.--------  || and Name is USP-S | Следы асфальта
popup.js:354 -------------------------------------------------------
popup.js:338 DecodeM4A1-S | Шедевр
popup.js:339 NoDecodeM4A1-S | Шедевр
popup.js:348 Box price is -----------------------257,32 pуб.---------------------------------
popup.js:349 URLDECODE=https://steamcommunity.com/market/search?q=M4A1-S%20%7C%20%D0%A8%D0%B5%D0%B4%D0%B5%D0%B2%D1%80
popup.js:353 price is --------1175,44 pуб.--------  || and Name is M4A1-S | Шедевр
popup.js:354 -------------------------------------------------------
popup.js:293 this is https://steamcommunity.com/market/listings/730/Katowice%202019%20Nuke%20Souvenir%20Package
popup.js:300 start
popup.js:316 NoDecodeПП-19 Бизон | Чертёж объекта
popup.js:316 NoDecodeP250 | Чертёж-планировка
popup.js:316 NoDecodeUMP-45 | Чертёж-гравировка
popup.js:316 NoDecodeFive-SeveN | Хладагент
popup.js:316 NoDecodeNova | Сердечник
popup.js:316 NoDecodeM4A4 | Центральный процессор
popup.js:316 NoDecodeMP7 | Материнская плата
popup.js:316 NoDecodeNegev | Изоляция
popup.js:316 NoDecodeGalil AR | Холодный синтез
popup.js:316 NoDecodeP90 | Чертёж-негатив
popup.js:316 NoDecodeMP5-SD | Сопроцессор
popup.js:316 NoDecodeP250 | Обменник
popup.js:316 NoDecodeAWP | Ахерон
popup.js:316 NoDecodeAUG | Оперативная память
popup.js:316 NoDecodeMAG-7 | Разрушение ядра
popup.js:316 NoDecodeGlock-18 | Ядерный сад
popup.js:316 NoDecodeTec-9 | Удалённый доступ
popup.js:316 NoDecodeM4A1-S | Панель управления
popup.js:321 18
popup.js:322 (18) ["ПП-19 Бизон | Чертёж объекта", "P250 | Чертёж-планировка", "UMP-45 | Чертёж-гравировка", "Five-SeveN | Хладагент", "Nova | Сердечник", "M4A4 | Центральный процессор", "MP7 | Материнская плата", "Negev | Изоляция", "Galil AR | Холодный синтез", "P90 | Чертёж-негатив", "MP5-SD | Сопроцессор", "P250 | Обменник", "AWP | Ахерон", "AUG | Оперативная память", "MAG-7 | Разрушение ядра", "Glock-18 | Ядерный сад", "Tec-9 | Удалённый доступ", "M4A1-S | Панель управления"]
popup.js:338 DecodeПП-19 Бизон | Чертёж объекта
popup.js:339 NoDecodeПП-19 Бизон | Чертёж объекта
popup.js:348 Box price is -----------------------213,53 pуб.---------------------------------
popup.js:349 URLDECODE=https://steamcommunity.com/market/search?q=%D0%9F%D0%9F-19%20%D0%91%D0%B8%D0%B7%D0%BE%D0%BD%20%7C%20%D0%A7%D0%B5%D1%80%D1%82%D1%91%D0%B6%20%D0%BE%D0%B1%D1%8A%D0%B5%D0%BA%D1%82%D0%B0
popup.js:353 price is --------1,08 pуб.--------  || and Name is ПП-19 Бизон | Чертёж объекта
popup.js:354 -------------------------------------------------------
popup.js:338 DecodeP250 | Чертёж-планировка
popup.js:339 NoDecodeP250 | Чертёж-планировка
popup.js:348 Box price is -----------------------213,53 pуб.---------------------------------
popup.js:349 URLDECODE=https://steamcommunity.com/market/search?q=P250%20%7C%20%D0%A7%D0%B5%D1%80%D1%82%D1%91%D0%B6-%D0%BF%D0%BB%D0%B0%D0%BD%D0%B8%D1%80%D0%BE%D0%B2%D0%BA%D0%B0
popup.js:353 price is --------1,21 pуб.--------  || and Name is P250 | Чертёж-планировка
popup.js:354 -------------------------------------------------------
popup.js:338 DecodeUMP-45 | Чертёж-гравировка
popup.js:339 NoDecodeUMP-45 | Чертёж-гравировка
popup.js:348 Box price is -----------------------213,53 pуб.---------------------------------
popup.js:349 URLDECODE=https://steamcommunity.com/market/search?q=UMP-45%20%7C%20%D0%A7%D0%B5%D1%80%D1%82%D1%91%D0%B6-%D0%B3%D1%80%D0%B0%D0%B2%D0%B8%D1%80%D0%BE%D0%B2%D0%BA%D0%B0
popup.js:353 price is --------1,05 pуб.--------  || and Name is UMP-45 | Чертёж-гравировка
popup.js:354 -------------------------------------------------------
popup.js:338 DecodeFive-SeveN | Хладагент
popup.js:339 NoDecodeFive-SeveN | Хладагент
popup.js:348 Box price is -----------------------213,53 pуб.---------------------------------
popup.js:349 URLDECODE=https://steamcommunity.com/market/search?q=Five-SeveN%20%7C%20%D0%A5%D0%BB%D0%B0%D0%B4%D0%B0%D0%B3%D0%B5%D0%BD%D1%82
popup.js:353 price is --------1,37 pуб.--------  || and Name is Five-SeveN | Хладагент
popup.js:354 -------------------------------------------------------
popup.js:338 DecodeNova | Сердечник
popup.js:339 NoDecodeNova | Сердечник
popup.js:348 Box price is -----------------------213,53 pуб.---------------------------------
popup.js:349 URLDECODE=https://steamcommunity.com/market/search?q=Nova%20%7C%20%D0%A1%D0%B5%D1%80%D0%B4%D0%B5%D1%87%D0%BD%D0%B8%D0%BA
popup.js:353 price is --------1,04 pуб.--------  || and Name is Nova | Сердечник
popup.js:354 -------------------------------------------------------
popup.js:338 DecodeM4A4 | Центральный процессор
popup.js:339 NoDecodeM4A4 | Центральный процессор
popup.js:348 Box price is -----------------------213,53 pуб.---------------------------------
popup.js:349 URLDECODE=https://steamcommunity.com/market/search?q=M4A4%20%7C%20%D0%A6%D0%B5%D0%BD%D1%82%D1%80%D0%B0%D0%BB%D1%8C%D0%BD%D1%8B%D0%B9%20%D0%BF%D1%80%D0%BE%D1%86%D0%B5%D1%81%D1%81%D0%BE%D1%80
popup.js:353 price is --------9,92 pуб.--------  || and Name is M4A4 | Центральный процессор
popup.js:354 -------------------------------------------------------
popup.js:338 DecodeMP7 | Материнская плата
popup.js:339 NoDecodeMP7 | Материнская плата
popup.js:348 Box price is -----------------------213,53 pуб.---------------------------------
popup.js:349 URLDECODE=https://steamcommunity.com/market/search?q=MP7%20%7C%20%D0%9C%D0%B0%D1%82%D0%B5%D1%80%D0%B8%D0%BD%D1%81%D0%BA%D0%B0%D1%8F%20%D0%BF%D0%BB%D0%B0%D1%82%D0%B0
popup.js:353 price is --------7,70 pуб.--------  || and Name is MP7 | Материнская плата
popup.js:354 -------------------------------------------------------
popup.js:338 DecodeNegev | Изоляция
popup.js:339 NoDecodeNegev | Изоляция
popup.js:348 Box price is -----------------------213,53 pуб.---------------------------------
popup.js:349 URLDECODE=https://steamcommunity.com/market/search?q=Negev%20%7C%20%D0%98%D0%B7%D0%BE%D0%BB%D1%8F%D1%86%D0%B8%D1%8F
popup.js:353 price is --------8,36 pуб.--------  || and Name is Negev | Изоляция
popup.js:354 -------------------------------------------------------
popup.js:338 DecodeGalil AR | Холодный синтез
popup.js:339 NoDecodeGalil AR | Холодный синтез
popup.js:348 Box price is -----------------------213,53 pуб.---------------------------------
popup.js:349 URLDECODE=https://steamcommunity.com/market/search?q=Galil%20AR%20%7C%20%D0%A5%D0%BE%D0%BB%D0%BE%D0%B4%D0%BD%D1%8B%D0%B9%20%D1%81%D0%B8%D0%BD%D1%82%D0%B5%D0%B7
popup.js:353 price is --------12,17 pуб.--------  || and Name is Galil AR | Холодный синтез
popup.js:354 -------------------------------------------------------
popup.js:338 DecodeP90 | Чертёж-негатив
popup.js:339 NoDecodeP90 | Чертёж-негатив
popup.js:348 Box price is -----------------------213,53 pуб.---------------------------------
popup.js:349 URLDECODE=https://steamcommunity.com/market/search?q=P90%20%7C%20%D0%A7%D0%B5%D1%80%D1%82%D1%91%D0%B6-%D0%BD%D0%B5%D0%B3%D0%B0%D1%82%D0%B8%D0%B2
popup.js:353 price is --------23,44 pуб.--------  || and Name is P90 | Чертёж-негатив
popup.js:354 -------------------------------------------------------
popup.js:338 DecodeMP5-SD | Сопроцессор
popup.js:339 NoDecodeMP5-SD | Сопроцессор
popup.js:348 Box price is -----------------------213,53 pуб.---------------------------------
popup.js:349 URLDECODE=https://steamcommunity.com/market/search?q=MP5-SD%20%7C%20%D0%A1%D0%BE%D0%BF%D1%80%D0%BE%D1%86%D0%B5%D1%81%D1%81%D0%BE%D1%80
popup.js:353 price is --------39,74 pуб.--------  || and Name is MP5-SD | Сопроцессор
popup.js:354 -------------------------------------------------------
popup.js:338 DecodeP250 | Обменник
popup.js:339 NoDecodeP250 | Обменник
popup.js:348 Box price is -----------------------213,53 pуб.---------------------------------
popup.js:349 URLDECODE=https://steamcommunity.com/market/search?q=P250%20%7C%20%D0%9E%D0%B1%D0%BC%D0%B5%D0%BD%D0%BD%D0%B8%D0%BA
popup.js:353 price is --------27,63 pуб.--------  || and Name is P250 | Обменник
popup.js:354 -------------------------------------------------------
popup.js:338 DecodeAWP | Ахерон
popup.js:339 NoDecodeAWP | Ахерон
popup.js:348 Box price is -----------------------213,53 pуб.---------------------------------
popup.js:349 URLDECODE=https://steamcommunity.com/market/search?q=AWP%20%7C%20%D0%90%D1%85%D0%B5%D1%80%D0%BE%D0%BD
popup.js:353 price is --------229,57 pуб.--------  || and Name is AWP | Ахерон
popup.js:354 -------------------------------------------------------
popup.js:338 DecodeAUG | Оперативная память
popup.js:339 NoDecodeAUG | Оперативная память
popup.js:348 Box price is -----------------------213,53 pуб.---------------------------------
popup.js:349 URLDECODE=https://steamcommunity.com/market/search?q=AUG%20%7C%20%D0%9E%D0%BF%D0%B5%D1%80%D0%B0%D1%82%D0%B8%D0%B2%D0%BD%D0%B0%D1%8F%20%D0%BF%D0%B0%D0%BC%D1%8F%D1%82%D1%8C
popup.js:353 price is --------52,51 pуб.--------  || and Name is AUG | Оперативная память
popup.js:354 -------------------------------------------------------
popup.js:338 DecodeMAG-7 | Разрушение ядра
popup.js:339 NoDecodeMAG-7 | Разрушение ядра
popup.js:348 Box price is -----------------------213,53 pуб.---------------------------------
popup.js:349 URLDECODE=https://steamcommunity.com/market/search?q=MAG-7%20%7C%20%D0%A0%D0%B0%D0%B7%D1%80%D1%83%D1%88%D0%B5%D0%BD%D0%B8%D0%B5%20%D1%8F%D0%B4%D1%80%D0%B0
popup.js:353 price is --------32,13 pуб.--------  || and Name is MAG-7 | Разрушение ядра
popup.js:354 -------------------------------------------------------
popup.js:338 DecodeGlock-18 | Ядерный сад
popup.js:339 NoDecodeGlock-18 | Ядерный сад
popup.js:348 Box price is -----------------------213,53 pуб.---------------------------------
popup.js:349 URLDECODE=https://steamcommunity.com/market/search?q=Glock-18%20%7C%20%D0%AF%D0%B4%D0%B5%D1%80%D0%BD%D1%8B%D0%B9%20%D1%81%D0%B0%D0%B4
popup.js:353 price is --------420,04 pуб.--------  || and Name is Glock-18 | Ядерный сад
popup.js:354 -------------------------------------------------------
popup.js:338 DecodeTec-9 | Удалённый доступ
popup.js:339 NoDecodeTec-9 | Удалённый доступ
popup.js:348 Box price is -----------------------213,53 pуб.---------------------------------
popup.js:349 URLDECODE=https://steamcommunity.com/market/search?q=Tec-9%20%7C%20%D0%A3%D0%B4%D0%B0%D0%BB%D1%91%D0%BD%D0%BD%D1%8B%D0%B9%20%D0%B4%D0%BE%D1%81%D1%82%D1%83%D0%BF
popup.js:353 price is --------128,92 pуб.--------  || and Name is Tec-9 | Удалённый доступ
popup.js:354 -------------------------------------------------------
popup.js:338 DecodeM4A1-S | Панель управления
popup.js:339 NoDecodeM4A1-S | Панель управления
popup.js:348 Box price is -----------------------213,53 pуб.---------------------------------
popup.js:349 URLDECODE=https://steamcommunity.com/market/search?q=M4A1-S%20%7C%20%D0%9F%D0%B0%D0%BD%D0%B5%D0%BB%D1%8C%20%D1%83%D0%BF%D1%80%D0%B0%D0%B2%D0%BB%D0%B5%D0%BD%D0%B8%D1%8F
popup.js:353 price is --------480,09 pуб.--------  || and Name is M4A1-S | Панель управления
popup.js:354 -------------------------------------------------------
