popup.js:1 Start
popup.js:258 Click
popup.js:297 +++++++++++++++++++++++++++++++++++++++++++++++++++++++++++++++
popup.js:298 +++++++++++++++++++++++++++++++++++++++++++++++++++++++++++++++
popup.js:299 +++++++++++++++++++++++++++++++++++++++++++++++++++++++++++++++
popup.js:300 this is https://steamcommunity.com/market/listings/730/Boston%202018%20Cobblestone%20Souvenir%20Package
popup.js:307 start
popup.js:323 NoDecodeP90 | Гроза
popup.js:323 NoDecodeSCAR-20 | Гроза
popup.js:323 NoDecodeDual Berettas | Терн
popup.js:323 NoDecodeMAC-10 | Индиго
popup.js:323 NoDecodeUMP-45 | Индиго
popup.js:323 NoDecodeMAG-7 | Серебро
popup.js:323 NoDecodeNova | Зеленое яблоко
popup.js:323 NoDecodeSawed-Off | Пыльник
popup.js:323 NoDecodeUSP-S | Королевский синий
popup.js:323 NoDecodeP2000 | Кольчуга
popup.js:323 NoDecodeMP9 | Тёмный век
popup.js:323 NoDecodeCZ75-Auto | Чаша
popup.js:323 NoDecodeDesert Eagle | Пищаль
popup.js:323 NoDecodeM4A1-S | Рыцарь
popup.js:323 NoDecodeAWP | История о драконе
popup.js:328 15
popup.js:329 (15) ["P90 | Гроза", "SCAR-20 | Гроза", "Dual Berettas | Терн", "MAC-10 | Индиго", "UMP-45 | Индиго", "MAG-7 | Серебро", "Nova | Зеленое яблоко", "Sawed-Off | Пыльник", "USP-S | Королевский синий", "P2000 | Кольчуга", "MP9 | Тёмный век", "CZ75-Auto | Чаша", "Desert Eagle | Пищаль", "M4A1-S | Рыцарь", "AWP | История о драконе"]
popup.js:345 DecodeP90 | Гроза
popup.js:346 NoDecodeP90 | Гроза
popup.js:355 Box price is -----------------------9891,76 pуб.---------------------------------
popup.js:356 URLDECODE=https://steamcommunity.com/market/search?q=P90%20%7C%20%D0%93%D1%80%D0%BE%D0%B7%D0%B0
popup.js:360 price is --------11,96 pуб.--------  || and Name is P90 | Гроза
popup.js:361 -------------------------------------------------------
popup.js:345 DecodeSCAR-20 | Гроза
popup.js:346 NoDecodeSCAR-20 | Гроза
popup.js:355 Box price is -----------------------9891,76 pуб.---------------------------------
popup.js:356 URLDECODE=https://steamcommunity.com/market/search?q=SCAR-20%20%7C%20%D0%93%D1%80%D0%BE%D0%B7%D0%B0
popup.js:360 price is --------12,29 pуб.--------  || and Name is SCAR-20 | Гроза
popup.js:361 -------------------------------------------------------
popup.js:345 DecodeDual Berettas | Терн
popup.js:346 NoDecodeDual Berettas | Терн
popup.js:355 Box price is -----------------------9891,76 pуб.---------------------------------
popup.js:356 URLDECODE=https://steamcommunity.com/market/search?q=Dual%20Berettas%20%7C%20%D0%A2%D0%B5%D1%80%D0%BD
popup.js:360 price is --------16,26 pуб.--------  || and Name is Dual Berettas | Терн
popup.js:361 -------------------------------------------------------
popup.js:345 DecodeMAC-10 | Индиго
popup.js:346 NoDecodeMAC-10 | Индиго
popup.js:355 Box price is -----------------------9891,76 pуб.---------------------------------
popup.js:356 URLDECODE=https://steamcommunity.com/market/search?q=MAC-10%20%7C%20%D0%98%D0%BD%D0%B4%D0%B8%D0%B3%D0%BE
popup.js:360 price is --------12,76 pуб.--------  || and Name is MAC-10 | Индиго
popup.js:361 -------------------------------------------------------
popup.js:345 DecodeUMP-45 | Индиго
popup.js:346 NoDecodeUMP-45 | Индиго
popup.js:355 Box price is -----------------------9891,76 pуб.---------------------------------
popup.js:356 URLDECODE=https://steamcommunity.com/market/search?q=UMP-45%20%7C%20%D0%98%D0%BD%D0%B4%D0%B8%D0%B3%D0%BE
popup.js:360 price is --------12,71 pуб.--------  || and Name is UMP-45 | Индиго
popup.js:361 -------------------------------------------------------
popup.js:345 DecodeMAG-7 | Серебро
popup.js:346 NoDecodeMAG-7 | Серебро
popup.js:355 Box price is -----------------------9891,76 pуб.---------------------------------
popup.js:356 URLDECODE=https://steamcommunity.com/market/search?q=MAG-7%20%7C%20%D0%A1%D0%B5%D1%80%D0%B5%D0%B1%D1%80%D0%BE
popup.js:360 price is --------132 pуб.--------  || and Name is MAG-7 | Серебро
popup.js:361 -------------------------------------------------------
popup.js:345 DecodeNova | Зеленое яблоко
popup.js:346 NoDecodeNova | Зеленое яблоко
popup.js:355 Box price is -----------------------9891,76 pуб.---------------------------------
popup.js:356 URLDECODE=https://steamcommunity.com/market/search?q=Nova%20%7C%20%D0%97%D0%B5%D0%BB%D0%B5%D0%BD%D0%BE%D0%B5%20%D1%8F%D0%B1%D0%BB%D0%BE%D0%BA%D0%BE
popup.js:360 price is --------106,94 pуб.--------  || and Name is Nova | Зеленое яблоко
popup.js:361 -------------------------------------------------------
popup.js:345 DecodeSawed-Off | Пыльник
popup.js:346 NoDecodeSawed-Off | Пыльник
popup.js:355 Box price is -----------------------9891,76 pуб.---------------------------------
popup.js:356 URLDECODE=https://steamcommunity.com/market/search?q=Sawed-Off%20%7C%20%D0%9F%D1%8B%D0%BB%D1%8C%D0%BD%D0%B8%D0%BA
popup.js:360 price is --------122,44 pуб.--------  || and Name is Sawed-Off | Пыльник
popup.js:361 -------------------------------------------------------
popup.js:345 DecodeUSP-S | Королевский синий
popup.js:346 NoDecodeUSP-S | Королевский синий
popup.js:355 Box price is -----------------------9891,76 pуб.---------------------------------
popup.js:356 URLDECODE=https://steamcommunity.com/market/search?q=USP-S%20%7C%20%D0%9A%D0%BE%D1%80%D0%BE%D0%BB%D0%B5%D0%B2%D1%81%D0%BA%D0%B8%D0%B9%20%D1%81%D0%B8%D0%BD%D0%B8%D0%B9
popup.js:360 price is --------107,95 pуб.--------  || and Name is USP-S | Королевский синий
popup.js:361 -------------------------------------------------------
popup.js:345 DecodeP2000 | Кольчуга
popup.js:346 NoDecodeP2000 | Кольчуга
popup.js:355 Box price is -----------------------9891,76 pуб.---------------------------------
popup.js:356 URLDECODE=https://steamcommunity.com/market/search?q=P2000%20%7C%20%D0%9A%D0%BE%D0%BB%D1%8C%D1%87%D1%83%D0%B3%D0%B0
popup.js:360 price is --------1045 pуб.--------  || and Name is P2000 | Кольчуга
popup.js:361 -------------------------------------------------------
popup.js:345 DecodeMP9 | Тёмный век
popup.js:346 NoDecodeMP9 | Тёмный век
popup.js:355 Box price is -----------------------9891,76 pуб.---------------------------------
popup.js:356 URLDECODE=https://steamcommunity.com/market/search?q=MP9%20%7C%20%D0%A2%D1%91%D0%BC%D0%BD%D1%8B%D0%B9%20%D0%B2%D0%B5%D0%BA
popup.js:360 price is --------1067 pуб.--------  || and Name is MP9 | Тёмный век
popup.js:361 -------------------------------------------------------
popup.js:345 DecodeCZ75-Auto | Чаша
popup.js:346 NoDecodeCZ75-Auto | Чаша
popup.js:355 Box price is -----------------------9891,76 pуб.---------------------------------
popup.js:356 URLDECODE=https://steamcommunity.com/market/search?q=CZ75-Auto%20%7C%20%D0%A7%D0%B0%D1%88%D0%B0
popup.js:360 price is --------6815,22 pуб.--------  || and Name is CZ75-Auto | Чаша
popup.js:361 -------------------------------------------------------
popup.js:345 DecodeDesert Eagle | Пищаль
popup.js:346 NoDecodeDesert Eagle | Пищаль
popup.js:355 Box price is -----------------------9891,76 pуб.---------------------------------
popup.js:356 URLDECODE=https://steamcommunity.com/market/search?q=Desert%20Eagle%20%7C%20%D0%9F%D0%B8%D1%89%D0%B0%D0%BB%D1%8C
popup.js:360 price is --------6133,46 pуб.--------  || and Name is Desert Eagle | Пищаль
popup.js:361 -------------------------------------------------------
popup.js:345 DecodeM4A1-S | Рыцарь
popup.js:346 NoDecodeM4A1-S | Рыцарь
popup.js:355 Box price is -----------------------9891,76 pуб.---------------------------------
popup.js:356 URLDECODE=https://steamcommunity.com/market/search?q=M4A1-S%20%7C%20%D0%A0%D1%8B%D1%86%D0%B0%D1%80%D1%8C
popup.js:360 price is --------41893,80 pуб.--------  || and Name is M4A1-S | Рыцарь
popup.js:361 -------------------------------------------------------
popup.js:345 DecodeAWP | История о драконе
popup.js:346 NoDecodeAWP | История о драконе
popup.js:355 Box price is -----------------------9891,76 pуб.---------------------------------
popup.js:356 URLDECODE=https://steamcommunity.com/market/search?q=AWP%20%7C%20%D0%98%D1%81%D1%82%D0%BE%D1%80%D0%B8%D1%8F%20%D0%BE%20%D0%B4%D1%80%D0%B0%D0%BA%D0%BE%D0%BD%D0%B5
popup.js:360 price is --------71412,93 pуб.--------  || and Name is AWP | История о драконе
popup.js:361 -------------------------------------------------------
popup.js:297 +++++++++++++++++++++++++++++++++++++++++++++++++++++++++++++++
popup.js:298 +++++++++++++++++++++++++++++++++++++++++++++++++++++++++++++++
popup.js:299 +++++++++++++++++++++++++++++++++++++++++++++++++++++++++++++++
popup.js:300 this is https://steamcommunity.com/market/listings/730/Katowice%202019%20Nuke%20Souvenir%20Package
popup.js:307 start
popup.js:323 NoDecodeПП-19 Бизон | Чертёж объекта
popup.js:323 NoDecodeP250 | Чертёж-планировка
popup.js:323 NoDecodeUMP-45 | Чертёж-гравировка
popup.js:323 NoDecodeFive-SeveN | Хладагент
popup.js:323 NoDecodeNova | Сердечник
popup.js:323 NoDecodeM4A4 | Центральный процессор
popup.js:323 NoDecodeMP7 | Материнская плата
popup.js:323 NoDecodeNegev | Изоляция
popup.js:323 NoDecodeGalil AR | Холодный синтез
popup.js:323 NoDecodeP90 | Чертёж-негатив
popup.js:323 NoDecodeMP5-SD | Сопроцессор
popup.js:323 NoDecodeP250 | Обменник
popup.js:323 NoDecodeAWP | Ахерон
popup.js:323 NoDecodeAUG | Оперативная память
popup.js:323 NoDecodeMAG-7 | Разрушение ядра
popup.js:323 NoDecodeGlock-18 | Ядерный сад
popup.js:323 NoDecodeTec-9 | Удалённый доступ
popup.js:323 NoDecodeM4A1-S | Панель управления
popup.js:328 18
popup.js:329 (18) ["ПП-19 Бизон | Чертёж объекта", "P250 | Чертёж-планировка", "UMP-45 | Чертёж-гравировка", "Five-SeveN | Хладагент", "Nova | Сердечник", "M4A4 | Центральный процессор", "MP7 | Материнская плата", "Negev | Изоляция", "Galil AR | Холодный синтез", "P90 | Чертёж-негатив", "MP5-SD | Сопроцессор", "P250 | Обменник", "AWP | Ахерон", "AUG | Оперативная память", "MAG-7 | Разрушение ядра", "Glock-18 | Ядерный сад", "Tec-9 | Удалённый доступ", "M4A1-S | Панель управления"]
popup.js:345 DecodeПП-19 Бизон | Чертёж объекта
popup.js:346 NoDecodeПП-19 Бизон | Чертёж объекта
popup.js:355 Box price is -----------------------212,35 pуб.---------------------------------
popup.js:356 URLDECODE=https://steamcommunity.com/market/search?q=%D0%9F%D0%9F-19%20%D0%91%D0%B8%D0%B7%D0%BE%D0%BD%20%7C%20%D0%A7%D0%B5%D1%80%D1%82%D1%91%D0%B6%20%D0%BE%D0%B1%D1%8A%D0%B5%D0%BA%D1%82%D0%B0
popup.js:360 price is --------1,08 pуб.--------  || and Name is ПП-19 Бизон | Чертёж объекта
popup.js:361 -------------------------------------------------------
popup.js:345 DecodeP250 | Чертёж-планировка
popup.js:346 NoDecodeP250 | Чертёж-планировка
popup.js:355 Box price is -----------------------212,35 pуб.---------------------------------
popup.js:356 URLDECODE=https://steamcommunity.com/market/search?q=P250%20%7C%20%D0%A7%D0%B5%D1%80%D1%82%D1%91%D0%B6-%D0%BF%D0%BB%D0%B0%D0%BD%D0%B8%D1%80%D0%BE%D0%B2%D0%BA%D0%B0
popup.js:360 price is --------1,21 pуб.--------  || and Name is P250 | Чертёж-планировка
popup.js:361 -------------------------------------------------------
popup.js:345 DecodeUMP-45 | Чертёж-гравировка
popup.js:346 NoDecodeUMP-45 | Чертёж-гравировка
popup.js:355 Box price is -----------------------212,35 pуб.---------------------------------
popup.js:356 URLDECODE=https://steamcommunity.com/market/search?q=UMP-45%20%7C%20%D0%A7%D0%B5%D1%80%D1%82%D1%91%D0%B6-%D0%B3%D1%80%D0%B0%D0%B2%D0%B8%D1%80%D0%BE%D0%B2%D0%BA%D0%B0
popup.js:360 price is --------1,05 pуб.--------  || and Name is UMP-45 | Чертёж-гравировка
popup.js:361 -------------------------------------------------------
popup.js:345 DecodeFive-SeveN | Хладагент
popup.js:346 NoDecodeFive-SeveN | Хладагент
popup.js:355 Box price is -----------------------212,35 pуб.---------------------------------
popup.js:356 URLDECODE=https://steamcommunity.com/market/search?q=Five-SeveN%20%7C%20%D0%A5%D0%BB%D0%B0%D0%B4%D0%B0%D0%B3%D0%B5%D0%BD%D1%82
popup.js:360 price is --------1,37 pуб.--------  || and Name is Five-SeveN | Хладагент
popup.js:361 -------------------------------------------------------
popup.js:345 DecodeNova | Сердечник
popup.js:346 NoDecodeNova | Сердечник
popup.js:355 Box price is -----------------------212,35 pуб.---------------------------------
popup.js:356 URLDECODE=https://steamcommunity.com/market/search?q=Nova%20%7C%20%D0%A1%D0%B5%D1%80%D0%B4%D0%B5%D1%87%D0%BD%D0%B8%D0%BA
popup.js:360 price is --------1,01 pуб.--------  || and Name is Nova | Сердечник
popup.js:361 -------------------------------------------------------
popup.js:345 DecodeM4A4 | Центральный процессор
popup.js:346 NoDecodeM4A4 | Центральный процессор
popup.js:355 Box price is -----------------------212,35 pуб.---------------------------------
popup.js:356 URLDECODE=https://steamcommunity.com/market/search?q=M4A4%20%7C%20%D0%A6%D0%B5%D0%BD%D1%82%D1%80%D0%B0%D0%BB%D1%8C%D0%BD%D1%8B%D0%B9%20%D0%BF%D1%80%D0%BE%D1%86%D0%B5%D1%81%D1%81%D0%BE%D1%80
popup.js:360 price is --------9,92 pуб.--------  || and Name is M4A4 | Центральный процессор
popup.js:361 -------------------------------------------------------
popup.js:345 DecodeMP7 | Материнская плата
popup.js:346 NoDecodeMP7 | Материнская плата
popup.js:355 Box price is -----------------------212,35 pуб.---------------------------------
popup.js:356 URLDECODE=https://steamcommunity.com/market/search?q=MP7%20%7C%20%D0%9C%D0%B0%D1%82%D0%B5%D1%80%D0%B8%D0%BD%D1%81%D0%BA%D0%B0%D1%8F%20%D0%BF%D0%BB%D0%B0%D1%82%D0%B0
popup.js:360 price is --------7,79 pуб.--------  || and Name is MP7 | Материнская плата
popup.js:361 -------------------------------------------------------
popup.js:345 DecodeNegev | Изоляция
popup.js:346 NoDecodeNegev | Изоляция
popup.js:355 Box price is -----------------------212,35 pуб.---------------------------------
popup.js:356 URLDECODE=https://steamcommunity.com/market/search?q=Negev%20%7C%20%D0%98%D0%B7%D0%BE%D0%BB%D1%8F%D1%86%D0%B8%D1%8F
popup.js:360 price is --------8,36 pуб.--------  || and Name is Negev | Изоляция
popup.js:361 -------------------------------------------------------
popup.js:345 DecodeGalil AR | Холодный синтез
popup.js:346 NoDecodeGalil AR | Холодный синтез
popup.js:355 Box price is -----------------------212,35 pуб.---------------------------------
popup.js:356 URLDECODE=https://steamcommunity.com/market/search?q=Galil%20AR%20%7C%20%D0%A5%D0%BE%D0%BB%D0%BE%D0%B4%D0%BD%D1%8B%D0%B9%20%D1%81%D0%B8%D0%BD%D1%82%D0%B5%D0%B7
popup.js:360 price is --------11,75 pуб.--------  || and Name is Galil AR | Холодный синтез
popup.js:361 -------------------------------------------------------
popup.js:345 DecodeP90 | Чертёж-негатив
popup.js:346 NoDecodeP90 | Чертёж-негатив
popup.js:355 Box price is -----------------------212,35 pуб.---------------------------------
popup.js:356 URLDECODE=https://steamcommunity.com/market/search?q=P90%20%7C%20%D0%A7%D0%B5%D1%80%D1%82%D1%91%D0%B6-%D0%BD%D0%B5%D0%B3%D0%B0%D1%82%D0%B8%D0%B2
popup.js:360 price is --------23,44 pуб.--------  || and Name is P90 | Чертёж-негатив
popup.js:361 -------------------------------------------------------
popup.js:345 DecodeMP5-SD | Сопроцессор
popup.js:346 NoDecodeMP5-SD | Сопроцессор
popup.js:355 Box price is -----------------------212,35 pуб.---------------------------------
popup.js:356 URLDECODE=https://steamcommunity.com/market/search?q=MP5-SD%20%7C%20%D0%A1%D0%BE%D0%BF%D1%80%D0%BE%D1%86%D0%B5%D1%81%D1%81%D0%BE%D1%80
popup.js:360 price is --------39,74 pуб.--------  || and Name is MP5-SD | Сопроцессор
popup.js:361 -------------------------------------------------------
popup.js:345 DecodeP250 | Обменник
popup.js:346 NoDecodeP250 | Обменник
popup.js:355 Box price is -----------------------212,35 pуб.---------------------------------
popup.js:356 URLDECODE=https://steamcommunity.com/market/search?q=P250%20%7C%20%D0%9E%D0%B1%D0%BC%D0%B5%D0%BD%D0%BD%D0%B8%D0%BA
popup.js:360 price is --------27,63 pуб.--------  || and Name is P250 | Обменник
popup.js:361 -------------------------------------------------------
popup.js:345 DecodeAWP | Ахерон
popup.js:346 NoDecodeAWP | Ахерон
popup.js:345 DecodeAUG | Оперативная память
popup.js:346 NoDecodeAUG | Оперативная память
popup.js:355 Box price is -----------------------212,35 pуб.---------------------------------
popup.js:356 URLDECODE=https://steamcommunity.com/market/search?q=AWP%20%7C%20%D0%90%D1%85%D0%B5%D1%80%D0%BE%D0%BD
popup.js:360 price is --------229,57 pуб.--------  || and Name is AWP | Ахерон
popup.js:361 -------------------------------------------------------
popup.js:355 Box price is -----------------------212,35 pуб.---------------------------------
popup.js:356 URLDECODE=https://steamcommunity.com/market/search?q=AUG%20%7C%20%D0%9E%D0%BF%D0%B5%D1%80%D0%B0%D1%82%D0%B8%D0%B2%D0%BD%D0%B0%D1%8F%20%D0%BF%D0%B0%D0%BC%D1%8F%D1%82%D1%8C
popup.js:360 price is --------52,51 pуб.--------  || and Name is AUG | Оперативная память
popup.js:361 -------------------------------------------------------
popup.js:345 DecodeMAG-7 | Разрушение ядра
popup.js:346 NoDecodeMAG-7 | Разрушение ядра
popup.js:355 Box price is -----------------------212,35 pуб.---------------------------------
popup.js:356 URLDECODE=https://steamcommunity.com/market/search?q=MAG-7%20%7C%20%D0%A0%D0%B0%D0%B7%D1%80%D1%83%D1%88%D0%B5%D0%BD%D0%B8%D0%B5%20%D1%8F%D0%B4%D1%80%D0%B0
popup.js:360 price is --------32,13 pуб.--------  || and Name is MAG-7 | Разрушение ядра
popup.js:361 -------------------------------------------------------
popup.js:345 DecodeGlock-18 | Ядерный сад
popup.js:346 NoDecodeGlock-18 | Ядерный сад
popup.js:355 Box price is -----------------------212,35 pуб.---------------------------------
popup.js:356 URLDECODE=https://steamcommunity.com/market/search?q=Glock-18%20%7C%20%D0%AF%D0%B4%D0%B5%D1%80%D0%BD%D1%8B%D0%B9%20%D1%81%D0%B0%D0%B4
popup.js:360 price is --------420,04 pуб.--------  || and Name is Glock-18 | Ядерный сад
popup.js:361 -------------------------------------------------------
popup.js:345 DecodeTec-9 | Удалённый доступ
popup.js:346 NoDecodeTec-9 | Удалённый доступ
popup.js:355 Box price is -----------------------212,35 pуб.---------------------------------
popup.js:356 URLDECODE=https://steamcommunity.com/market/search?q=Tec-9%20%7C%20%D0%A3%D0%B4%D0%B0%D0%BB%D1%91%D0%BD%D0%BD%D1%8B%D0%B9%20%D0%B4%D0%BE%D1%81%D1%82%D1%83%D0%BF
popup.js:360 price is --------128,92 pуб.--------  || and Name is Tec-9 | Удалённый доступ
popup.js:361 -------------------------------------------------------
popup.js:345 DecodeM4A1-S | Панель управления
popup.js:346 NoDecodeM4A1-S | Панель управления
popup.js:355 Box price is -----------------------212,35 pуб.---------------------------------
popup.js:356 URLDECODE=https://steamcommunity.com/market/search?q=M4A1-S%20%7C%20%D0%9F%D0%B0%D0%BD%D0%B5%D0%BB%D1%8C%20%D1%83%D0%BF%D1%80%D0%B0%D0%B2%D0%BB%D0%B5%D0%BD%D0%B8%D1%8F
popup.js:360 price is --------505,75 pуб.--------  || and Name is M4A1-S | Панель управления
popup.js:361 -------------------------------------------------------
popup.js:297 +++++++++++++++++++++++++++++++++++++++++++++++++++++++++++++++
popup.js:298 +++++++++++++++++++++++++++++++++++++++++++++++++++++++++++++++
popup.js:299 +++++++++++++++++++++++++++++++++++++++++++++++++++++++++++++++
popup.js:300 this is https://steamcommunity.com/market/listings/730/Krakow%202017%20Mirage%20Souvenir%20Package
popup.js:307 start
popup.js:323 NoDecodeP250 | Костяная маска
popup.js:323 NoDecodeFive-SeveN | Наемник
popup.js:323 NoDecodeAUG | Колония
popup.js:323 NoDecodeG3SG1 | Африканская сетка
popup.js:323 NoDecodeP90 | Сажа
popup.js:323 NoDecodeGalil AR | Охотничья будка
popup.js:323 NoDecodeGlock-18 | Грунтовая вода
popup.js:323 NoDecodeMP7 | Апельсиновая корка
popup.js:323 NoDecodeSSG 08 | Тропическая гроза
popup.js:323 NoDecodeNegev | Калифорнийский камуфляж
popup.js:323 NoDecodeSG 553 | Крокодиловая сетка
popup.js:323 NoDecodeMP9 | Хот-род
popup.js:323 NoDecodeUMP-45 | Пламя
popup.js:323 NoDecodeMAC-10 | Янтарный градиент
popup.js:323 NoDecodeMAG-7 | Бульдозер
popup.js:328 15
popup.js:329 (15) ["P250 | Костяная маска", "Five-SeveN | Наемник", "AUG | Колония", "G3SG1 | Африканская сетка", "P90 | Сажа", "Galil AR | Охотничья будка", "Glock-18 | Грунтовая вода", "MP7 | Апельсиновая корка", "SSG 08 | Тропическая гроза", "Negev | Калифорнийский камуфляж", "SG 553 | Крокодиловая сетка", "MP9 | Хот-род", "UMP-45 | Пламя", "MAC-10 | Янтарный градиент", "MAG-7 | Бульдозер"]
popup.js:345 DecodeP250 | Костяная маска
popup.js:346 NoDecodeP250 | Костяная маска
popup.js:355 Box price is -----------------------297,68 pуб.---------------------------------
popup.js:356 URLDECODE=https://steamcommunity.com/market/search?q=P250%20%7C%20%D0%9A%D0%BE%D1%81%D1%82%D1%8F%D0%BD%D0%B0%D1%8F%20%D0%BC%D0%B0%D1%81%D0%BA%D0%B0
popup.js:360 price is --------16,23 pуб.--------  || and Name is P250 | Костяная маска
popup.js:361 -------------------------------------------------------
popup.js:345 DecodeFive-SeveN | Наемник
popup.js:346 NoDecodeFive-SeveN | Наемник
popup.js:355 Box price is -----------------------297,68 pуб.---------------------------------
popup.js:356 URLDECODE=https://steamcommunity.com/market/search?q=Five-SeveN%20%7C%20%D0%9D%D0%B0%D0%B5%D0%BC%D0%BD%D0%B8%D0%BA
popup.js:360 price is --------19,59 pуб.--------  || and Name is Five-SeveN | Наемник
popup.js:361 -------------------------------------------------------
popup.js:345 DecodeAUG | Колония
popup.js:346 NoDecodeAUG | Колония
popup.js:355 Box price is -----------------------297,68 pуб.---------------------------------
popup.js:356 URLDECODE=https://steamcommunity.com/market/search?q=AUG%20%7C%20%D0%9A%D0%BE%D0%BB%D0%BE%D0%BD%D0%B8%D1%8F
popup.js:360 price is --------16,30 pуб.--------  || and Name is AUG | Колония
popup.js:361 -------------------------------------------------------
popup.js:345 DecodeG3SG1 | Африканская сетка
popup.js:346 NoDecodeG3SG1 | Африканская сетка
popup.js:355 Box price is -----------------------297,68 pуб.---------------------------------
popup.js:356 URLDECODE=https://steamcommunity.com/market/search?q=G3SG1%20%7C%20%D0%90%D1%84%D1%80%D0%B8%D0%BA%D0%B0%D0%BD%D1%81%D0%BA%D0%B0%D1%8F%20%D1%81%D0%B5%D1%82%D0%BA%D0%B0
popup.js:360 price is --------84,63 pуб.--------  || and Name is G3SG1 | Африканская сетка
popup.js:361 -------------------------------------------------------
popup.js:345 DecodeP90 | Сажа
popup.js:346 NoDecodeP90 | Сажа
popup.js:355 Box price is -----------------------297,68 pуб.---------------------------------
popup.js:356 URLDECODE=https://steamcommunity.com/market/search?q=P90%20%7C%20%D0%A1%D0%B0%D0%B6%D0%B0
popup.js:360 price is --------12,76 pуб.--------  || and Name is P90 | Сажа
popup.js:361 -------------------------------------------------------
popup.js:345 DecodeGalil AR | Охотничья будка
popup.js:346 NoDecodeGalil AR | Охотничья будка
popup.js:355 Box price is -----------------------297,68 pуб.---------------------------------
popup.js:356 URLDECODE=https://steamcommunity.com/market/search?q=Galil%20AR%20%7C%20%D0%9E%D1%85%D0%BE%D1%82%D0%BD%D0%B8%D1%87%D1%8C%D1%8F%20%D0%B1%D1%83%D0%B4%D0%BA%D0%B0
popup.js:360 price is --------33,55 pуб.--------  || and Name is Galil AR | Охотничья будка
popup.js:361 -------------------------------------------------------
popup.js:345 DecodeGlock-18 | Грунтовая вода
popup.js:346 NoDecodeGlock-18 | Грунтовая вода
popup.js:355 Box price is -----------------------297,68 pуб.---------------------------------
popup.js:356 URLDECODE=https://steamcommunity.com/market/search?q=Glock-18%20%7C%20%D0%93%D1%80%D1%83%D0%BD%D1%82%D0%BE%D0%B2%D0%B0%D1%8F%20%D0%B2%D0%BE%D0%B4%D0%B0
popup.js:360 price is --------123,25 pуб.--------  || and Name is Glock-18 | Грунтовая вода
popup.js:361 -------------------------------------------------------
popup.js:345 DecodeMP7 | Апельсиновая корка
popup.js:346 NoDecodeMP7 | Апельсиновая корка
popup.js:355 Box price is -----------------------297,68 pуб.---------------------------------
popup.js:356 URLDECODE=https://steamcommunity.com/market/search?q=MP7%20%7C%20%D0%90%D0%BF%D0%B5%D0%BB%D1%8C%D1%81%D0%B8%D0%BD%D0%BE%D0%B2%D0%B0%D1%8F%20%D0%BA%D0%BE%D1%80%D0%BA%D0%B0
popup.js:360 price is --------108,25 pуб.--------  || and Name is MP7 | Апельсиновая корка
popup.js:361 -------------------------------------------------------
popup.js:345 DecodeSSG 08 | Тропическая гроза
popup.js:346 NoDecodeSSG 08 | Тропическая гроза
popup.js:355 Box price is -----------------------297,68 pуб.---------------------------------
popup.js:356 URLDECODE=https://steamcommunity.com/market/search?q=SSG%2008%20%7C%20%D0%A2%D1%80%D0%BE%D0%BF%D0%B8%D1%87%D0%B5%D1%81%D0%BA%D0%B0%D1%8F%20%D0%B3%D1%80%D0%BE%D0%B7%D0%B0
popup.js:360 price is --------106,38 pуб.--------  || and Name is SSG 08 | Тропическая гроза
popup.js:361 -------------------------------------------------------
popup.js:345 DecodeNegev | Калифорнийский камуфляж
popup.js:346 NoDecodeNegev | Калифорнийский камуфляж
popup.js:355 Box price is -----------------------297,68 pуб.---------------------------------
popup.js:356 URLDECODE=https://steamcommunity.com/market/search?q=Negev%20%7C%20%D0%9A%D0%B0%D0%BB%D0%B8%D1%84%D0%BE%D1%80%D0%BD%D0%B8%D0%B9%D1%81%D0%BA%D0%B8%D0%B9%20%D0%BA%D0%B0%D0%BC%D1%83%D1%84%D0%BB%D1%8F%D0%B6
popup.js:360 price is --------157,33 pуб.--------  || and Name is Negev | Калифорнийский камуфляж
popup.js:361 -------------------------------------------------------
popup.js:345 DecodeSG 553 | Крокодиловая сетка
popup.js:346 NoDecodeSG 553 | Крокодиловая сетка
popup.js:355 Box price is -----------------------297,68 pуб.---------------------------------
popup.js:356 URLDECODE=https://steamcommunity.com/market/search?q=SG%20553%20%7C%20%D0%9A%D1%80%D0%BE%D0%BA%D0%BE%D0%B4%D0%B8%D0%BB%D0%BE%D0%B2%D0%B0%D1%8F%20%D1%81%D0%B5%D1%82%D0%BA%D0%B0
popup.js:360 price is --------124,59 pуб.--------  || and Name is SG 553 | Крокодиловая сетка
popup.js:361 -------------------------------------------------------
popup.js:345 DecodeMP9 | Хот-род
popup.js:346 NoDecodeMP9 | Хот-род
popup.js:355 Box price is -----------------------297,68 pуб.---------------------------------
popup.js:356 URLDECODE=https://steamcommunity.com/market/search?q=MP9%20%7C%20%D0%A5%D0%BE%D1%82-%D1%80%D0%BE%D0%B4
popup.js:360 price is --------988,16 pуб.--------  || and Name is MP9 | Хот-род
popup.js:361 -------------------------------------------------------
popup.js:345 DecodeUMP-45 | Пламя
popup.js:346 NoDecodeUMP-45 | Пламя
popup.js:355 Box price is -----------------------297,68 pуб.---------------------------------
popup.js:356 URLDECODE=https://steamcommunity.com/market/search?q=UMP-45%20%7C%20%D0%9F%D0%BB%D0%B0%D0%BC%D1%8F
popup.js:360 price is --------2658,07 pуб.--------  || and Name is UMP-45 | Пламя
popup.js:361 -------------------------------------------------------
popup.js:345 DecodeMAC-10 | Янтарный градиент
popup.js:346 NoDecodeMAC-10 | Янтарный градиент
popup.js:355 Box price is -----------------------297,68 pуб.---------------------------------
popup.js:356 URLDECODE=https://steamcommunity.com/market/search?q=MAC-10%20%7C%20%D0%AF%D0%BD%D1%82%D0%B0%D1%80%D0%BD%D1%8B%D0%B9%20%D0%B3%D1%80%D0%B0%D0%B4%D0%B8%D0%B5%D0%BD%D1%82
popup.js:360 price is --------762,41 pуб.--------  || and Name is MAC-10 | Янтарный градиент
popup.js:361 -------------------------------------------------------
popup.js:345 DecodeMAG-7 | Бульдозер
popup.js:346 NoDecodeMAG-7 | Бульдозер
popup.js:355 Box price is -----------------------297,68 pуб.---------------------------------
popup.js:356 URLDECODE=https://steamcommunity.com/market/search?q=MAG-7%20%7C%20%D0%91%D1%83%D0%BB%D1%8C%D0%B4%D0%BE%D0%B7%D0%B5%D1%80
popup.js:360 price is --------94,19 pуб.--------  || and Name is MAG-7 | Бульдозер
popup.js:361 -------------------------------------------------------
popup.js:297 +++++++++++++++++++++++++++++++++++++++++++++++++++++++++++++++
popup.js:298 +++++++++++++++++++++++++++++++++++++++++++++++++++++++++++++++
popup.js:299 +++++++++++++++++++++++++++++++++++++++++++++++++++++++++++++++
popup.js:300 this is https://steamcommunity.com/market/listings/730/Boston%202018%20Inferno%20Souvenir%20Package
popup.js:307 start
popup.js:323 NoDecodeMAG-7 | Песчаные дюны
popup.js:323 NoDecodeNova | Грецкий орех
popup.js:323 NoDecodeP250 | Пороховой дым
popup.js:323 NoDecodeM4A4 | Смерч
popup.js:323 NoDecodeDual Berettas | Анодированная синева
popup.js:323 NoDecodeTec-9 | Латунь
popup.js:328 6
popup.js:329 (6) ["MAG-7 | Песчаные дюны", "Nova | Грецкий орех", "P250 | Пороховой дым", "M4A4 | Смерч", "Dual Berettas | Анодированная синева", "Tec-9 | Латунь"]
popup.js:345 DecodeMAG-7 | Песчаные дюны
popup.js:346 NoDecodeMAG-7 | Песчаные дюны
popup.js:355 Box price is -----------------------196,09 pуб.---------------------------------
popup.js:356 URLDECODE=https://steamcommunity.com/market/search?q=MAG-7%20%7C%20%D0%9F%D0%B5%D1%81%D1%87%D0%B0%D0%BD%D1%8B%D0%B5%20%D0%B4%D1%8E%D0%BD%D1%8B
popup.js:360 price is --------135,26 pуб.--------  || and Name is MAG-7 | Песчаные дюны
popup.js:361 -------------------------------------------------------
popup.js:345 DecodeNova | Грецкий орех
popup.js:346 NoDecodeNova | Грецкий орех
popup.js:355 Box price is -----------------------196,09 pуб.---------------------------------
popup.js:356 URLDECODE=https://steamcommunity.com/market/search?q=Nova%20%7C%20%D0%93%D1%80%D0%B5%D1%86%D0%BA%D0%B8%D0%B9%20%D0%BE%D1%80%D0%B5%D1%85
popup.js:360 price is --------28,99 pуб.--------  || and Name is Nova | Грецкий орех
popup.js:361 -------------------------------------------------------
popup.js:345 DecodeP250 | Пороховой дым
popup.js:346 NoDecodeP250 | Пороховой дым
popup.js:355 Box price is -----------------------196,09 pуб.---------------------------------
popup.js:356 URLDECODE=https://steamcommunity.com/market/search?q=P250%20%7C%20%D0%9F%D0%BE%D1%80%D0%BE%D1%85%D0%BE%D0%B2%D0%BE%D0%B9%20%D0%B4%D1%8B%D0%BC
popup.js:360 price is --------104,64 pуб.--------  || and Name is P250 | Пороховой дым
popup.js:361 -------------------------------------------------------
popup.js:345 DecodeM4A4 | Смерч
popup.js:346 NoDecodeM4A4 | Смерч
popup.js:355 Box price is -----------------------196,09 pуб.---------------------------------
popup.js:356 URLDECODE=https://steamcommunity.com/market/search?q=M4A4%20%7C%20%D0%A1%D0%BC%D0%B5%D1%80%D1%87
popup.js:360 price is --------144,50 pуб.--------  || and Name is M4A4 | Смерч
popup.js:361 -------------------------------------------------------
popup.js:345 DecodeDual Berettas | Анодированная синева
popup.js:346 NoDecodeDual Berettas | Анодированная синева
popup.js:355 Box price is -----------------------196,09 pуб.---------------------------------
popup.js:356 URLDECODE=https://steamcommunity.com/market/search?q=Dual%20Berettas%20%7C%20%D0%90%D0%BD%D0%BE%D0%B4%D0%B8%D1%80%D0%BE%D0%B2%D0%B0%D0%BD%D0%BD%D0%B0%D1%8F%20%D1%81%D0%B8%D0%BD%D0%B5%D0%B2%D0%B0
popup.js:360 price is --------112,87 pуб.--------  || and Name is Dual Berettas | Анодированная синева
popup.js:361 -------------------------------------------------------
popup.js:345 DecodeTec-9 | Латунь
popup.js:346 NoDecodeTec-9 | Латунь
popup.js:355 Box price is -----------------------196,09 pуб.---------------------------------
popup.js:356 URLDECODE=https://steamcommunity.com/market/search?q=Tec-9%20%7C%20%D0%9B%D0%B0%D1%82%D1%83%D0%BD%D1%8C
popup.js:360 price is --------18,77 pуб.--------  || and Name is Tec-9 | Латунь
popup.js:361 -------------------------------------------------------
popup.js:297 +++++++++++++++++++++++++++++++++++++++++++++++++++++++++++++++
popup.js:298 +++++++++++++++++++++++++++++++++++++++++++++++++++++++++++++++
popup.js:299 +++++++++++++++++++++++++++++++++++++++++++++++++++++++++++++++
popup.js:300 this is https://steamcommunity.com/market/listings/730/London%202018%20Overpass%20Souvenir%20Package
popup.js:307 start
popup.js:323 NoDecodeM249 | Контрастные цвета
popup.js:323 NoDecodeMAG-7 | Гроза
popup.js:323 NoDecodeMP9 | Гроза
popup.js:323 NoDecodeSawed-Off | Белое напыление
popup.js:323 NoDecodeUMP-45 | Сажа
popup.js:323 NoDecodeMP7 | Пороховой дым
popup.js:323 NoDecodeDesert Eagle | Пиксельный камуфляж «Город»
popup.js:323 NoDecodeGlock-18 | Ночь
popup.js:323 NoDecodeP2000 | Цвет луга
popup.js:323 NoDecodeXM1014 | Смешанный синий камуфляж
popup.js:323 NoDecodeSSG 08 | Объезд
popup.js:323 NoDecodeCZ75-Auto | Нитро
popup.js:323 NoDecodeAWP | Пиксельный камуфляж «Розовый»
popup.js:323 NoDecodeUSP-S | Следы асфальта
popup.js:323 NoDecodeM4A1-S | Шедевр
popup.js:328 15
popup.js:329 (15) ["M249 | Контрастные цвета", "MAG-7 | Гроза", "MP9 | Гроза", "Sawed-Off | Белое напыление", "UMP-45 | Сажа", "MP7 | Пороховой дым", "Desert Eagle | Пиксельный камуфляж «Город»", "Glock-18 | Ночь", "P2000 | Цвет луга", "XM1014 | Смешанный синий камуфляж", "SSG 08 | Объезд", "CZ75-Auto | Нитро", "AWP | Пиксельный камуфляж «Розовый»", "USP-S | Следы асфальта", "M4A1-S | Шедевр"]
popup.js:345 DecodeM249 | Контрастные цвета
popup.js:346 NoDecodeM249 | Контрастные цвета
popup.js:355 Box price is -----------------------316,59 pуб.---------------------------------
popup.js:356 URLDECODE=https://steamcommunity.com/market/search?q=M249%20%7C%20%D0%9A%D0%BE%D0%BD%D1%82%D1%80%D0%B0%D1%81%D1%82%D0%BD%D1%8B%D0%B5%20%D1%86%D0%B2%D0%B5%D1%82%D0%B0
popup.js:360 price is --------3,99 pуб.--------  || and Name is M249 | Контрастные цвета
popup.js:361 -------------------------------------------------------
popup.js:345 DecodeMAG-7 | Гроза
popup.js:346 NoDecodeMAG-7 | Гроза
popup.js:355 Box price is -----------------------316,59 pуб.---------------------------------
popup.js:356 URLDECODE=https://steamcommunity.com/market/search?q=MAG-7%20%7C%20%D0%93%D1%80%D0%BE%D0%B7%D0%B0
popup.js:360 price is --------2,65 pуб.--------  || and Name is MAG-7 | Гроза
popup.js:361 -------------------------------------------------------
popup.js:345 DecodeMP9 | Гроза
popup.js:346 NoDecodeMP9 | Гроза
popup.js:355 Box price is -----------------------316,59 pуб.---------------------------------
popup.js:356 URLDECODE=https://steamcommunity.com/market/search?q=MP9%20%7C%20%D0%93%D1%80%D0%BE%D0%B7%D0%B0
popup.js:360 price is --------3,93 pуб.--------  || and Name is MP9 | Гроза
popup.js:361 -------------------------------------------------------
popup.js:345 DecodeSawed-Off | Белое напыление
popup.js:346 NoDecodeSawed-Off | Белое напыление
popup.js:355 Box price is -----------------------316,59 pуб.---------------------------------
popup.js:356 URLDECODE=https://steamcommunity.com/market/search?q=Sawed-Off%20%7C%20%D0%91%D0%B5%D0%BB%D0%BE%D0%B5%20%D0%BD%D0%B0%D0%BF%D1%8B%D0%BB%D0%B5%D0%BD%D0%B8%D0%B5
popup.js:360 price is --------2,73 pуб.--------  || and Name is Sawed-Off | Белое напыление
popup.js:361 -------------------------------------------------------
popup.js:345 DecodeUMP-45 | Сажа
popup.js:346 NoDecodeUMP-45 | Сажа
popup.js:355 Box price is -----------------------316,59 pуб.---------------------------------
popup.js:356 URLDECODE=https://steamcommunity.com/market/search?q=UMP-45%20%7C%20%D0%A1%D0%B0%D0%B6%D0%B0
popup.js:360 price is --------3,08 pуб.--------  || and Name is UMP-45 | Сажа
popup.js:361 -------------------------------------------------------
popup.js:345 DecodeMP7 | Пороховой дым
popup.js:346 NoDecodeMP7 | Пороховой дым
popup.js:355 Box price is -----------------------316,59 pуб.---------------------------------
popup.js:356 URLDECODE=https://steamcommunity.com/market/search?q=MP7%20%7C%20%D0%9F%D0%BE%D1%80%D0%BE%D1%85%D0%BE%D0%B2%D0%BE%D0%B9%20%D0%B4%D1%8B%D0%BC
popup.js:360 price is --------14,89 pуб.--------  || and Name is MP7 | Пороховой дым
popup.js:361 -------------------------------------------------------
popup.js:345 DecodeDesert Eagle | Пиксельный камуфляж «Город»
popup.js:346 NoDecodeDesert Eagle | Пиксельный камуфляж «Город»
popup.js:355 Box price is -----------------------316,59 pуб.---------------------------------
popup.js:356 URLDECODE=https://steamcommunity.com/market/search?q=Desert%20Eagle%20%7C%20%D0%9F%D0%B8%D0%BA%D1%81%D0%B5%D0%BB%D1%8C%D0%BD%D1%8B%D0%B9%20%D0%BA%D0%B0%D0%BC%D1%83%D1%84%D0%BB%D1%8F%D0%B6%20%C2%AB%D0%93%D0%BE%D1%80%D0%BE%D0%B4%C2%BB
popup.js:360 price is --------41,12 pуб.--------  || and Name is Desert Eagle | Пиксельный камуфляж «Город»
popup.js:361 -------------------------------------------------------
popup.js:345 DecodeGlock-18 | Ночь
popup.js:346 NoDecodeGlock-18 | Ночь
popup.js:355 Box price is -----------------------316,59 pуб.---------------------------------
popup.js:356 URLDECODE=https://steamcommunity.com/market/search?q=Glock-18%20%7C%20%D0%9D%D0%BE%D1%87%D1%8C
popup.js:360 price is --------19,12 pуб.--------  || and Name is Glock-18 | Ночь
popup.js:361 -------------------------------------------------------
popup.js:345 DecodeP2000 | Цвет луга
popup.js:346 NoDecodeP2000 | Цвет луга
popup.js:355 Box price is -----------------------316,59 pуб.---------------------------------
popup.js:356 URLDECODE=https://steamcommunity.com/market/search?q=P2000%20%7C%20%D0%A6%D0%B2%D0%B5%D1%82%20%D0%BB%D1%83%D0%B3%D0%B0
popup.js:360 price is --------18,18 pуб.--------  || and Name is P2000 | Цвет луга
popup.js:361 -------------------------------------------------------
popup.js:345 DecodeXM1014 | Смешанный синий камуфляж
popup.js:346 NoDecodeXM1014 | Смешанный синий камуфляж
popup.js:355 Box price is -----------------------316,59 pуб.---------------------------------
popup.js:356 URLDECODE=https://steamcommunity.com/market/search?q=XM1014%20%7C%20%D0%A1%D0%BC%D0%B5%D1%88%D0%B0%D0%BD%D0%BD%D1%8B%D0%B9%20%D1%81%D0%B8%D0%BD%D0%B8%D0%B9%20%D0%BA%D0%B0%D0%BC%D1%83%D1%84%D0%BB%D1%8F%D0%B6
popup.js:360 price is --------153,94 pуб.--------  || and Name is XM1014 | Смешанный синий камуфляж
popup.js:361 -------------------------------------------------------
popup.js:345 DecodeSSG 08 | Объезд
popup.js:346 NoDecodeSSG 08 | Объезд
popup.js:355 Box price is -----------------------316,59 pуб.---------------------------------
popup.js:356 URLDECODE=https://steamcommunity.com/market/search?q=SSG%2008%20%7C%20%D0%9E%D0%B1%D1%8A%D0%B5%D0%B7%D0%B4
popup.js:360 price is --------204,53 pуб.--------  || and Name is SSG 08 | Объезд
popup.js:361 -------------------------------------------------------
popup.js:345 DecodeCZ75-Auto | Нитро
popup.js:346 NoDecodeCZ75-Auto | Нитро
popup.js:355 Box price is -----------------------316,59 pуб.---------------------------------
popup.js:356 URLDECODE=https://steamcommunity.com/market/search?q=CZ75-Auto%20%7C%20%D0%9D%D0%B8%D1%82%D1%80%D0%BE
popup.js:360 price is --------172,84 pуб.--------  || and Name is CZ75-Auto | Нитро
popup.js:361 -------------------------------------------------------
popup.js:345 DecodeAWP | Пиксельный камуфляж «Розовый»
popup.js:346 NoDecodeAWP | Пиксельный камуфляж «Розовый»
popup.js:355 Box price is -----------------------316,59 pуб.---------------------------------
popup.js:356 URLDECODE=https://steamcommunity.com/market/search?q=AWP%20%7C%20%D0%9F%D0%B8%D0%BA%D1%81%D0%B5%D0%BB%D1%8C%D0%BD%D1%8B%D0%B9%20%D0%BA%D0%B0%D0%BC%D1%83%D1%84%D0%BB%D1%8F%D0%B6%20%C2%AB%D0%A0%D0%BE%D0%B7%D0%BE%D0%B2%D1%8B%D0%B9%C2%BB
popup.js:360 price is --------681,75 pуб.--------  || and Name is AWP | Пиксельный камуфляж «Розовый»
popup.js:361 -------------------------------------------------------
popup.js:345 DecodeUSP-S | Следы асфальта
popup.js:346 NoDecodeUSP-S | Следы асфальта
popup.js:355 Box price is -----------------------316,59 pуб.---------------------------------
popup.js:356 URLDECODE=https://steamcommunity.com/market/search?q=USP-S%20%7C%20%D0%A1%D0%BB%D0%B5%D0%B4%D1%8B%20%D0%B0%D1%81%D1%84%D0%B0%D0%BB%D1%8C%D1%82%D0%B0
popup.js:360 price is --------850,01 pуб.--------  || and Name is USP-S | Следы асфальта
popup.js:361 -------------------------------------------------------
popup.js:345 DecodeM4A1-S | Шедевр
popup.js:346 NoDecodeM4A1-S | Шедевр
popup.js:355 Box price is -----------------------316,59 pуб.---------------------------------
popup.js:356 URLDECODE=https://steamcommunity.com/market/search?q=M4A1-S%20%7C%20%D0%A8%D0%B5%D0%B4%D0%B5%D0%B2%D1%80
popup.js:360 price is --------1175,44 pуб.--------  || and Name is M4A1-S | Шедевр
popup.js:361 -------------------------------------------------------
popup.js:297 +++++++++++++++++++++++++++++++++++++++++++++++++++++++++++++++
popup.js:298 +++++++++++++++++++++++++++++++++++++++++++++++++++++++++++++++
popup.js:299 +++++++++++++++++++++++++++++++++++++++++++++++++++++++++++++++
popup.js:300 this is https://steamcommunity.com/market/listings/730/Cologne%202016%20Cobblestone%20Souvenir%20Package
popup.js:307 start
popup.js:323 NoDecodeP90 | Гроза
popup.js:323 NoDecodeSCAR-20 | Гроза
popup.js:323 NoDecodeDual Berettas | Терн
popup.js:323 NoDecodeMAC-10 | Индиго
popup.js:323 NoDecodeUMP-45 | Индиго
popup.js:323 NoDecodeMAG-7 | Серебро
popup.js:323 NoDecodeNova | Зеленое яблоко
popup.js:323 NoDecodeSawed-Off | Пыльник
popup.js:323 NoDecodeUSP-S | Королевский синий
popup.js:323 NoDecodeP2000 | Кольчуга
popup.js:323 NoDecodeMP9 | Тёмный век
popup.js:323 NoDecodeCZ75-Auto | Чаша
popup.js:323 NoDecodeDesert Eagle | Пищаль
popup.js:323 NoDecodeM4A1-S | Рыцарь
popup.js:323 NoDecodeAWP | История о драконе
popup.js:328 15
popup.js:329 (15) ["P90 | Гроза", "SCAR-20 | Гроза", "Dual Berettas | Терн", "MAC-10 | Индиго", "UMP-45 | Индиго", "MAG-7 | Серебро", "Nova | Зеленое яблоко", "Sawed-Off | Пыльник", "USP-S | Королевский синий", "P2000 | Кольчуга", "MP9 | Тёмный век", "CZ75-Auto | Чаша", "Desert Eagle | Пищаль", "M4A1-S | Рыцарь", "AWP | История о драконе"]
popup.js:345 DecodeP90 | Гроза
popup.js:346 NoDecodeP90 | Гроза
popup.js:355 Box price is -----------------------10562,54 pуб.---------------------------------
popup.js:356 URLDECODE=https://steamcommunity.com/market/search?q=P90%20%7C%20%D0%93%D1%80%D0%BE%D0%B7%D0%B0
popup.js:360 price is --------11,96 pуб.--------  || and Name is P90 | Гроза
popup.js:361 -------------------------------------------------------
popup.js:345 DecodeSCAR-20 | Гроза
popup.js:346 NoDecodeSCAR-20 | Гроза
popup.js:355 Box price is -----------------------10562,54 pуб.---------------------------------
popup.js:356 URLDECODE=https://steamcommunity.com/market/search?q=SCAR-20%20%7C%20%D0%93%D1%80%D0%BE%D0%B7%D0%B0
popup.js:360 price is --------12,29 pуб.--------  || and Name is SCAR-20 | Гроза
popup.js:361 -------------------------------------------------------
popup.js:345 DecodeDual Berettas | Терн
popup.js:346 NoDecodeDual Berettas | Терн
popup.js:355 Box price is -----------------------10562,54 pуб.---------------------------------
popup.js:356 URLDECODE=https://steamcommunity.com/market/search?q=Dual%20Berettas%20%7C%20%D0%A2%D0%B5%D1%80%D0%BD
popup.js:360 price is --------16,26 pуб.--------  || and Name is Dual Berettas | Терн
popup.js:361 -------------------------------------------------------
popup.js:345 DecodeMAC-10 | Индиго
popup.js:346 NoDecodeMAC-10 | Индиго
popup.js:345 DecodeUMP-45 | Индиго
popup.js:346 NoDecodeUMP-45 | Индиго
popup.js:355 Box price is -----------------------10562,54 pуб.---------------------------------
popup.js:356 URLDECODE=https://steamcommunity.com/market/search?q=MAC-10%20%7C%20%D0%98%D0%BD%D0%B4%D0%B8%D0%B3%D0%BE
popup.js:360 price is --------12,76 pуб.--------  || and Name is MAC-10 | Индиго
popup.js:361 -------------------------------------------------------
popup.js:345 DecodeMAG-7 | Серебро
popup.js:346 NoDecodeMAG-7 | Серебро
popup.js:355 Box price is -----------------------10562,54 pуб.---------------------------------
popup.js:356 URLDECODE=https://steamcommunity.com/market/search?q=UMP-45%20%7C%20%D0%98%D0%BD%D0%B4%D0%B8%D0%B3%D0%BE
popup.js:360 price is --------12,71 pуб.--------  || and Name is UMP-45 | Индиго
popup.js:361 -------------------------------------------------------
popup.js:345 DecodeNova | Зеленое яблоко
popup.js:346 NoDecodeNova | Зеленое яблоко
popup.js:355 Box price is -----------------------10562,54 pуб.---------------------------------
popup.js:356 URLDECODE=https://steamcommunity.com/market/search?q=MAG-7%20%7C%20%D0%A1%D0%B5%D1%80%D0%B5%D0%B1%D1%80%D0%BE
popup.js:360 price is --------132 pуб.--------  || and Name is MAG-7 | Серебро
popup.js:361 -------------------------------------------------------
popup.js:355 Box price is -----------------------10562,54 pуб.---------------------------------
popup.js:356 URLDECODE=https://steamcommunity.com/market/search?q=Nova%20%7C%20%D0%97%D0%B5%D0%BB%D0%B5%D0%BD%D0%BE%D0%B5%20%D1%8F%D0%B1%D0%BB%D0%BE%D0%BA%D0%BE
popup.js:360 price is --------106,94 pуб.--------  || and Name is Nova | Зеленое яблоко
popup.js:361 -------------------------------------------------------
popup.js:345 DecodeSawed-Off | Пыльник
popup.js:346 NoDecodeSawed-Off | Пыльник
popup.js:355 Box price is -----------------------10562,54 pуб.---------------------------------
popup.js:356 URLDECODE=https://steamcommunity.com/market/search?q=Sawed-Off%20%7C%20%D0%9F%D1%8B%D0%BB%D1%8C%D0%BD%D0%B8%D0%BA
popup.js:360 price is --------122,44 pуб.--------  || and Name is Sawed-Off | Пыльник
popup.js:361 -------------------------------------------------------
popup.js:345 DecodeUSP-S | Королевский синий
popup.js:346 NoDecodeUSP-S | Королевский синий
popup.js:355 Box price is -----------------------10562,54 pуб.---------------------------------
popup.js:356 URLDECODE=https://steamcommunity.com/market/search?q=USP-S%20%7C%20%D0%9A%D0%BE%D1%80%D0%BE%D0%BB%D0%B5%D0%B2%D1%81%D0%BA%D0%B8%D0%B9%20%D1%81%D0%B8%D0%BD%D0%B8%D0%B9
popup.js:360 price is --------107,95 pуб.--------  || and Name is USP-S | Королевский синий
popup.js:361 -------------------------------------------------------
popup.js:345 DecodeP2000 | Кольчуга
popup.js:346 NoDecodeP2000 | Кольчуга
popup.js:355 Box price is -----------------------10562,54 pуб.---------------------------------
popup.js:356 URLDECODE=https://steamcommunity.com/market/search?q=P2000%20%7C%20%D0%9A%D0%BE%D0%BB%D1%8C%D1%87%D1%83%D0%B3%D0%B0
popup.js:360 price is --------1045 pуб.--------  || and Name is P2000 | Кольчуга
popup.js:361 -------------------------------------------------------
popup.js:345 DecodeMP9 | Тёмный век
popup.js:346 NoDecodeMP9 | Тёмный век
popup.js:355 Box price is -----------------------10562,54 pуб.---------------------------------
popup.js:356 URLDECODE=https://steamcommunity.com/market/search?q=MP9%20%7C%20%D0%A2%D1%91%D0%BC%D0%BD%D1%8B%D0%B9%20%D0%B2%D0%B5%D0%BA
popup.js:360 price is --------1067 pуб.--------  || and Name is MP9 | Тёмный век
popup.js:361 -------------------------------------------------------
popup.js:345 DecodeCZ75-Auto | Чаша
popup.js:346 NoDecodeCZ75-Auto | Чаша
popup.js:355 Box price is -----------------------10562,54 pуб.---------------------------------
popup.js:356 URLDECODE=https://steamcommunity.com/market/search?q=CZ75-Auto%20%7C%20%D0%A7%D0%B0%D1%88%D0%B0
popup.js:360 price is --------6815,22 pуб.--------  || and Name is CZ75-Auto | Чаша
popup.js:361 -------------------------------------------------------
popup.js:345 DecodeDesert Eagle | Пищаль
popup.js:346 NoDecodeDesert Eagle | Пищаль
popup.js:355 Box price is -----------------------10562,54 pуб.---------------------------------
popup.js:356 URLDECODE=https://steamcommunity.com/market/search?q=Desert%20Eagle%20%7C%20%D0%9F%D0%B8%D1%89%D0%B0%D0%BB%D1%8C
popup.js:360 price is --------6133,46 pуб.--------  || and Name is Desert Eagle | Пищаль
popup.js:361 -------------------------------------------------------
popup.js:345 DecodeM4A1-S | Рыцарь
popup.js:346 NoDecodeM4A1-S | Рыцарь
popup.js:355 Box price is -----------------------10562,54 pуб.---------------------------------
popup.js:356 URLDECODE=https://steamcommunity.com/market/search?q=M4A1-S%20%7C%20%D0%A0%D1%8B%D1%86%D0%B0%D1%80%D1%8C
popup.js:360 price is --------41893,80 pуб.--------  || and Name is M4A1-S | Рыцарь
popup.js:361 -------------------------------------------------------
popup.js:345 DecodeAWP | История о драконе
popup.js:346 NoDecodeAWP | История о драконе
popup.js:355 Box price is -----------------------10562,54 pуб.---------------------------------
popup.js:356 URLDECODE=https://steamcommunity.com/market/search?q=AWP%20%7C%20%D0%98%D1%81%D1%82%D0%BE%D1%80%D0%B8%D1%8F%20%D0%BE%20%D0%B4%D1%80%D0%B0%D0%BA%D0%BE%D0%BD%D0%B5
popup.js:360 price is --------71412,93 pуб.--------  || and Name is AWP | История о драконе
popup.js:361 -------------------------------------------------------
popup.js:297 +++++++++++++++++++++++++++++++++++++++++++++++++++++++++++++++
popup.js:298 +++++++++++++++++++++++++++++++++++++++++++++++++++++++++++++++
popup.js:299 +++++++++++++++++++++++++++++++++++++++++++++++++++++++++++++++
popup.js:300 this is https://steamcommunity.com/market/listings/730/Katowice%202019%20Mirage%20Souvenir%20Package
popup.js:307 start
popup.js:323 NoDecodeP250 | Костяная маска
popup.js:323 NoDecodeFive-SeveN | Наемник
popup.js:323 NoDecodeAUG | Колония
popup.js:323 NoDecodeG3SG1 | Африканская сетка
popup.js:323 NoDecodeP90 | Сажа
popup.js:323 NoDecodeGalil AR | Охотничья будка
popup.js:323 NoDecodeGlock-18 | Грунтовая вода
popup.js:323 NoDecodeMP7 | Апельсиновая корка
popup.js:323 NoDecodeSSG 08 | Тропическая гроза
popup.js:323 NoDecodeNegev | Калифорнийский камуфляж
popup.js:323 NoDecodeSG 553 | Крокодиловая сетка
popup.js:323 NoDecodeMP9 | Хот-род
popup.js:323 NoDecodeUMP-45 | Пламя
popup.js:323 NoDecodeMAC-10 | Янтарный градиент
popup.js:323 NoDecodeMAG-7 | Бульдозер
popup.js:328 15
popup.js:329 (15) ["P250 | Костяная маска", "Five-SeveN | Наемник", "AUG | Колония", "G3SG1 | Африканская сетка", "P90 | Сажа", "Galil AR | Охотничья будка", "Glock-18 | Грунтовая вода", "MP7 | Апельсиновая корка", "SSG 08 | Тропическая гроза", "Negev | Калифорнийский камуфляж", "SG 553 | Крокодиловая сетка", "MP9 | Хот-род", "UMP-45 | Пламя", "MAC-10 | Янтарный градиент", "MAG-7 | Бульдозер"]
popup.js:345 DecodeP250 | Костяная маска
popup.js:346 NoDecodeP250 | Костяная маска
popup.js:355 Box price is -----------------------239,12 pуб.---------------------------------
popup.js:356 URLDECODE=https://steamcommunity.com/market/search?q=P250%20%7C%20%D0%9A%D0%BE%D1%81%D1%82%D1%8F%D0%BD%D0%B0%D1%8F%20%D0%BC%D0%B0%D1%81%D0%BA%D0%B0
popup.js:360 price is --------16,23 pуб.--------  || and Name is P250 | Костяная маска
popup.js:361 -------------------------------------------------------
popup.js:345 DecodeFive-SeveN | Наемник
popup.js:346 NoDecodeFive-SeveN | Наемник
popup.js:355 Box price is -----------------------239,12 pуб.---------------------------------
popup.js:356 URLDECODE=https://steamcommunity.com/market/search?q=Five-SeveN%20%7C%20%D0%9D%D0%B0%D0%B5%D0%BC%D0%BD%D0%B8%D0%BA
popup.js:360 price is --------19,59 pуб.--------  || and Name is Five-SeveN | Наемник
popup.js:361 -------------------------------------------------------
popup.js:345 DecodeAUG | Колония
popup.js:346 NoDecodeAUG | Колония
popup.js:355 Box price is -----------------------239,12 pуб.---------------------------------
popup.js:356 URLDECODE=https://steamcommunity.com/market/search?q=AUG%20%7C%20%D0%9A%D0%BE%D0%BB%D0%BE%D0%BD%D0%B8%D1%8F
popup.js:360 price is --------16,30 pуб.--------  || and Name is AUG | Колония
popup.js:361 -------------------------------------------------------
popup.js:345 DecodeG3SG1 | Африканская сетка
popup.js:346 NoDecodeG3SG1 | Африканская сетка
popup.js:355 Box price is -----------------------239,12 pуб.---------------------------------
popup.js:356 URLDECODE=https://steamcommunity.com/market/search?q=G3SG1%20%7C%20%D0%90%D1%84%D1%80%D0%B8%D0%BA%D0%B0%D0%BD%D1%81%D0%BA%D0%B0%D1%8F%20%D1%81%D0%B5%D1%82%D0%BA%D0%B0
popup.js:360 price is --------84,63 pуб.--------  || and Name is G3SG1 | Африканская сетка
popup.js:361 -------------------------------------------------------
popup.js:345 DecodeP90 | Сажа
popup.js:346 NoDecodeP90 | Сажа
popup.js:355 Box price is -----------------------239,12 pуб.---------------------------------
popup.js:356 URLDECODE=https://steamcommunity.com/market/search?q=P90%20%7C%20%D0%A1%D0%B0%D0%B6%D0%B0
popup.js:360 price is --------12,76 pуб.--------  || and Name is P90 | Сажа
popup.js:361 -------------------------------------------------------
popup.js:345 DecodeGalil AR | Охотничья будка
popup.js:346 NoDecodeGalil AR | Охотничья будка
popup.js:355 Box price is -----------------------239,12 pуб.---------------------------------
popup.js:356 URLDECODE=https://steamcommunity.com/market/search?q=Galil%20AR%20%7C%20%D0%9E%D1%85%D0%BE%D1%82%D0%BD%D0%B8%D1%87%D1%8C%D1%8F%20%D0%B1%D1%83%D0%B4%D0%BA%D0%B0
popup.js:360 price is --------33,55 pуб.--------  || and Name is Galil AR | Охотничья будка
popup.js:361 -------------------------------------------------------
popup.js:345 DecodeGlock-18 | Грунтовая вода
popup.js:346 NoDecodeGlock-18 | Грунтовая вода
popup.js:355 Box price is -----------------------239,12 pуб.---------------------------------
popup.js:356 URLDECODE=https://steamcommunity.com/market/search?q=Glock-18%20%7C%20%D0%93%D1%80%D1%83%D0%BD%D1%82%D0%BE%D0%B2%D0%B0%D1%8F%20%D0%B2%D0%BE%D0%B4%D0%B0
popup.js:360 price is --------123,25 pуб.--------  || and Name is Glock-18 | Грунтовая вода
popup.js:361 -------------------------------------------------------
popup.js:345 DecodeMP7 | Апельсиновая корка
popup.js:346 NoDecodeMP7 | Апельсиновая корка
popup.js:355 Box price is -----------------------239,12 pуб.---------------------------------
popup.js:356 URLDECODE=https://steamcommunity.com/market/search?q=MP7%20%7C%20%D0%90%D0%BF%D0%B5%D0%BB%D1%8C%D1%81%D0%B8%D0%BD%D0%BE%D0%B2%D0%B0%D1%8F%20%D0%BA%D0%BE%D1%80%D0%BA%D0%B0
popup.js:360 price is --------108,25 pуб.--------  || and Name is MP7 | Апельсиновая корка
popup.js:361 -------------------------------------------------------
popup.js:345 DecodeSSG 08 | Тропическая гроза
popup.js:346 NoDecodeSSG 08 | Тропическая гроза
popup.js:355 Box price is -----------------------239,12 pуб.---------------------------------
popup.js:356 URLDECODE=https://steamcommunity.com/market/search?q=SSG%2008%20%7C%20%D0%A2%D1%80%D0%BE%D0%BF%D0%B8%D1%87%D0%B5%D1%81%D0%BA%D0%B0%D1%8F%20%D0%B3%D1%80%D0%BE%D0%B7%D0%B0
popup.js:360 price is --------106,38 pуб.--------  || and Name is SSG 08 | Тропическая гроза
popup.js:361 -------------------------------------------------------
popup.js:345 DecodeNegev | Калифорнийский камуфляж
popup.js:346 NoDecodeNegev | Калифорнийский камуфляж
popup.js:355 Box price is -----------------------239,12 pуб.---------------------------------
popup.js:356 URLDECODE=https://steamcommunity.com/market/search?q=Negev%20%7C%20%D0%9A%D0%B0%D0%BB%D0%B8%D1%84%D0%BE%D1%80%D0%BD%D0%B8%D0%B9%D1%81%D0%BA%D0%B8%D0%B9%20%D0%BA%D0%B0%D0%BC%D1%83%D1%84%D0%BB%D1%8F%D0%B6
popup.js:360 price is --------157,33 pуб.--------  || and Name is Negev | Калифорнийский камуфляж
popup.js:361 -------------------------------------------------------
popup.js:345 DecodeSG 553 | Крокодиловая сетка
popup.js:346 NoDecodeSG 553 | Крокодиловая сетка
popup.js:355 Box price is -----------------------239,12 pуб.---------------------------------
popup.js:356 URLDECODE=https://steamcommunity.com/market/search?q=SG%20553%20%7C%20%D0%9A%D1%80%D0%BE%D0%BA%D0%BE%D0%B4%D0%B8%D0%BB%D0%BE%D0%B2%D0%B0%D1%8F%20%D1%81%D0%B5%D1%82%D0%BA%D0%B0
popup.js:360 price is --------124,59 pуб.--------  || and Name is SG 553 | Крокодиловая сетка
popup.js:361 -------------------------------------------------------
popup.js:345 DecodeMP9 | Хот-род
popup.js:346 NoDecodeMP9 | Хот-род
popup.js:355 Box price is -----------------------239,12 pуб.---------------------------------
popup.js:356 URLDECODE=https://steamcommunity.com/market/search?q=MP9%20%7C%20%D0%A5%D0%BE%D1%82-%D1%80%D0%BE%D0%B4
popup.js:360 price is --------988,16 pуб.--------  || and Name is MP9 | Хот-род
popup.js:361 -------------------------------------------------------
popup.js:345 DecodeUMP-45 | Пламя
popup.js:346 NoDecodeUMP-45 | Пламя
popup.js:355 Box price is -----------------------239,12 pуб.---------------------------------
popup.js:356 URLDECODE=https://steamcommunity.com/market/search?q=UMP-45%20%7C%20%D0%9F%D0%BB%D0%B0%D0%BC%D1%8F
popup.js:360 price is --------2658,07 pуб.--------  || and Name is UMP-45 | Пламя
popup.js:361 -------------------------------------------------------
popup.js:345 DecodeMAC-10 | Янтарный градиент
popup.js:346 NoDecodeMAC-10 | Янтарный градиент
popup.js:355 Box price is -----------------------239,12 pуб.---------------------------------
popup.js:356 URLDECODE=https://steamcommunity.com/market/search?q=MAC-10%20%7C%20%D0%AF%D0%BD%D1%82%D0%B0%D1%80%D0%BD%D1%8B%D0%B9%20%D0%B3%D1%80%D0%B0%D0%B4%D0%B8%D0%B5%D0%BD%D1%82
popup.js:360 price is --------762,41 pуб.--------  || and Name is MAC-10 | Янтарный градиент
popup.js:361 -------------------------------------------------------
popup.js:345 DecodeMAG-7 | Бульдозер
popup.js:346 NoDecodeMAG-7 | Бульдозер
popup.js:355 Box price is -----------------------239,12 pуб.---------------------------------
popup.js:356 URLDECODE=https://steamcommunity.com/market/search?q=MAG-7%20%7C%20%D0%91%D1%83%D0%BB%D1%8C%D0%B4%D0%BE%D0%B7%D0%B5%D1%80
popup.js:360 price is --------94,19 pуб.--------  || and Name is MAG-7 | Бульдозер
popup.js:361 -------------------------------------------------------
popup.js:297 +++++++++++++++++++++++++++++++++++++++++++++++++++++++++++++++
popup.js:298 +++++++++++++++++++++++++++++++++++++++++++++++++++++++++++++++
popup.js:299 +++++++++++++++++++++++++++++++++++++++++++++++++++++++++++++++
popup.js:300 this is https://steamcommunity.com/market/listings/730/Boston%202018%20Train%20Souvenir%20Package
popup.js:307 start
popup.js:323 NoDecodeUMP-45 | Пиксельный камуфляж «Город»
popup.js:323 NoDecodeDual Berettas | Колония
popup.js:323 NoDecodeG3SG1 | Полярный камуфляж
popup.js:323 NoDecodeFive-SeveN | Лесная ночь
popup.js:323 NoDecodeNova | Полярная сетка
popup.js:323 NoDecodeПП-19 Бизон | Городская штриховка
popup.js:323 NoDecodeMAC-10 | Карамельное яблоко
popup.js:323 NoDecodeM4A4 | Пиксельный камуфляж «Город»
popup.js:323 NoDecodeMAG-7 | Пиксельный камуфляж «Металлический»
popup.js:323 NoDecodeP250 | Пиксельный камуфляж «Металлический»
popup.js:323 NoDecodeSCAR-20 | Углепластик
popup.js:323 NoDecodeP90 | Ясень
popup.js:323 NoDecodeDesert Eagle | Городской щебень
popup.js:323 NoDecodeSawed-Off | Янтарный градиент
popup.js:323 NoDecodeTec-9 | Красный кварц
popup.js:328 15
popup.js:329 (15) ["UMP-45 | Пиксельный камуфляж «Город»", "Dual Berettas | Колония", "G3SG1 | Полярный камуфляж", "Five-SeveN | Лесная ночь", "Nova | Полярная сетка", "ПП-19 Бизон | Городская штриховка", "MAC-10 | Карамельное яблоко", "M4A4 | Пиксельный камуфляж «Город»", "MAG-7 | Пиксельный камуфляж «Металлический»", "P250 | Пиксельный камуфляж «Металлический»", "SCAR-20 | Углепластик", "P90 | Ясень", "Desert Eagle | Городской щебень", "Sawed-Off | Янтарный градиент", "Tec-9 | Красный кварц"]
popup.js:345 DecodeUMP-45 | Пиксельный камуфляж «Город»
popup.js:346 NoDecodeUMP-45 | Пиксельный камуфляж «Город»
popup.js:355 Box price is -----------------------177,89 pуб.---------------------------------
popup.js:356 URLDECODE=https://steamcommunity.com/market/search?q=UMP-45%20%7C%20%D0%9F%D0%B8%D0%BA%D1%81%D0%B5%D0%BB%D1%8C%D0%BD%D1%8B%D0%B9%20%D0%BA%D0%B0%D0%BC%D1%83%D1%84%D0%BB%D1%8F%D0%B6%20%C2%AB%D0%93%D0%BE%D1%80%D0%BE%D0%B4%C2%BB
popup.js:360 price is --------0,71 pуб.--------  || and Name is UMP-45 | Пиксельный камуфляж «Город»
popup.js:361 -------------------------------------------------------
popup.js:345 DecodeDual Berettas | Колония
popup.js:346 NoDecodeDual Berettas | Колония
popup.js:355 Box price is -----------------------177,89 pуб.---------------------------------
popup.js:356 URLDECODE=https://steamcommunity.com/market/search?q=Dual%20Berettas%20%7C%20%D0%9A%D0%BE%D0%BB%D0%BE%D0%BD%D0%B8%D1%8F
popup.js:360 price is --------0,70 pуб.--------  || and Name is Dual Berettas | Колония
popup.js:361 -------------------------------------------------------
popup.js:345 DecodeG3SG1 | Полярный камуфляж
popup.js:346 NoDecodeG3SG1 | Полярный камуфляж
popup.js:355 Box price is -----------------------177,89 pуб.---------------------------------
popup.js:356 URLDECODE=https://steamcommunity.com/market/search?q=G3SG1%20%7C%20%D0%9F%D0%BE%D0%BB%D1%8F%D1%80%D0%BD%D1%8B%D0%B9%20%D0%BA%D0%B0%D0%BC%D1%83%D1%84%D0%BB%D1%8F%D0%B6
popup.js:360 price is --------0,71 pуб.--------  || and Name is G3SG1 | Полярный камуфляж
popup.js:361 -------------------------------------------------------
popup.js:345 DecodeFive-SeveN | Лесная ночь
popup.js:346 NoDecodeFive-SeveN | Лесная ночь
popup.js:355 Box price is -----------------------177,89 pуб.---------------------------------
popup.js:356 URLDECODE=https://steamcommunity.com/market/search?q=Five-SeveN%20%7C%20%D0%9B%D0%B5%D1%81%D0%BD%D0%B0%D1%8F%20%D0%BD%D0%BE%D1%87%D1%8C
popup.js:360 price is --------0,88 pуб.--------  || and Name is Five-SeveN | Лесная ночь
popup.js:361 -------------------------------------------------------
popup.js:345 DecodeNova | Полярная сетка
popup.js:346 NoDecodeNova | Полярная сетка
popup.js:355 Box price is -----------------------177,89 pуб.---------------------------------
popup.js:356 URLDECODE=https://steamcommunity.com/market/search?q=Nova%20%7C%20%D0%9F%D0%BE%D0%BB%D1%8F%D1%80%D0%BD%D0%B0%D1%8F%20%D1%81%D0%B5%D1%82%D0%BA%D0%B0
popup.js:360 price is --------0,70 pуб.--------  || and Name is Nova | Полярная сетка
popup.js:361 -------------------------------------------------------
popup.js:345 DecodeПП-19 Бизон | Городская штриховка
popup.js:346 NoDecodeПП-19 Бизон | Городская штриховка
popup.js:355 Box price is -----------------------177,89 pуб.---------------------------------
popup.js:356 URLDECODE=https://steamcommunity.com/market/search?q=%D0%9F%D0%9F-19%20%D0%91%D0%B8%D0%B7%D0%BE%D0%BD%20%7C%20%D0%93%D0%BE%D1%80%D0%BE%D0%B4%D1%81%D0%BA%D0%B0%D1%8F%20%D1%88%D1%82%D1%80%D0%B8%D1%85%D0%BE%D0%B2%D0%BA%D0%B0
popup.js:360 price is --------0,79 pуб.--------  || and Name is ПП-19 Бизон | Городская штриховка
popup.js:361 -------------------------------------------------------
popup.js:345 DecodeMAC-10 | Карамельное яблоко
popup.js:346 NoDecodeMAC-10 | Карамельное яблоко
popup.js:355 Box price is -----------------------177,89 pуб.---------------------------------
popup.js:356 URLDECODE=https://steamcommunity.com/market/search?q=MAC-10%20%7C%20%D0%9A%D0%B0%D1%80%D0%B0%D0%BC%D0%B5%D0%BB%D1%8C%D0%BD%D0%BE%D0%B5%20%D1%8F%D0%B1%D0%BB%D0%BE%D0%BA%D0%BE
popup.js:360 price is --------4,40 pуб.--------  || and Name is MAC-10 | Карамельное яблоко
popup.js:361 -------------------------------------------------------
popup.js:345 DecodeM4A4 | Пиксельный камуфляж «Город»
popup.js:346 NoDecodeM4A4 | Пиксельный камуфляж «Город»
popup.js:355 Box price is -----------------------177,89 pуб.---------------------------------
popup.js:356 URLDECODE=https://steamcommunity.com/market/search?q=M4A4%20%7C%20%D0%9F%D0%B8%D0%BA%D1%81%D0%B5%D0%BB%D1%8C%D0%BD%D1%8B%D0%B9%20%D0%BA%D0%B0%D0%BC%D1%83%D1%84%D0%BB%D1%8F%D0%B6%20%C2%AB%D0%93%D0%BE%D1%80%D0%BE%D0%B4%C2%BB
popup.js:360 price is --------7,21 pуб.--------  || and Name is M4A4 | Пиксельный камуфляж «Город»
popup.js:361 -------------------------------------------------------
popup.js:345 DecodeMAG-7 | Пиксельный камуфляж «Металлический»
popup.js:346 NoDecodeMAG-7 | Пиксельный камуфляж «Металлический»
popup.js:355 Box price is -----------------------177,89 pуб.---------------------------------
popup.js:356 URLDECODE=https://steamcommunity.com/market/search?q=MAG-7%20%7C%20%D0%9F%D0%B8%D0%BA%D1%81%D0%B5%D0%BB%D1%8C%D0%BD%D1%8B%D0%B9%20%D0%BA%D0%B0%D0%BC%D1%83%D1%84%D0%BB%D1%8F%D0%B6%20%C2%AB%D0%9C%D0%B5%D1%82%D0%B0%D0%BB%D0%BB%D0%B8%D1%87%D0%B5%D1%81%D0%BA%D0%B8%D0%B9%C2%BB
popup.js:360 price is --------5,66 pуб.--------  || and Name is MAG-7 | Пиксельный камуфляж «Металлический»
popup.js:361 -------------------------------------------------------
popup.js:345 DecodeP250 | Пиксельный камуфляж «Металлический»
popup.js:346 NoDecodeP250 | Пиксельный камуфляж «Металлический»
popup.js:355 Box price is -----------------------177,89 pуб.---------------------------------
popup.js:356 URLDECODE=https://steamcommunity.com/market/search?q=P250%20%7C%20%D0%9F%D0%B8%D0%BA%D1%81%D0%B5%D0%BB%D1%8C%D0%BD%D1%8B%D0%B9%20%D0%BA%D0%B0%D0%BC%D1%83%D1%84%D0%BB%D1%8F%D0%B6%20%C2%AB%D0%9C%D0%B5%D1%82%D0%B0%D0%BB%D0%BB%D0%B8%D1%87%D0%B5%D1%81%D0%BA%D0%B8%D0%B9%C2%BB
popup.js:360 price is --------6,60 pуб.--------  || and Name is P250 | Пиксельный камуфляж «Металлический»
popup.js:361 -------------------------------------------------------
popup.js:345 DecodeSCAR-20 | Углепластик
popup.js:346 NoDecodeSCAR-20 | Углепластик
popup.js:355 Box price is -----------------------177,89 pуб.---------------------------------
popup.js:356 URLDECODE=https://steamcommunity.com/market/search?q=SCAR-20%20%7C%20%D0%A3%D0%B3%D0%BB%D0%B5%D0%BF%D0%BB%D0%B0%D1%81%D1%82%D0%B8%D0%BA
popup.js:360 price is --------4,44 pуб.--------  || and Name is SCAR-20 | Углепластик
popup.js:361 -------------------------------------------------------
popup.js:345 DecodeP90 | Ясень
popup.js:346 NoDecodeP90 | Ясень
popup.js:355 Box price is -----------------------177,89 pуб.---------------------------------
popup.js:356 URLDECODE=https://steamcommunity.com/market/search?q=P90%20%7C%20%D0%AF%D1%81%D0%B5%D0%BD%D1%8C
popup.js:360 price is --------2,61 pуб.--------  || and Name is P90 | Ясень
popup.js:361 -------------------------------------------------------
popup.js:345 DecodeDesert Eagle | Городской щебень
popup.js:346 NoDecodeDesert Eagle | Городской щебень
popup.js:355 Box price is -----------------------177,89 pуб.---------------------------------
popup.js:356 URLDECODE=https://steamcommunity.com/market/search?q=Desert%20Eagle%20%7C%20%D0%93%D0%BE%D1%80%D0%BE%D0%B4%D1%81%D0%BA%D0%BE%D0%B9%20%D1%89%D0%B5%D0%B1%D0%B5%D0%BD%D1%8C
popup.js:360 price is --------13,33 pуб.--------  || and Name is Desert Eagle | Городской щебень
popup.js:361 -------------------------------------------------------
popup.js:345 DecodeSawed-Off | Янтарный градиент
popup.js:346 NoDecodeSawed-Off | Янтарный градиент
popup.js:355 Box price is -----------------------177,89 pуб.---------------------------------
popup.js:356 URLDECODE=https://steamcommunity.com/market/search?q=Sawed-Off%20%7C%20%D0%AF%D0%BD%D1%82%D0%B0%D1%80%D0%BD%D1%8B%D0%B9%20%D0%B3%D1%80%D0%B0%D0%B4%D0%B8%D0%B5%D0%BD%D1%82
popup.js:360 price is --------10,48 pуб.--------  || and Name is Sawed-Off | Янтарный градиент
popup.js:361 -------------------------------------------------------
popup.js:345 DecodeTec-9 | Красный кварц
popup.js:346 NoDecodeTec-9 | Красный кварц
popup.js:355 Box price is -----------------------177,89 pуб.---------------------------------
popup.js:356 URLDECODE=https://steamcommunity.com/market/search?q=Tec-9%20%7C%20%D0%9A%D1%80%D0%B0%D1%81%D0%BD%D1%8B%D0%B9%20%D0%BA%D0%B2%D0%B0%D1%80%D1%86
popup.js:360 price is --------33 pуб.--------  || and Name is Tec-9 | Красный кварц
popup.js:361 -------------------------------------------------------
popup.js:297 +++++++++++++++++++++++++++++++++++++++++++++++++++++++++++++++
popup.js:298 +++++++++++++++++++++++++++++++++++++++++++++++++++++++++++++++
popup.js:299 +++++++++++++++++++++++++++++++++++++++++++++++++++++++++++++++
popup.js:300 this is https://steamcommunity.com/market/listings/730/Katowice%202019%20Overpass%20Souvenir%20Package
popup.js:307 start
popup.js:323 NoDecodeM249 | Контрастные цвета
popup.js:323 NoDecodeMAG-7 | Гроза
popup.js:323 NoDecodeMP9 | Гроза
popup.js:323 NoDecodeSawed-Off | Белое напыление
popup.js:323 NoDecodeUMP-45 | Сажа
popup.js:323 NoDecodeMP7 | Пороховой дым
popup.js:323 NoDecodeDesert Eagle | Пиксельный камуфляж «Город»
popup.js:323 NoDecodeGlock-18 | Ночь
popup.js:323 NoDecodeP2000 | Цвет луга
popup.js:323 NoDecodeXM1014 | Смешанный синий камуфляж
popup.js:323 NoDecodeSSG 08 | Объезд
popup.js:323 NoDecodeCZ75-Auto | Нитро
popup.js:323 NoDecodeAWP | Пиксельный камуфляж «Розовый»
popup.js:323 NoDecodeUSP-S | Следы асфальта
popup.js:323 NoDecodeM4A1-S | Шедевр
popup.js:328 15
popup.js:329 (15) ["M249 | Контрастные цвета", "MAG-7 | Гроза", "MP9 | Гроза", "Sawed-Off | Белое напыление", "UMP-45 | Сажа", "MP7 | Пороховой дым", "Desert Eagle | Пиксельный камуфляж «Город»", "Glock-18 | Ночь", "P2000 | Цвет луга", "XM1014 | Смешанный синий камуфляж", "SSG 08 | Объезд", "CZ75-Auto | Нитро", "AWP | Пиксельный камуфляж «Розовый»", "USP-S | Следы асфальта", "M4A1-S | Шедевр"]
popup.js:345 DecodeM249 | Контрастные цвета
popup.js:346 NoDecodeM249 | Контрастные цвета
popup.js:355 Box price is -----------------------253,48 pуб.---------------------------------
popup.js:356 URLDECODE=https://steamcommunity.com/market/search?q=M249%20%7C%20%D0%9A%D0%BE%D0%BD%D1%82%D1%80%D0%B0%D1%81%D1%82%D0%BD%D1%8B%D0%B5%20%D1%86%D0%B2%D0%B5%D1%82%D0%B0
popup.js:360 price is --------3,99 pуб.--------  || and Name is M249 | Контрастные цвета
popup.js:361 -------------------------------------------------------
popup.js:345 DecodeMAG-7 | Гроза
popup.js:346 NoDecodeMAG-7 | Гроза
popup.js:355 Box price is -----------------------253,48 pуб.---------------------------------
popup.js:356 URLDECODE=https://steamcommunity.com/market/search?q=MAG-7%20%7C%20%D0%93%D1%80%D0%BE%D0%B7%D0%B0
popup.js:360 price is --------2,65 pуб.--------  || and Name is MAG-7 | Гроза
popup.js:361 -------------------------------------------------------
popup.js:345 DecodeMP9 | Гроза
popup.js:346 NoDecodeMP9 | Гроза
popup.js:355 Box price is -----------------------253,48 pуб.---------------------------------
popup.js:356 URLDECODE=https://steamcommunity.com/market/search?q=MP9%20%7C%20%D0%93%D1%80%D0%BE%D0%B7%D0%B0
popup.js:360 price is --------3,93 pуб.--------  || and Name is MP9 | Гроза
popup.js:361 -------------------------------------------------------
popup.js:345 DecodeSawed-Off | Белое напыление
popup.js:346 NoDecodeSawed-Off | Белое напыление
popup.js:355 Box price is -----------------------253,48 pуб.---------------------------------
popup.js:356 URLDECODE=https://steamcommunity.com/market/search?q=Sawed-Off%20%7C%20%D0%91%D0%B5%D0%BB%D0%BE%D0%B5%20%D0%BD%D0%B0%D0%BF%D1%8B%D0%BB%D0%B5%D0%BD%D0%B8%D0%B5
popup.js:360 price is --------2,73 pуб.--------  || and Name is Sawed-Off | Белое напыление
popup.js:361 -------------------------------------------------------
popup.js:345 DecodeUMP-45 | Сажа
popup.js:346 NoDecodeUMP-45 | Сажа
popup.js:355 Box price is -----------------------253,48 pуб.---------------------------------
popup.js:356 URLDECODE=https://steamcommunity.com/market/search?q=UMP-45%20%7C%20%D0%A1%D0%B0%D0%B6%D0%B0
popup.js:360 price is --------3,08 pуб.--------  || and Name is UMP-45 | Сажа
popup.js:361 -------------------------------------------------------
popup.js:345 DecodeMP7 | Пороховой дым
popup.js:346 NoDecodeMP7 | Пороховой дым
popup.js:355 Box price is -----------------------253,48 pуб.---------------------------------
popup.js:356 URLDECODE=https://steamcommunity.com/market/search?q=MP7%20%7C%20%D0%9F%D0%BE%D1%80%D0%BE%D1%85%D0%BE%D0%B2%D0%BE%D0%B9%20%D0%B4%D1%8B%D0%BC
popup.js:360 price is --------14,89 pуб.--------  || and Name is MP7 | Пороховой дым
popup.js:361 -------------------------------------------------------
popup.js:345 DecodeDesert Eagle | Пиксельный камуфляж «Город»
popup.js:346 NoDecodeDesert Eagle | Пиксельный камуфляж «Город»
popup.js:355 Box price is -----------------------253,48 pуб.---------------------------------
popup.js:356 URLDECODE=https://steamcommunity.com/market/search?q=Desert%20Eagle%20%7C%20%D0%9F%D0%B8%D0%BA%D1%81%D0%B5%D0%BB%D1%8C%D0%BD%D1%8B%D0%B9%20%D0%BA%D0%B0%D0%BC%D1%83%D1%84%D0%BB%D1%8F%D0%B6%20%C2%AB%D0%93%D0%BE%D1%80%D0%BE%D0%B4%C2%BB
popup.js:360 price is --------41,12 pуб.--------  || and Name is Desert Eagle | Пиксельный камуфляж «Город»
popup.js:361 -------------------------------------------------------
popup.js:345 DecodeGlock-18 | Ночь
popup.js:346 NoDecodeGlock-18 | Ночь
popup.js:355 Box price is -----------------------253,48 pуб.---------------------------------
popup.js:356 URLDECODE=https://steamcommunity.com/market/search?q=Glock-18%20%7C%20%D0%9D%D0%BE%D1%87%D1%8C
popup.js:360 price is --------19,12 pуб.--------  || and Name is Glock-18 | Ночь
popup.js:361 -------------------------------------------------------
popup.js:345 DecodeP2000 | Цвет луга
popup.js:346 NoDecodeP2000 | Цвет луга
popup.js:355 Box price is -----------------------253,48 pуб.---------------------------------
popup.js:356 URLDECODE=https://steamcommunity.com/market/search?q=P2000%20%7C%20%D0%A6%D0%B2%D0%B5%D1%82%20%D0%BB%D1%83%D0%B3%D0%B0
popup.js:360 price is --------18,18 pуб.--------  || and Name is P2000 | Цвет луга
popup.js:361 -------------------------------------------------------
popup.js:345 DecodeXM1014 | Смешанный синий камуфляж
popup.js:346 NoDecodeXM1014 | Смешанный синий камуфляж
popup.js:355 Box price is -----------------------253,48 pуб.---------------------------------
popup.js:356 URLDECODE=https://steamcommunity.com/market/search?q=XM1014%20%7C%20%D0%A1%D0%BC%D0%B5%D1%88%D0%B0%D0%BD%D0%BD%D1%8B%D0%B9%20%D1%81%D0%B8%D0%BD%D0%B8%D0%B9%20%D0%BA%D0%B0%D0%BC%D1%83%D1%84%D0%BB%D1%8F%D0%B6
popup.js:360 price is --------153,94 pуб.--------  || and Name is XM1014 | Смешанный синий камуфляж
popup.js:361 -------------------------------------------------------
popup.js:345 DecodeSSG 08 | Объезд
popup.js:346 NoDecodeSSG 08 | Объезд
popup.js:355 Box price is -----------------------253,48 pуб.---------------------------------
popup.js:356 URLDECODE=https://steamcommunity.com/market/search?q=SSG%2008%20%7C%20%D0%9E%D0%B1%D1%8A%D0%B5%D0%B7%D0%B4
popup.js:360 price is --------204,53 pуб.--------  || and Name is SSG 08 | Объезд
popup.js:361 -------------------------------------------------------
popup.js:345 DecodeCZ75-Auto | Нитро
popup.js:346 NoDecodeCZ75-Auto | Нитро
popup.js:355 Box price is -----------------------253,48 pуб.---------------------------------
popup.js:356 URLDECODE=https://steamcommunity.com/market/search?q=CZ75-Auto%20%7C%20%D0%9D%D0%B8%D1%82%D1%80%D0%BE
popup.js:360 price is --------172,84 pуб.--------  || and Name is CZ75-Auto | Нитро
popup.js:361 -------------------------------------------------------
popup.js:345 DecodeAWP | Пиксельный камуфляж «Розовый»
popup.js:346 NoDecodeAWP | Пиксельный камуфляж «Розовый»
popup.js:355 Box price is -----------------------253,48 pуб.---------------------------------
popup.js:356 URLDECODE=https://steamcommunity.com/market/search?q=AWP%20%7C%20%D0%9F%D0%B8%D0%BA%D1%81%D0%B5%D0%BB%D1%8C%D0%BD%D1%8B%D0%B9%20%D0%BA%D0%B0%D0%BC%D1%83%D1%84%D0%BB%D1%8F%D0%B6%20%C2%AB%D0%A0%D0%BE%D0%B7%D0%BE%D0%B2%D1%8B%D0%B9%C2%BB
popup.js:360 price is --------681,75 pуб.--------  || and Name is AWP | Пиксельный камуфляж «Розовый»
popup.js:361 -------------------------------------------------------
popup.js:345 DecodeUSP-S | Следы асфальта
popup.js:346 NoDecodeUSP-S | Следы асфальта
popup.js:355 Box price is -----------------------253,48 pуб.---------------------------------
popup.js:356 URLDECODE=https://steamcommunity.com/market/search?q=USP-S%20%7C%20%D0%A1%D0%BB%D0%B5%D0%B4%D1%8B%20%D0%B0%D1%81%D1%84%D0%B0%D0%BB%D1%8C%D1%82%D0%B0
popup.js:360 price is --------850,01 pуб.--------  || and Name is USP-S | Следы асфальта
popup.js:361 -------------------------------------------------------
popup.js:345 DecodeM4A1-S | Шедевр
popup.js:346 NoDecodeM4A1-S | Шедевр
popup.js:355 Box price is -----------------------253,48 pуб.---------------------------------
popup.js:356 URLDECODE=https://steamcommunity.com/market/search?q=M4A1-S%20%7C%20%D0%A8%D0%B5%D0%B4%D0%B5%D0%B2%D1%80
popup.js:360 price is --------1175,44 pуб.--------  || and Name is M4A1-S | Шедевр
popup.js:361 -------------------------------------------------------
popup.js:297 +++++++++++++++++++++++++++++++++++++++++++++++++++++++++++++++
popup.js:298 +++++++++++++++++++++++++++++++++++++++++++++++++++++++++++++++
popup.js:299 +++++++++++++++++++++++++++++++++++++++++++++++++++++++++++++++
popup.js:300 this is https://steamcommunity.com/market/listings/730/London%202018%20Nuke%20Souvenir%20Package
popup.js:307 start
popup.js:323 NoDecodeПП-19 Бизон | Чертёж объекта
popup.js:323 NoDecodeP250 | Чертёж-планировка
popup.js:323 NoDecodeUMP-45 | Чертёж-гравировка
popup.js:323 NoDecodeFive-SeveN | Хладагент
popup.js:323 NoDecodeNova | Сердечник
popup.js:323 NoDecodeM4A4 | Центральный процессор
popup.js:323 NoDecodeMP7 | Материнская плата
popup.js:323 NoDecodeNegev | Изоляция
popup.js:323 NoDecodeGalil AR | Холодный синтез
popup.js:323 NoDecodeP90 | Чертёж-негатив
popup.js:323 NoDecodeMP5-SD | Сопроцессор
popup.js:323 NoDecodeP250 | Обменник
popup.js:323 NoDecodeAWP | Ахерон
popup.js:323 NoDecodeAUG | Оперативная память
popup.js:323 NoDecodeMAG-7 | Разрушение ядра
popup.js:323 NoDecodeGlock-18 | Ядерный сад
popup.js:323 NoDecodeTec-9 | Удалённый доступ
popup.js:323 NoDecodeM4A1-S | Панель управления
popup.js:328 18
popup.js:329 (18) ["ПП-19 Бизон | Чертёж объекта", "P250 | Чертёж-планировка", "UMP-45 | Чертёж-гравировка", "Five-SeveN | Хладагент", "Nova | Сердечник", "M4A4 | Центральный процессор", "MP7 | Материнская плата", "Negev | Изоляция", "Galil AR | Холодный синтез", "P90 | Чертёж-негатив", "MP5-SD | Сопроцессор", "P250 | Обменник", "AWP | Ахерон", "AUG | Оперативная память", "MAG-7 | Разрушение ядра", "Glock-18 | Ядерный сад", "Tec-9 | Удалённый доступ", "M4A1-S | Панель управления"]
popup.js:345 DecodeПП-19 Бизон | Чертёж объекта
popup.js:346 NoDecodeПП-19 Бизон | Чертёж объекта
popup.js:355 Box price is -----------------------248,69 pуб.---------------------------------
popup.js:356 URLDECODE=https://steamcommunity.com/market/search?q=%D0%9F%D0%9F-19%20%D0%91%D0%B8%D0%B7%D0%BE%D0%BD%20%7C%20%D0%A7%D0%B5%D1%80%D1%82%D1%91%D0%B6%20%D0%BE%D0%B1%D1%8A%D0%B5%D0%BA%D1%82%D0%B0
popup.js:360 price is --------1,08 pуб.--------  || and Name is ПП-19 Бизон | Чертёж объекта
popup.js:361 -------------------------------------------------------
popup.js:345 DecodeP250 | Чертёж-планировка
popup.js:346 NoDecodeP250 | Чертёж-планировка
popup.js:355 Box price is -----------------------248,69 pуб.---------------------------------
popup.js:356 URLDECODE=https://steamcommunity.com/market/search?q=P250%20%7C%20%D0%A7%D0%B5%D1%80%D1%82%D1%91%D0%B6-%D0%BF%D0%BB%D0%B0%D0%BD%D0%B8%D1%80%D0%BE%D0%B2%D0%BA%D0%B0
popup.js:360 price is --------1,11 pуб.--------  || and Name is P250 | Чертёж-планировка
popup.js:361 -------------------------------------------------------
popup.js:345 DecodeUMP-45 | Чертёж-гравировка
popup.js:346 NoDecodeUMP-45 | Чертёж-гравировка
popup.js:355 Box price is -----------------------248,69 pуб.---------------------------------
popup.js:356 URLDECODE=https://steamcommunity.com/market/search?q=UMP-45%20%7C%20%D0%A7%D0%B5%D1%80%D1%82%D1%91%D0%B6-%D0%B3%D1%80%D0%B0%D0%B2%D0%B8%D1%80%D0%BE%D0%B2%D0%BA%D0%B0
popup.js:360 price is --------1,05 pуб.--------  || and Name is UMP-45 | Чертёж-гравировка
popup.js:361 -------------------------------------------------------
popup.js:345 DecodeFive-SeveN | Хладагент
popup.js:346 NoDecodeFive-SeveN | Хладагент
popup.js:355 Box price is -----------------------248,69 pуб.---------------------------------
popup.js:356 URLDECODE=https://steamcommunity.com/market/search?q=Five-SeveN%20%7C%20%D0%A5%D0%BB%D0%B0%D0%B4%D0%B0%D0%B3%D0%B5%D0%BD%D1%82
popup.js:360 price is --------1,37 pуб.--------  || and Name is Five-SeveN | Хладагент
popup.js:361 -------------------------------------------------------
popup.js:345 DecodeNova | Сердечник
popup.js:346 NoDecodeNova | Сердечник
popup.js:355 Box price is -----------------------248,69 pуб.---------------------------------
popup.js:356 URLDECODE=https://steamcommunity.com/market/search?q=Nova%20%7C%20%D0%A1%D0%B5%D1%80%D0%B4%D0%B5%D1%87%D0%BD%D0%B8%D0%BA
popup.js:360 price is --------1,03 pуб.--------  || and Name is Nova | Сердечник
popup.js:361 -------------------------------------------------------
popup.js:345 DecodeM4A4 | Центральный процессор
popup.js:346 NoDecodeM4A4 | Центральный процессор
popup.js:355 Box price is -----------------------248,69 pуб.---------------------------------
popup.js:356 URLDECODE=https://steamcommunity.com/market/search?q=M4A4%20%7C%20%D0%A6%D0%B5%D0%BD%D1%82%D1%80%D0%B0%D0%BB%D1%8C%D0%BD%D1%8B%D0%B9%20%D0%BF%D1%80%D0%BE%D1%86%D0%B5%D1%81%D1%81%D0%BE%D1%80
popup.js:360 price is --------9,92 pуб.--------  || and Name is M4A4 | Центральный процессор
popup.js:361 -------------------------------------------------------
popup.js:345 DecodeMP7 | Материнская плата
popup.js:346 NoDecodeMP7 | Материнская плата
popup.js:355 Box price is -----------------------248,69 pуб.---------------------------------
popup.js:356 URLDECODE=https://steamcommunity.com/market/search?q=MP7%20%7C%20%D0%9C%D0%B0%D1%82%D0%B5%D1%80%D0%B8%D0%BD%D1%81%D0%BA%D0%B0%D1%8F%20%D0%BF%D0%BB%D0%B0%D1%82%D0%B0
popup.js:360 price is --------7,79 pуб.--------  || and Name is MP7 | Материнская плата
popup.js:361 -------------------------------------------------------
popup.js:345 DecodeNegev | Изоляция
popup.js:346 NoDecodeNegev | Изоляция
popup.js:355 Box price is -----------------------248,69 pуб.---------------------------------
popup.js:356 URLDECODE=https://steamcommunity.com/market/search?q=Negev%20%7C%20%D0%98%D0%B7%D0%BE%D0%BB%D1%8F%D1%86%D0%B8%D1%8F
popup.js:360 price is --------8,36 pуб.--------  || and Name is Negev | Изоляция
popup.js:361 -------------------------------------------------------
popup.js:345 DecodeGalil AR | Холодный синтез
popup.js:346 NoDecodeGalil AR | Холодный синтез
popup.js:355 Box price is -----------------------248,69 pуб.---------------------------------
popup.js:356 URLDECODE=https://steamcommunity.com/market/search?q=Galil%20AR%20%7C%20%D0%A5%D0%BE%D0%BB%D0%BE%D0%B4%D0%BD%D1%8B%D0%B9%20%D1%81%D0%B8%D0%BD%D1%82%D0%B5%D0%B7
popup.js:360 price is --------11,75 pуб.--------  || and Name is Galil AR | Холодный синтез
popup.js:361 -------------------------------------------------------
popup.js:345 DecodeP90 | Чертёж-негатив
popup.js:346 NoDecodeP90 | Чертёж-негатив
popup.js:355 Box price is -----------------------248,69 pуб.---------------------------------
popup.js:356 URLDECODE=https://steamcommunity.com/market/search?q=P90%20%7C%20%D0%A7%D0%B5%D1%80%D1%82%D1%91%D0%B6-%D0%BD%D0%B5%D0%B3%D0%B0%D1%82%D0%B8%D0%B2
popup.js:360 price is --------23,44 pуб.--------  || and Name is P90 | Чертёж-негатив
popup.js:361 -------------------------------------------------------
popup.js:345 DecodeMP5-SD | Сопроцессор
popup.js:346 NoDecodeMP5-SD | Сопроцессор
popup.js:355 Box price is -----------------------248,69 pуб.---------------------------------
popup.js:356 URLDECODE=https://steamcommunity.com/market/search?q=MP5-SD%20%7C%20%D0%A1%D0%BE%D0%BF%D1%80%D0%BE%D1%86%D0%B5%D1%81%D1%81%D0%BE%D1%80
popup.js:360 price is --------39,74 pуб.--------  || and Name is MP5-SD | Сопроцессор
popup.js:361 -------------------------------------------------------
popup.js:345 DecodeP250 | Обменник
popup.js:346 NoDecodeP250 | Обменник
popup.js:355 Box price is -----------------------248,69 pуб.---------------------------------
popup.js:356 URLDECODE=https://steamcommunity.com/market/search?q=P250%20%7C%20%D0%9E%D0%B1%D0%BC%D0%B5%D0%BD%D0%BD%D0%B8%D0%BA
popup.js:360 price is --------27,63 pуб.--------  || and Name is P250 | Обменник
popup.js:361 -------------------------------------------------------
popup.js:345 DecodeAWP | Ахерон
popup.js:346 NoDecodeAWP | Ахерон
popup.js:355 Box price is -----------------------248,69 pуб.---------------------------------
popup.js:356 URLDECODE=https://steamcommunity.com/market/search?q=AWP%20%7C%20%D0%90%D1%85%D0%B5%D1%80%D0%BE%D0%BD
popup.js:360 price is --------229,57 pуб.--------  || and Name is AWP | Ахерон
popup.js:361 -------------------------------------------------------
popup.js:345 DecodeAUG | Оперативная память
popup.js:346 NoDecodeAUG | Оперативная память
popup.js:355 Box price is -----------------------248,69 pуб.---------------------------------
popup.js:356 URLDECODE=https://steamcommunity.com/market/search?q=AUG%20%7C%20%D0%9E%D0%BF%D0%B5%D1%80%D0%B0%D1%82%D0%B8%D0%B2%D0%BD%D0%B0%D1%8F%20%D0%BF%D0%B0%D0%BC%D1%8F%D1%82%D1%8C
popup.js:360 price is --------52,51 pуб.--------  || and Name is AUG | Оперативная память
popup.js:361 -------------------------------------------------------
popup.js:345 DecodeMAG-7 | Разрушение ядра
popup.js:346 NoDecodeMAG-7 | Разрушение ядра
popup.js:355 Box price is -----------------------248,69 pуб.---------------------------------
popup.js:356 URLDECODE=https://steamcommunity.com/market/search?q=MAG-7%20%7C%20%D0%A0%D0%B0%D0%B7%D1%80%D1%83%D1%88%D0%B5%D0%BD%D0%B8%D0%B5%20%D1%8F%D0%B4%D1%80%D0%B0
popup.js:360 price is --------32,13 pуб.--------  || and Name is MAG-7 | Разрушение ядра
popup.js:361 -------------------------------------------------------
popup.js:345 DecodeGlock-18 | Ядерный сад
popup.js:346 NoDecodeGlock-18 | Ядерный сад
popup.js:355 Box price is -----------------------248,69 pуб.---------------------------------
popup.js:356 URLDECODE=https://steamcommunity.com/market/search?q=Glock-18%20%7C%20%D0%AF%D0%B4%D0%B5%D1%80%D0%BD%D1%8B%D0%B9%20%D1%81%D0%B0%D0%B4
popup.js:360 price is --------420,04 pуб.--------  || and Name is Glock-18 | Ядерный сад
popup.js:361 -------------------------------------------------------
popup.js:345 DecodeTec-9 | Удалённый доступ
popup.js:346 NoDecodeTec-9 | Удалённый доступ
popup.js:355 Box price is -----------------------248,69 pуб.---------------------------------
popup.js:356 URLDECODE=https://steamcommunity.com/market/search?q=Tec-9%20%7C%20%D0%A3%D0%B4%D0%B0%D0%BB%D1%91%D0%BD%D0%BD%D1%8B%D0%B9%20%D0%B4%D0%BE%D1%81%D1%82%D1%83%D0%BF
popup.js:360 price is --------128,92 pуб.--------  || and Name is Tec-9 | Удалённый доступ
popup.js:361 -------------------------------------------------------
popup.js:345 DecodeM4A1-S | Панель управления
popup.js:346 NoDecodeM4A1-S | Панель управления
popup.js:355 Box price is -----------------------248,69 pуб.---------------------------------
popup.js:356 URLDECODE=https://steamcommunity.com/market/search?q=M4A1-S%20%7C%20%D0%9F%D0%B0%D0%BD%D0%B5%D0%BB%D1%8C%20%D1%83%D0%BF%D1%80%D0%B0%D0%B2%D0%BB%D0%B5%D0%BD%D0%B8%D1%8F
popup.js:360 price is --------505,75 pуб.--------  || and Name is M4A1-S | Панель управления
popup.js:361 -------------------------------------------------------
